<?xml version="1.0" encoding="UTF-8"?>
<robot generator="Robot 5.0.1 (Python 3.10.7 on win32)" generated="20230112 15:36:27.836" rpa="false" schemaversion="3">
<suite id="s1" name="dynamicSectionOptimisation" source="C:\Users\LionelMambingo\Documents\Gozem automation\projects\dynamicSectionOptimisation.robot">
<test id="s1-t1" name="open food service" line="15">
<kw name="Open Application" library="AppiumLibrary">
<arg>http://localhost:4723/wd/hub</arg>
<arg>platformName=${platformName}</arg>
<arg>deviceName=${device-id}</arg>
<arg>appPackage=com.gozem</arg>
<arg>appActivity=com.elluminati.eber.SplashScreenActivity</arg>
<doc>Opens a new application to given Appium server.
Capabilities of appium server, Android and iOS,
Please check https://github.com/appium/appium/blob/master/docs/en/writing-running-appium/server-args.md
| *Option*            | *Man.* | *Description*     |
| remote_url          | Yes    | Appium server url |
| alias               | no     | alias             |</doc>
<status status="PASS" starttime="20230112 15:36:28.089" endtime="20230112 15:36:39.606"/>
</kw>
<kw name="Wait Until Element Is Visible" library="AppiumLibrary">
<arg>//android.widget.Button[contains(@text, "Allow")]</arg>
<arg>timeout=60</arg>
<doc>Waits until element specified with `locator` is visible.</doc>
<status status="PASS" starttime="20230112 15:36:39.606" endtime="20230112 15:36:40.994"/>
</kw>
<kw name="Click Button" library="AppiumLibrary">
<arg>Allow</arg>
<doc>Click button</doc>
<msg timestamp="20230112 15:36:41.060" level="INFO">'Allow'.</msg>
<msg timestamp="20230112 15:36:41.113" level="INFO">Clicking element 'Allow'.</msg>
<status status="PASS" starttime="20230112 15:36:40.994" endtime="20230112 15:36:41.177"/>
</kw>
<kw name="Wait Until Element Is Visible" library="AppiumLibrary">
<arg>//android.widget.Button[contains(@text, "AUTORISER")]</arg>
<arg>timeout=20</arg>
<doc>Waits until element specified with `locator` is visible.</doc>
<status status="PASS" starttime="20230112 15:36:41.178" endtime="20230112 15:36:43.597"/>
</kw>
<kw name="Click Button" library="AppiumLibrary">
<arg>AUTORISER</arg>
<doc>Click button</doc>
<msg timestamp="20230112 15:36:43.651" level="INFO">'AUTORISER'.</msg>
<msg timestamp="20230112 15:36:43.694" level="INFO">Clicking element 'AUTORISER'.</msg>
<status status="PASS" starttime="20230112 15:36:43.613" endtime="20230112 15:36:43.770"/>
</kw>
<kw name="Wait Until Element Is Visible" library="AppiumLibrary">
<arg>//android.widget.Button[contains(@text, 'While using the app')]</arg>
<arg>timeout=10</arg>
<doc>Waits until element specified with `locator` is visible.</doc>
<status status="PASS" starttime="20230112 15:36:43.770" endtime="20230112 15:36:45.023"/>
</kw>
<kw name="Click Button" library="AppiumLibrary">
<arg>While using the app</arg>
<doc>Click button</doc>
<msg timestamp="20230112 15:36:45.087" level="INFO">'While using the app'.</msg>
<msg timestamp="20230112 15:36:45.128" level="INFO">Clicking element 'While using the app'.</msg>
<status status="PASS" starttime="20230112 15:36:45.023" endtime="20230112 15:36:45.174"/>
</kw>
<kw name="Sleep" library="BuiltIn">
<arg>10</arg>
<doc>Pauses the test executed for the given time.</doc>
<msg timestamp="20230112 15:36:55.192" level="INFO">Slept 10 seconds</msg>
<status status="PASS" starttime="20230112 15:36:45.189" endtime="20230112 15:36:55.193"/>
</kw>
<kw name="Input Text" library="AppiumLibrary">
<arg>//android.widget.EditText[contains(@resource-id, 'com.gozem:id/etContactNumber')]</arg>
<arg>${number}</arg>
<doc>Types the given `text` into text field identified by `locator`.</doc>
<msg timestamp="20230112 15:36:55.193" level="INFO">Typing text '696360062' into text field '//android.widget.EditText[contains(@resource-id, 'com.gozem:id/etContactNumber')]'</msg>
<status status="PASS" starttime="20230112 15:36:55.193" endtime="20230112 15:36:56.065"/>
</kw>
<kw name="Click Element" library="AppiumLibrary">
<arg>//android.widget.TextView[contains(@resource-id, 'com.gozem:id/btnSignIn')]</arg>
<doc>Click element identified by `locator`.</doc>
<msg timestamp="20230112 15:36:56.065" level="INFO">Clicking element '//android.widget.TextView[contains(@resource-id, 'com.gozem:id/btnSignIn')]'.</msg>
<status status="PASS" starttime="20230112 15:36:56.065" endtime="20230112 15:36:56.835"/>
</kw>
<kw name="Wait Until Element Is Visible" library="AppiumLibrary">
<arg>//android.widget.EditText[contains(@resource-id,'com.gozem:id/etPassword')]</arg>
<arg>timeout=6</arg>
<doc>Waits until element specified with `locator` is visible.</doc>
<status status="PASS" starttime="20230112 15:36:56.835" endtime="20230112 15:36:58.561"/>
</kw>
<kw name="Input Text" library="AppiumLibrary">
<arg>//android.widget.EditText[contains(@resource-id,'com.gozem:id/etPassword')]</arg>
<arg>${password}</arg>
<doc>Types the given `text` into text field identified by `locator`.</doc>
<msg timestamp="20230112 15:36:58.577" level="INFO">Typing text 'Lionelruto20' into text field '//android.widget.EditText[contains(@resource-id,'com.gozem:id/etPassword')]'</msg>
<status status="PASS" starttime="20230112 15:36:58.561" endtime="20230112 15:36:59.249"/>
</kw>
<kw name="Click Element" library="AppiumLibrary">
<arg>//android.widget.Button[contains(@resource-id,'com.gozem:id/btnConfirm')]</arg>
<doc>Click element identified by `locator`.</doc>
<msg timestamp="20230112 15:36:59.249" level="INFO">Clicking element '//android.widget.Button[contains(@resource-id,'com.gozem:id/btnConfirm')]'.</msg>
<status status="PASS" starttime="20230112 15:36:59.249" endtime="20230112 15:36:59.967"/>
</kw>
<kw name="Sleep" library="BuiltIn">
<arg>9</arg>
<doc>Pauses the test executed for the given time.</doc>
<msg timestamp="20230112 15:37:08.972" level="INFO">Slept 9 seconds</msg>
<status status="PASS" starttime="20230112 15:36:59.967" endtime="20230112 15:37:08.972"/>
</kw>
<kw name="Click Element" library="AppiumLibrary">
<arg>//android.widget.TextView[contains(@text, "Restaurants")]</arg>
<doc>Click element identified by `locator`.</doc>
<msg timestamp="20230112 15:37:08.972" level="INFO">Clicking element '//android.widget.TextView[contains(@text, "Restaurants")]'.</msg>
<status status="PASS" starttime="20230112 15:37:08.972" endtime="20230112 15:37:09.301"/>
</kw>
<kw name="Wait Until Element Is Visible" library="AppiumLibrary">
<arg>//android.widget.TextView[contains(@resource-id,'com.gozem:id/tvTitle')]</arg>
<arg>timeout=15</arg>
<doc>Waits until element specified with `locator` is visible.</doc>
<status status="PASS" starttime="20230112 15:37:09.316" endtime="20230112 15:37:16.335"/>
</kw>
<status status="PASS" starttime="20230112 15:36:28.089" endtime="20230112 15:37:16.335"/>
</test>
<status status="PASS" starttime="20230112 15:36:27.851" endtime="20230112 15:37:16.335"/>
</suite>
<statistics>
<total>
<stat pass="1" fail="0" skip="0">All Tests</stat>
</total>
<tag>
</tag>
<suite>
<stat pass="1" fail="0" skip="0" id="s1" name="dynamicSectionOptimisation">dynamicSectionOptimisation</stat>
</suite>
</statistics>
<errors>
</errors>
</robot>
