<?xml version="1.0" encoding="UTF-8"?>
<robot generator="Robot 5.0.1 (Python 3.10.7 on win32)" generated="20230112 14:50:51.065" rpa="false" schemaversion="3">
<suite id="s1" name="dynamicSectionOptimisation" source="C:\Users\LionelMambingo\Documents\Gozem automation\projects\dynamicSectionOptimisation.robot">
<test id="s1-t1" name="open food service" line="15">
<kw name="Open Application" library="AppiumLibrary">
<arg>http://localhost:4723/wd/hub</arg>
<arg>platformName=${platformName}</arg>
<arg>deviceName=${device-id}</arg>
<arg>appPackage=com.gozem</arg>
<arg>appActivity=com.elluminati.eber.SplashScreenActivity</arg>
<doc>Opens a new application to given Appium server.
Capabilities of appium server, Android and iOS,
Please check https://github.com/appium/appium/blob/master/docs/en/writing-running-appium/server-args.md
| *Option*            | *Man.* | *Description*     |
| remote_url          | Yes    | Appium server url |
| alias               | no     | alias             |</doc>
<status status="PASS" starttime="20230112 14:50:51.330" endtime="20230112 14:51:00.153"/>
</kw>
<kw name="Wait Until Element Is Visible" library="AppiumLibrary">
<arg>//android.widget.Button[contains(@text, "Allow")]</arg>
<arg>timeout=60</arg>
<doc>Waits until element specified with `locator` is visible.</doc>
<status status="PASS" starttime="20230112 14:51:00.154" endtime="20230112 14:51:01.122"/>
</kw>
<kw name="Click Button" library="AppiumLibrary">
<arg>Allow</arg>
<doc>Click button</doc>
<msg timestamp="20230112 14:51:01.182" level="INFO">'Allow'.</msg>
<msg timestamp="20230112 14:51:01.222" level="INFO">Clicking element 'Allow'.</msg>
<status status="PASS" starttime="20230112 14:51:01.122" endtime="20230112 14:51:01.249"/>
</kw>
<kw name="Wait Until Element Is Visible" library="AppiumLibrary">
<arg>//android.widget.Button[contains(@text, "AUTORISER")]</arg>
<arg>timeout=20</arg>
<doc>Waits until element specified with `locator` is visible.</doc>
<status status="PASS" starttime="20230112 14:51:01.249" endtime="20230112 14:51:10.463"/>
</kw>
<kw name="Click Button" library="AppiumLibrary">
<arg>AUTORISER</arg>
<doc>Click button</doc>
<msg timestamp="20230112 14:51:10.501" level="INFO">'AUTORISER'.</msg>
<msg timestamp="20230112 14:51:10.530" level="INFO">Clicking element 'AUTORISER'.</msg>
<status status="PASS" starttime="20230112 14:51:10.464" endtime="20230112 14:51:10.565"/>
</kw>
<kw name="Wait Until Element Is Visible" library="AppiumLibrary">
<arg>//android.widget.Button[contains(@text, 'While using the app')]</arg>
<arg>timeout=10</arg>
<doc>Waits until element specified with `locator` is visible.</doc>
<status status="PASS" starttime="20230112 14:51:10.565" endtime="20230112 14:51:11.667"/>
</kw>
<kw name="Click Button" library="AppiumLibrary">
<arg>While using the app</arg>
<doc>Click button</doc>
<msg timestamp="20230112 14:51:11.714" level="INFO">'While using the app'.</msg>
<msg timestamp="20230112 14:51:11.746" level="INFO">Clicking element 'While using the app'.</msg>
<status status="PASS" starttime="20230112 14:51:11.667" endtime="20230112 14:51:11.797"/>
</kw>
<kw name="Sleep" library="BuiltIn">
<arg>6</arg>
<doc>Pauses the test executed for the given time.</doc>
<msg timestamp="20230112 14:51:17.806" level="INFO">Slept 6 seconds</msg>
<status status="PASS" starttime="20230112 14:51:11.797" endtime="20230112 14:51:17.807"/>
</kw>
<kw name="Input Text" library="AppiumLibrary">
<arg>//android.widget.EditText[contains(@resource-id, 'com.gozem:id/etContactNumber')]</arg>
<arg>${number}</arg>
<doc>Types the given `text` into text field identified by `locator`.</doc>
<msg timestamp="20230112 14:51:17.810" level="INFO">Typing text '696360062' into text field '//android.widget.EditText[contains(@resource-id, 'com.gozem:id/etContactNumber')]'</msg>
<status status="PASS" starttime="20230112 14:51:17.807" endtime="20230112 14:51:17.942"/>
</kw>
<kw name="Click Element" library="AppiumLibrary">
<arg>//android.widget.TextView[contains(@resource-id, 'com.gozem:id/btnSignIn')]</arg>
<doc>Click element identified by `locator`.</doc>
<msg timestamp="20230112 14:51:17.942" level="INFO">Clicking element '//android.widget.TextView[contains(@resource-id, 'com.gozem:id/btnSignIn')]'.</msg>
<status status="PASS" starttime="20230112 14:51:17.942" endtime="20230112 14:51:18.692"/>
</kw>
<kw name="Wait Until Element Is Visible" library="AppiumLibrary">
<arg>//android.widget.EditText[contains(@resource-id,'com.gozem:id/etPassword')]</arg>
<arg>timeout=6</arg>
<doc>Waits until element specified with `locator` is visible.</doc>
<status status="PASS" starttime="20230112 14:51:18.692" endtime="20230112 14:51:20.111"/>
</kw>
<kw name="Input Text" library="AppiumLibrary">
<arg>//android.widget.EditText[contains(@resource-id,'com.gozem:id/etPassword')]</arg>
<arg>${password}</arg>
<doc>Types the given `text` into text field identified by `locator`.</doc>
<msg timestamp="20230112 14:51:20.111" level="INFO">Typing text 'Lionelruto20' into text field '//android.widget.EditText[contains(@resource-id,'com.gozem:id/etPassword')]'</msg>
<status status="PASS" starttime="20230112 14:51:20.111" endtime="20230112 14:51:20.241"/>
</kw>
<kw name="Click Element" library="AppiumLibrary">
<arg>//android.widget.Button[contains(@resource-id,'com.gozem:id/btnConfirm')]</arg>
<doc>Click element identified by `locator`.</doc>
<msg timestamp="20230112 14:51:20.241" level="INFO">Clicking element '//android.widget.Button[contains(@resource-id,'com.gozem:id/btnConfirm')]'.</msg>
<status status="PASS" starttime="20230112 14:51:20.241" endtime="20230112 14:51:20.838"/>
</kw>
<kw name="Sleep" library="BuiltIn">
<arg>9</arg>
<doc>Pauses the test executed for the given time.</doc>
<msg timestamp="20230112 14:51:29.845" level="INFO">Slept 9 seconds</msg>
<status status="PASS" starttime="20230112 14:51:20.838" endtime="20230112 14:51:29.845"/>
</kw>
<kw name="Click Element" library="AppiumLibrary">
<arg>//android.widget.TextView[contains(@text, "e-commerce test")]</arg>
<doc>Click element identified by `locator`.</doc>
<msg timestamp="20230112 14:51:29.846" level="INFO">Clicking element '//android.widget.TextView[contains(@text, "e-commerce test")]'.</msg>
<status status="PASS" starttime="20230112 14:51:29.846" endtime="20230112 14:51:31.863"/>
</kw>
<kw name="Wait Until Element Is Visible" library="AppiumLibrary">
<arg>//android.widget.TextView[contains(@resource-id,'com.gozem:id/tvTitle')]</arg>
<arg>timeout=6</arg>
<doc>Waits until element specified with `locator` is visible.</doc>
<status status="PASS" starttime="20230112 14:51:31.863" endtime="20230112 14:51:36.198"/>
</kw>
<status status="PASS" starttime="20230112 14:50:51.328" endtime="20230112 14:51:36.198"/>
</test>
<status status="PASS" starttime="20230112 14:50:51.065" endtime="20230112 14:51:36.198"/>
</suite>
<statistics>
<total>
<stat pass="1" fail="0" skip="0">All Tests</stat>
</total>
<tag>
</tag>
<suite>
<stat pass="1" fail="0" skip="0" id="s1" name="dynamicSectionOptimisation">dynamicSectionOptimisation</stat>
</suite>
</statistics>
<errors>
</errors>
</robot>
