<?xml version="1.0" encoding="UTF-8"?>
<robot generator="Robot 5.0.1 (Python 3.10.7 on win32)" generated="20230112 14:41:37.226" rpa="false" schemaversion="3">
<suite id="s1" name="dynamicSectionOptimisation" source="C:\Users\LionelMambingo\Documents\Gozem automation\projects\dynamicSectionOptimisation.robot">
<test id="s1-t1" name="open food service" line="15">
<kw name="Open Application" library="AppiumLibrary">
<arg>http://localhost:4723/wd/hub</arg>
<arg>platformName=${platformName}</arg>
<arg>deviceName=${device-id}</arg>
<arg>appPackage=com.gozem</arg>
<arg>appActivity=com.elluminati.eber.SplashScreenActivity</arg>
<doc>Opens a new application to given Appium server.
Capabilities of appium server, Android and iOS,
Please check https://github.com/appium/appium/blob/master/docs/en/writing-running-appium/server-args.md
| *Option*            | *Man.* | *Description*     |
| remote_url          | Yes    | Appium server url |
| alias               | no     | alias             |</doc>
<status status="PASS" starttime="20230112 14:41:37.474" endtime="20230112 14:41:46.224"/>
</kw>
<kw name="Wait Until Element Is Visible" library="AppiumLibrary">
<arg>//android.widget.Button[contains(@text, "Allow")]</arg>
<arg>timeout=60</arg>
<doc>Waits until element specified with `locator` is visible.</doc>
<status status="PASS" starttime="20230112 14:41:46.224" endtime="20230112 14:41:47.217"/>
</kw>
<kw name="Click Button" library="AppiumLibrary">
<arg>Allow</arg>
<doc>Click button</doc>
<msg timestamp="20230112 14:41:47.266" level="INFO">'Allow'.</msg>
<msg timestamp="20230112 14:41:47.300" level="INFO">Clicking element 'Allow'.</msg>
<status status="PASS" starttime="20230112 14:41:47.218" endtime="20230112 14:41:47.332"/>
</kw>
<kw name="Wait Until Element Is Visible" library="AppiumLibrary">
<arg>//android.widget.Button[contains(@text, "AUTORISER")]</arg>
<arg>timeout=20</arg>
<doc>Waits until element specified with `locator` is visible.</doc>
<status status="PASS" starttime="20230112 14:41:47.332" endtime="20230112 14:41:51.224"/>
</kw>
<kw name="Click Button" library="AppiumLibrary">
<arg>AUTORISER</arg>
<doc>Click button</doc>
<msg timestamp="20230112 14:41:51.266" level="INFO">'AUTORISER'.</msg>
<msg timestamp="20230112 14:41:51.298" level="INFO">Clicking element 'AUTORISER'.</msg>
<status status="PASS" starttime="20230112 14:41:51.225" endtime="20230112 14:41:51.318"/>
</kw>
<kw name="Wait Until Element Is Visible" library="AppiumLibrary">
<arg>//android.widget.Button[contains(@text, 'While using the app')]</arg>
<arg>timeout=10</arg>
<doc>Waits until element specified with `locator` is visible.</doc>
<status status="PASS" starttime="20230112 14:41:51.332" endtime="20230112 14:41:52.427"/>
</kw>
<kw name="Click Button" library="AppiumLibrary">
<arg>While using the app</arg>
<doc>Click button</doc>
<msg timestamp="20230112 14:41:52.474" level="INFO">'While using the app'.</msg>
<msg timestamp="20230112 14:41:52.517" level="INFO">Clicking element 'While using the app'.</msg>
<status status="PASS" starttime="20230112 14:41:52.427" endtime="20230112 14:41:52.551"/>
</kw>
<kw name="Sleep" library="BuiltIn">
<arg>6</arg>
<doc>Pauses the test executed for the given time.</doc>
<msg timestamp="20230112 14:41:58.554" level="INFO">Slept 6 seconds</msg>
<status status="PASS" starttime="20230112 14:41:52.551" endtime="20230112 14:41:58.554"/>
</kw>
<kw name="Input Text" library="AppiumLibrary">
<arg>//android.widget.EditText[contains(@resource-id, 'com.gozem:id/etContactNumber')]</arg>
<arg>${number}</arg>
<doc>Types the given `text` into text field identified by `locator`.</doc>
<msg timestamp="20230112 14:41:58.554" level="INFO">Typing text '696360062' into text field '//android.widget.EditText[contains(@resource-id, 'com.gozem:id/etContactNumber')]'</msg>
<status status="PASS" starttime="20230112 14:41:58.554" endtime="20230112 14:41:59.696"/>
</kw>
<kw name="Click Element" library="AppiumLibrary">
<arg>//android.widget.TextView[contains(@resource-id, 'com.gozem:id/btnSignIn')]</arg>
<doc>Click element identified by `locator`.</doc>
<msg timestamp="20230112 14:41:59.696" level="INFO">Clicking element '//android.widget.TextView[contains(@resource-id, 'com.gozem:id/btnSignIn')]'.</msg>
<status status="PASS" starttime="20230112 14:41:59.696" endtime="20230112 14:42:00.465"/>
</kw>
<kw name="Wait Until Element Is Visible" library="AppiumLibrary">
<arg>//android.widget.EditText[contains(@resource-id,'com.gozem:id/etPassword')]</arg>
<arg>timeout=6</arg>
<doc>Waits until element specified with `locator` is visible.</doc>
<status status="PASS" starttime="20230112 14:42:00.478" endtime="20230112 14:42:01.891"/>
</kw>
<kw name="Input Text" library="AppiumLibrary">
<arg>//android.widget.EditText[contains(@resource-id,'com.gozem:id/etPassword')]</arg>
<arg>${password}</arg>
<doc>Types the given `text` into text field identified by `locator`.</doc>
<msg timestamp="20230112 14:42:01.891" level="INFO">Typing text 'Lionelruto20' into text field '//android.widget.EditText[contains(@resource-id,'com.gozem:id/etPassword')]'</msg>
<status status="PASS" starttime="20230112 14:42:01.891" endtime="20230112 14:42:02.524"/>
</kw>
<kw name="Click Element" library="AppiumLibrary">
<arg>//android.widget.Button[contains(@resource-id,'com.gozem:id/btnConfirm')]</arg>
<doc>Click element identified by `locator`.</doc>
<msg timestamp="20230112 14:42:02.539" level="INFO">Clicking element '//android.widget.Button[contains(@resource-id,'com.gozem:id/btnConfirm')]'.</msg>
<status status="PASS" starttime="20230112 14:42:02.524" endtime="20230112 14:42:03.183"/>
</kw>
<kw name="Sleep" library="BuiltIn">
<arg>9</arg>
<doc>Pauses the test executed for the given time.</doc>
<msg timestamp="20230112 14:42:12.186" level="INFO">Slept 9 seconds</msg>
<status status="PASS" starttime="20230112 14:42:03.183" endtime="20230112 14:42:12.186"/>
</kw>
<kw name="Click Element" library="AppiumLibrary">
<arg>//android.widget.TextView[contains(@text, "e-commerce test")]</arg>
<doc>Click element identified by `locator`.</doc>
<msg timestamp="20230112 14:42:12.186" level="INFO">Clicking element '//android.widget.TextView[contains(@text, "e-commerce test")]'.</msg>
<status status="PASS" starttime="20230112 14:42:12.186" endtime="20230112 14:42:13.092"/>
</kw>
<kw name="Wait Until Element Is Visible" library="AppiumLibrary">
<arg>//android.widget.TextView[contains(@resource-id,'com.gozem:id/tvTitle')]</arg>
<arg>timeout=6</arg>
<doc>Waits until element specified with `locator` is visible.</doc>
<status status="PASS" starttime="20230112 14:42:13.092" endtime="20230112 14:42:17.110"/>
</kw>
<status status="PASS" starttime="20230112 14:41:37.474" endtime="20230112 14:42:17.110"/>
</test>
<status status="PASS" starttime="20230112 14:41:37.235" endtime="20230112 14:42:17.110"/>
</suite>
<statistics>
<total>
<stat pass="1" fail="0" skip="0">All Tests</stat>
</total>
<tag>
</tag>
<suite>
<stat pass="1" fail="0" skip="0" id="s1" name="dynamicSectionOptimisation">dynamicSectionOptimisation</stat>
</suite>
</statistics>
<errors>
</errors>
</robot>
