<?xml version="1.0" encoding="UTF-8"?>
<robot generator="Robot 5.0.1 (Python 3.10.7 on win32)" generated="20221130 22:22:47.859" rpa="false" schemaversion="3">
<suite id="s1" name="DigitalProducts" source="C:\Users\LionelMambingo\Documents\Gozem automation\original\DigitalProducts.robot">
<test id="s1-t1" name="Scan a digital product" line="11">
<kw name="Log" library="BuiltIn">
<arg>my test</arg>
<doc>Logs the given message with the given level.</doc>
<msg timestamp="20221130 22:22:48.109" level="INFO">my test</msg>
<status status="PASS" starttime="20221130 22:22:48.109" endtime="20221130 22:22:48.110"/>
</kw>
<kw name="Open Application" library="AppiumLibrary">
<arg>http://localhost:4723/wd/hub</arg>
<arg>platformName=${platformName}</arg>
<arg>deviceName=${device-id}</arg>
<arg>appPackage=com.gozem.merchant.test</arg>
<arg>appActivity=com.gozem.merchant.view.ui.activity.SplashScreenActivity</arg>
<doc>Opens a new application to given Appium server.
Capabilities of appium server, Android and iOS,
Please check https://github.com/appium/appium/blob/master/docs/en/writing-running-appium/server-args.md
| *Option*            | *Man.* | *Description*     |
| remote_url          | Yes    | Appium server url |
| alias               | no     | alias             |</doc>
<status status="PASS" starttime="20221130 22:22:48.110" endtime="20221130 22:22:58.058"/>
</kw>
<kw name="Wait Until Element Is Visible" library="AppiumLibrary">
<arg>//android.widget.Button[contains(@text, "Allow")]</arg>
<arg>timeout=20</arg>
<doc>Waits until element specified with `locator` is visible.</doc>
<status status="PASS" starttime="20221130 22:22:58.058" endtime="20221130 22:22:58.478"/>
</kw>
<kw name="Click Button" library="AppiumLibrary">
<arg>Allow</arg>
<doc>Click button</doc>
<msg timestamp="20221130 22:22:58.520" level="INFO">'Allow'.</msg>
<msg timestamp="20221130 22:22:59.368" level="INFO">Clicking element 'Allow'.</msg>
<status status="PASS" starttime="20221130 22:22:58.478" endtime="20221130 22:22:59.848"/>
</kw>
<kw name="Wait Until Element Is Visible" library="AppiumLibrary">
<arg>//android.widget.EditText[contains(@resource-id, 'com.gozem.merchant.test:id/etEmail')]</arg>
<arg>timeout=20</arg>
<doc>Waits until element specified with `locator` is visible.</doc>
<status status="PASS" starttime="20221130 22:22:59.848" endtime="20221130 22:23:00.408"/>
</kw>
<kw name="Input Text" library="AppiumLibrary">
<arg>//android.widget.EditText[contains(@resource-id, 'com.gozem.merchant.test:id/etEmail')]</arg>
<arg>${email}</arg>
<doc>Types the given `text` into text field identified by `locator`.</doc>
<msg timestamp="20221130 22:23:00.416" level="INFO">Typing text 'lionel.moutome@gozem.co' into text field '//android.widget.EditText[contains(@resource-id, 'com.gozem.merchant.test:id/etEmail')]'</msg>
<status status="PASS" starttime="20221130 22:23:00.408" endtime="20221130 22:23:01.088"/>
</kw>
<kw name="Click Element" library="AppiumLibrary">
<arg>//android.widget.Button[contains(@resource-id,'com.gozem.merchant.test:id/btnSignIn')]</arg>
<doc>Click element identified by `locator`.</doc>
<msg timestamp="20221130 22:23:01.094" level="INFO">Clicking element '//android.widget.Button[contains(@resource-id,'com.gozem.merchant.test:id/btnSignIn')]'.</msg>
<status status="PASS" starttime="20221130 22:23:01.088" endtime="20221130 22:23:01.847"/>
</kw>
<kw name="Wait Until Element Is Visible" library="AppiumLibrary">
<arg>//android.widget.EditText[contains(@resource-id,'com.gozem.merchant.test:id/etPassword')]</arg>
<arg>timeout=6</arg>
<doc>Waits until element specified with `locator` is visible.</doc>
<status status="PASS" starttime="20221130 22:23:01.847" endtime="20221130 22:23:02.458"/>
</kw>
<kw name="Input Text" library="AppiumLibrary">
<arg>//android.widget.EditText[contains(@resource-id,'com.gozem.merchant.test:id/etPassword')]</arg>
<arg>${password}</arg>
<doc>Types the given `text` into text field identified by `locator`.</doc>
<msg timestamp="20221130 22:23:02.468" level="INFO">Typing text 'AZFqxSRs' into text field '//android.widget.EditText[contains(@resource-id,'com.gozem.merchant.test:id/etPassword')]'</msg>
<status status="PASS" starttime="20221130 22:23:02.458" endtime="20221130 22:23:03.548"/>
</kw>
<kw name="Click Element" library="AppiumLibrary">
<arg>//android.widget.Button[contains(@resource-id,'com.gozem.merchant.test:id/btnConfirm')]</arg>
<doc>Click element identified by `locator`.</doc>
<msg timestamp="20221130 22:23:03.561" level="INFO">Clicking element '//android.widget.Button[contains(@resource-id,'com.gozem.merchant.test:id/btnConfirm')]'.</msg>
<status status="PASS" starttime="20221130 22:23:03.548" endtime="20221130 22:23:04.228"/>
</kw>
<kw name="Wait Until Element Is Visible" library="AppiumLibrary">
<arg>//android.widget.Button[contains(@text, "AUTORISER")]</arg>
<arg>timeout=10</arg>
<doc>Waits until element specified with `locator` is visible.</doc>
<status status="PASS" starttime="20221130 22:23:04.228" endtime="20221130 22:23:05.149"/>
</kw>
<kw name="Click Button" library="AppiumLibrary">
<arg>AUTORISER</arg>
<doc>Click button</doc>
<msg timestamp="20221130 22:23:05.880" level="INFO">'AUTORISER'.</msg>
<msg timestamp="20221130 22:23:05.938" level="INFO">Clicking element 'AUTORISER'.</msg>
<status status="PASS" starttime="20221130 22:23:05.149" endtime="20221130 22:23:05.987"/>
</kw>
<kw name="Wait Until Element Is Visible" library="AppiumLibrary">
<arg>//android.widget.Button[contains(@text, 'While using the app')]</arg>
<arg>timeout=10</arg>
<doc>Waits until element specified with `locator` is visible.</doc>
<status status="PASS" starttime="20221130 22:23:05.987" endtime="20221130 22:23:07.118"/>
</kw>
<kw name="Click Button" library="AppiumLibrary">
<arg>While using the app</arg>
<doc>Click button</doc>
<msg timestamp="20221130 22:23:07.182" level="INFO">'While using the app'.</msg>
<msg timestamp="20221130 22:23:07.228" level="INFO">Clicking element 'While using the app'.</msg>
<status status="PASS" starttime="20221130 22:23:07.118" endtime="20221130 22:23:07.269"/>
</kw>
<kw name="Wait Until Element Is Visible" library="AppiumLibrary">
<arg>//android.widget.FrameLayout[contains(@index, '6')]</arg>
<arg>timeout=10</arg>
<doc>Waits until element specified with `locator` is visible.</doc>
<status status="PASS" starttime="20221130 22:23:07.278" endtime="20221130 22:23:07.990"/>
</kw>
<kw name="Click Element" library="AppiumLibrary">
<arg>//android.widget.FrameLayout[contains(@index, '6')]</arg>
<doc>Click element identified by `locator`.</doc>
<msg timestamp="20221130 22:23:07.993" level="INFO">Clicking element '//android.widget.FrameLayout[contains(@index, '6')]'.</msg>
<status status="PASS" starttime="20221130 22:23:07.991" endtime="20221130 22:23:08.149"/>
</kw>
<kw name="Wait Until Element Is Visible" library="AppiumLibrary">
<arg>//android.widget.Button[contains(@text, 'Fermer')]</arg>
<arg>timeout=10</arg>
<doc>Waits until element specified with `locator` is visible.</doc>
<msg timestamp="20221130 22:23:18.398" level="INFO">&lt;?xml version='1.0' encoding='UTF-8' standalone='yes' ?&gt;
&lt;hierarchy index="0" class="hierarchy" rotation="0" width="1440" height="2906"&gt;
  &lt;android.widget.FrameLayout index="0" package="com.android.chrome" class="android.widget.FrameLayout" text="" checkable="false" checked="false" clickable="false" enabled="true" focusable="false" focused="false" long-clickable="false" password="false" scrollable="false" selected="false" bounds="[0,0][1440,2906]" displayed="true"&gt;
    &lt;android.widget.LinearLayout index="0" package="com.android.chrome" class="android.widget.LinearLayout" text="" checkable="false" checked="false" clickable="false" enabled="true" focusable="false" focused="false" long-clickable="false" password="false" scrollable="false" selected="false" bounds="[0,0][1440,2906]" displayed="true"&gt;
      &lt;android.widget.FrameLayout index="0" package="com.android.chrome" class="android.widget.FrameLayout" text="" checkable="false" checked="false" clickable="false" enabled="true" focusable="false" focused="false" long-clickable="false" password="false" scrollable="false" selected="false" bounds="[0,130][1440,2906]" displayed="true"&gt;
        &lt;android.widget.FrameLayout index="0" package="com.android.chrome" class="android.widget.FrameLayout" text="" checkable="false" checked="false" clickable="false" enabled="true" focusable="false" focused="false" long-clickable="false" password="false" scrollable="false" selected="false" bounds="[0,130][1440,2906]" displayed="true"&gt;
          &lt;android.widget.FrameLayout index="0" package="com.android.chrome" class="android.widget.FrameLayout" text="" resource-id="android:id/content" checkable="false" checked="false" clickable="false" enabled="true" focusable="false" focused="false" long-clickable="false" password="false" scrollable="false" selected="false" bounds="[0,130][1440,2906]" displayed="true"&gt;
            &lt;android.view.ViewGroup index="0" package="com.android.chrome" class="android.view.ViewGroup" text="" resource-id="com.android.chrome:id/coordinator" checkable="false" checked="false" clickable="false" enabled="true" focusable="false" focused="false" long-clickable="false" password="false" scrollable="false" selected="false" bounds="[0,130][1440,2906]" displayed="true"&gt;
              &lt;android.widget.FrameLayout index="0" package="com.android.chrome" class="android.widget.FrameLayout" text="" resource-id="com.android.chrome:id/compositor_view_holder" checkable="false" checked="false" clickable="false" enabled="true" focusable="false" focused="false" long-clickable="false" password="false" scrollable="false" selected="false" bounds="[0,130][1440,2906]" displayed="true"&gt;
                &lt;android.widget.FrameLayout index="0" package="com.android.chrome" class="android.widget.FrameLayout" text="" checkable="false" checked="false" clickable="false" enabled="true" focusable="false" focused="false" long-clickable="false" password="false" scrollable="false" selected="false" bounds="[0,130][1440,2906]" displayed="true"&gt;
                  &lt;android.view.View index="0" package="com.android.chrome" class="android.view.View" text="" checkable="false" checked="false" clickable="false" enabled="true" focusable="false" focused="false" long-clickable="false" password="false" scrollable="false" selected="false" bounds="[0,130][1440,2906]" displayed="true" /&gt;
                &lt;/android.widget.FrameLayout&gt;
                &lt;android.widget.FrameLayout index="1" package="com.android.chrome" class="android.widget.FrameLayout" text="" checkable="false" checked="false" clickable="false" enabled="true" focusable="false" focused="false" long-clickable="false" password="false" scrollable="false" selected="false" bounds="[0,130][1440,2906]" displayed="true"&gt;
                  &lt;android.webkit.WebView index="0" package="com.android.chrome" class="android.webkit.WebView" text="merchant" checkable="false" checked="false" clickable="false" enabled="true" focusable="true" focused="true" long-clickable="false" password="false" scrollable="true" selected="false" bounds="[0,326][1440,2906]" displayed="true"&gt;
                    &lt;android.view.View index="0" package="com.android.chrome" class="android.view.View" text="" resource-id="t" checkable="false" checked="false" clickable="false" enabled="true" focusable="false" focused="false" long-clickable="false" password="false" scrollable="false" selected="false" bounds="[0,613][1440,1561]" displayed="true"&gt;
                      &lt;android.view.View index="0" package="com.android.chrome" class="android.view.View" text="" resource-id="main-frame-error" checkable="false" checked="false" clickable="false" enabled="true" focusable="false" focused="false" long-clickable="false" password="false" scrollable="false" selected="false" bounds="[0,613][1440,1561]" displayed="true"&gt;
                        &lt;android.view.View index="0" package="com.android.chrome" class="android.view.View" text="" resource-id="main-content" checkable="false" checked="false" clickable="false" enabled="true" focusable="false" focused="false" long-clickable="false" password="false" scrollable="false" selected="false" bounds="[84,613][1361,1561]" displayed="true"&gt;
                          &lt;android.widget.Image index="0" package="com.android.chrome" class="android.widget.Image" text="" checkable="false" checked="false" clickable="false" enabled="true" focusable="false" focused="false" long-clickable="false" password="false" scrollable="false" selected="false" bounds="[84,613][339,872]" displayed="true" /&gt;
                          &lt;android.view.View index="1" package="com.android.chrome" class="android.view.View" text="" resource-id="main-message" checkable="false" checked="false" clickable="false" enabled="true" focusable="false" focused="false" long-clickable="false" password="false" scrollable="false" selected="false" bounds="[84,1057][1361,1421]" displayed="true"&gt;
                            &lt;android.widget.TextView index="0" package="com.android.chrome" class="android.widget.TextView" text="This site can’t be reached" checkable="false" checked="false" clickable="false" enabled="true" focusable="false" focused="false" long-clickable="false" password="false" scrollable="false" selected="false" bounds="[84,1057][1361,1159]" displayed="true" /&gt;
                            &lt;android.widget.TextView index="1" package="com.android.chrome" class="android.widget.TextView" text="Check if there is a typo in " checkable="false" checked="false" clickable="false" enabled="true" focusable="false" focused="false" long-clickable="false" password="false" scrollable="false" selected="false" bounds="[84,1222][654,1285]" displayed="true" /&gt;
                            &lt;android.widget.TextView index="2" package="com.android.chrome" class="android.widget.TextView" text="merchant" checkable="false" checked="false" clickable="false" enabled="true" focusable="false" focused="false" long-clickable="false" password="false" scrollable="false" selected="false" bounds="[651,1222][864,1285]" displayed="true" /&gt;
                            &lt;android.widget.TextView index="3" package="com.android.chrome" class="android.widget.TextView" text="." checkable="false" checked="false" clickable="false" enabled="true" focusable="false" focused="false" long-clickable="false" password="false" scrollable="false" selected="false" bounds="[861,1222][878,1285]" displayed="true" /&gt;
                            &lt;android.view.View index="4" package="com.android.chrome" class="android.view.View" text="" resource-id="error-information-popup-container" checkable="false" checked="false" clickable="false" enabled="true" focusable="false" focused="false" long-clickable="false" password="false" scrollable="false" selected="false" bounds="[84,1334][1361,1421]" displayed="true"&gt;
                              &lt;android.view.View index="0" package="com.android.chrome" class="android.view.View" text="" resource-id="error-information-popup" checkable="false" checked="false" clickable="false" enabled="true" focusable="false" focused="false" long-clickable="false" password="false" scrollable="false" selected="false" bounds="[84,1334][1361,1421]" displayed="true"&gt;
                                &lt;android.view.View index="0" package="com.android.chrome" class="android.view.View" text="" resource-id="error-information-popup-box" checkable="false" checked="false" clickable="false" enabled="true" focusable="false" focused="false" long-clickable="false" password="false" scrollable="false" selected="false" bounds="[84,1334][1361,1421]" displayed="true"&gt;
                                  &lt;android.view.View index="0" package="com.android.chrome" class="android.view.View" text="" resource-id="error-information-popup-content" checkable="false" checked="false" clickable="false" enabled="true" focusable="false" focused="false" long-clickable="false" password="false" scrollable="false" selected="false" bounds="[84,1334][1361,1421]" displayed="true"&gt;
                                    &lt;android.widget.TextView index="0" package="com.android.chrome" class="android.widget.TextView" text="DNS_PROBE_FINISHED_NXDOMAIN" checkable="false" checked="false" clickable="false" enabled="true" focusable="false" focused="false" long-clickable="false" password="false" scrollable="false" selected="false" bounds="[84,1334][1361,1421]" displayed="true" /&gt;
                                  &lt;/android.view.View&gt;
                                &lt;/android.view.View&gt;
                              &lt;/android.view.View&gt;
                            &lt;/android.view.View&gt;
                          &lt;/android.view.View&gt;
                        &lt;/android.view.View&gt;
                        &lt;android.view.View index="1" package="com.android.chrome" class="android.view.View" text="" resource-id="buttons" checkable="false" checked="false" clickable="false" enabled="true" focusable="false" focused="false" long-clickable="false" password="false" scrollable="false" selected="false" bounds="[0,2769][1440,2906]" displayed="true"&gt;
                          &lt;android.view.View index="0" package="com.android.chrome" class="android.view.View" text="" resource-id="control-buttons" checkable="false" checked="false" clickable="false" enabled="true" focusable="false" focused="false" long-clickable="false" password="false" scrollable="false" selected="false" bounds="[84,2769][1361,2906]" displayed="true"&gt;
                            &lt;android.widget.Button index="0" package="com.android.chrome" class="android.widget.Button" text="Reload" resource-id="reload-button" checkable="false" checked="false" clickable="true" enabled="true" focusable="true" focused="false" long-clickable="false" password="false" scrollable="false" selected="false" bounds="[84,2790][1361,2906]" displayed="true" /&gt;
                          &lt;/android.view.View&gt;
                        &lt;/android.view.View&gt;
                      &lt;/android.view.View&gt;
                    &lt;/android.view.View&gt;
                  &lt;/android.webkit.WebView&gt;
                &lt;/android.widget.FrameLayout&gt;
              &lt;/android.widget.FrameLayout&gt;
              &lt;android.widget.FrameLayout index="1" package="com.android.chrome" class="android.widget.FrameLayout" text="" resource-id="com.android.chrome:id/control_container" checkable="false" checked="false" clickable="false" enabled="true" focusable="false" focused="false" long-clickable="false" password="false" scrollable="false" selected="false" bounds="[0,130][1440,330]" displayed="true"&gt;
                &lt;android.widget.FrameLayout index="0" package="com.android.chrome" class="android.widget.FrameLayout" text="" resource-id="com.android.chrome:id/toolbar_container" checkable="false" checked="false" clickable="false" enabled="true" focusable="false" focused="false" long-clickable="false" password="false" scrollable="false" selected="false" bounds="[0,130][1440,330]" displayed="true"&gt;
                  &lt;android.widget.FrameLayout index="0" package="com.android.chrome" class="android.widget.FrameLayout" text="" resource-id="com.android.chrome:id/toolbar" checkable="false" checked="false" clickable="false" enabled="true" focusable="false" focused="false" long-clickable="false" password="false" scrollable="false" selected="false" bounds="[0,130][1440,326]" displayed="true"&gt;
                    &lt;android.widget.ImageButton index="0" package="com.android.chrome" class="android.widget.ImageButton" text="" content-desc="Home" resource-id="com.android.chrome:id/home_button" checkable="false" checked="false" clickable="true" enabled="true" focusable="true" focused="false" long-clickable="true" password="false" scrollable="false" selected="false" bounds="[0,130][168,326]" displayed="true" /&gt;
                    &lt;android.widget.FrameLayout index="1" package="com.android.chrome" class="android.widget.FrameLayout" text="" resource-id="com.android.chrome:id/location_bar" checkable="false" checked="false" clickable="false" enabled="true" focusable="false" focused="false" long-clickable="false" password="false" scrollable="false" selected="false" bounds="[168,130][922,326]" displayed="true"&gt;
                      &lt;android.widget.LinearLayout index="0" package="com.android.chrome" class="android.widget.LinearLayout" text="" resource-id="com.android.chrome:id/location_bar_status" checkable="false" checked="false" clickable="true" enabled="true" focusable="true" focused="false" long-clickable="true" password="false" scrollable="false" selected="false" bounds="[196,130][294,326]" displayed="true"&gt;
                        &lt;android.widget.ImageView index="0" package="com.android.chrome" class="android.widget.ImageView" text="" content-desc="Your connection to this site is not secure" resource-id="com.android.chrome:id/location_bar_status_icon" checkable="false" checked="false" clickable="false" enabled="true" focusable="false" focused="false" long-clickable="false" password="false" scrollable="false" selected="false" bounds="[196,130][280,326]" displayed="true" /&gt;
                      &lt;/android.widget.LinearLayout&gt;
                      &lt;android.widget.EditText index="1" package="com.android.chrome" class="android.widget.EditText" text="merchant/digital?app_type=12" resource-id="com.android.chrome:id/url_bar" checkable="false" checked="false" clickable="true" enabled="true" focusable="true" focused="false" long-clickable="true" password="false" scrollable="false" selected="false" bounds="[294,141][894,315]" displayed="true" /&gt;
                    &lt;/android.widget.FrameLayout&gt;
                    &lt;android.widget.LinearLayout index="2" package="com.android.chrome" class="android.widget.LinearLayout" text="" resource-id="com.android.chrome:id/toolbar_buttons" checkable="false" checked="false" clickable="false" enabled="true" focusable="true" focused="false" long-clickable="false" password="false" scrollable="false" selected="false" bounds="[922,130][1440,326]" displayed="true"&gt;
                      &lt;android.widget.FrameLayout index="0" package="com.android.chrome" class="android.widget.FrameLayout" text="" resource-id="com.android.chrome:id/optional_toolbar_button_container" checkable="false" checked="false" clickable="false" enabled="true" focusable="false" focused="false" long-clickable="false" password="false" scrollable="false" selected="false" bounds="[922,130][1104,326]" displayed="true"&gt;
                        &lt;android.widget.ImageButton index="0" package="com.android.chrome" class="android.widget.ImageButton" text="" content-desc="New tab" resource-id="com.android.chrome:id/optional_toolbar_button" checkable="false" checked="false" clickable="true" enabled="true" focusable="true" focused="false" long-clickable="true" password="false" scrollable="false" selected="false" bounds="[964,158][1104,298]" displayed="true" /&gt;
                      &lt;/android.widget.FrameLayout&gt;
                      &lt;android.widget.ImageButton index="1" package="com.android.chrome" class="android.widget.ImageButton" text="" content-desc="Switch or close tabs" resource-id="com.android.chrome:id/tab_switcher_button" checkable="false" checked="false" clickable="true" enabled="true" focusable="true" focused="false" long-clickable="true" password="false" scrollable="false" selected="false" bounds="[1104,130][1272,326]" displayed="true" /&gt;
                      &lt;android.widget.FrameLayout index="2" package="com.android.chrome" class="android.widget.FrameLayout" text="" resource-id="com.android.chrome:id/menu_button_wrapper" checkable="false" checked="false" clickable="false" enabled="true" focusable="false" focused="false" long-clickable="false" password="false" scrollable="false" selected="false" bounds="[1272,130][1440,326]" displayed="true"&gt;
                        &lt;android.widget.ImageButton index="0" package="com.android.chrome" class="android.widget.ImageButton" text="" content-desc="More options" resource-id="com.android.chrome:id/menu_button" checkable="false" checked="false" clickable="true" enabled="true" focusable="true" focused="false" long-clickable="false" password="false" scrollable="false" selected="false" bounds="[1272,130][1440,326]" displayed="true" /&gt;
                      &lt;/android.widget.FrameLayout&gt;
                    &lt;/android.widget.LinearLayout&gt;
                  &lt;/android.widget.FrameLayout&gt;
                &lt;/android.widget.FrameLayout&gt;
              &lt;/android.widget.FrameLayout&gt;
            &lt;/android.view.ViewGroup&gt;
          &lt;/android.widget.FrameLayout&gt;
        &lt;/android.widget.FrameLayout&gt;
      &lt;/android.widget.FrameLayout&gt;
    &lt;/android.widget.LinearLayout&gt;
    &lt;android.view.View index="2" package="com.android.chrome" class="android.view.View" text="" resource-id="android:id/navigationBarBackground" checkable="false" checked="false" clickable="false" enabled="true" focusable="false" focused="false" long-clickable="false" password="false" scrollable="false" selected="false" bounds="[0,3036][1440,3120]" displayed="true" /&gt;
  &lt;/android.widget.FrameLayout&gt;
&lt;/hierarchy&gt;</msg>
<kw name="Capture Page Screenshot" library="AppiumLibrary">
<doc>Takes a screenshot of the current page and embeds it into the log.</doc>
<msg timestamp="20221130 22:23:18.828" level="INFO" html="true">&lt;/td&gt;&lt;/tr&gt;&lt;tr&gt;&lt;td colspan="3"&gt;&lt;img src="data:image/png;base64, iVBORw0KGgoAAAANSUhEUgAABaAAAAwwCAYAAAAgXrdYAAABJGlDQ1BTa2lhAAAokX2Rv0vDQBiG
H0sXpQ6ig4NDxi5KVeiiLlUIOkms0OqUpmkV2houKdXZ1T+im7OjCJ27CILgJP4N4uAa37RDAqW+
x3f33Mt3P747yK0j5UvQ7UXGsStWrX5hkZHrhQHztQC/H0kP75v/5M3TYtMPPY3fisjocG3ZFK+1
p3ybcGPKDwmbqnMoHoqL7Qw3MjyIgkg8TvK9wCT8Kd7vdvpeem8Kfu/8TGNNsUGIg00FiyoGl56c
Fr7YYsA1EVeiI1FIQEcZd5qfsqve1qxLXzkzSt/z/gsORnEcv6TeyQieyrD0nHrFPVgpwPg1cI07
sfKKXKsFP4+wXIfVN625nD0j/Ys5tVqTWm1u1NqqwpdzrFo9tkQ7lNim/AfUy02wCLYnZAAAAARz
QklUCAgICHwIZIgAACAASURBVHic7N13VFxnmi76Z1eEKnKmACFSkYVAWUIJUM6yZDnKlpzdPZ45
PXPOWWfde2fmzu3pnu7pPG237Q7TtuUkW7JyzjmRJCFBkXPOVFF53z9oytrsIlcCvb+1WBa7dlV9
lKli72e/3/sxrFHNghBCCCGEEEIIIYQQQgixMYGzB0AIIYQQQgghhBBCCCFkeqIAmhBCCCGEEEII
IYQQQohdUABNCCGEEEIIIYQQQgghxC4ogCaEEEIIIYQQQgghhBBiFxRAE0IIIYQQQgghhBBCCLEL
CqAJIYQQQgghhBBCCCGE2AUF0IQQQgghhBBCCCGEEELsggJoQgghhBBCCCGEEEIIIXZBATQhhBBC
CCGEEEIIIYQQu6AAmhBCCCGEEEIIIYQQQohdUABNCCGEEEIIIYQQQgghxC4ogCaEEEIIIYQQQggh
hBBiFxRAE0IIIYQQQgghhBBCCLELCqAJIYQQQgghhBBCCCGE2AUF0IQQQgghhBBCCCGEEELsggJo
QgghhBBCCCGEEEIIIXZBATQhhBBCCCGEEEIIIYQQu6AAmhBCCCGEEEIIIYQQQohdUABNCCGEEEII
IYQQQgghxC4ogCaEEEIIIYQQQgghhBBiFxRAE0IIIYQQQgghhBBCCLELCqAJIYQQQgghhBBCCCGE
2AUF0IQQQgghhBBCCCGEEELsggJoQgghhBBCCCGEEEIIIXZBATQhhBBCCCGEEEIIIYQQu6AAmhBC
CCGEEEIIIYQQQohdUABNCCGEEEIIIYQQQgghxC4ogCaEEEIIIYQQQgghhBBiFxRAE0IIIYQQQggh
hBBCCLELCqAJIYQQQgghhBBCCCGE2AUF0IQQQgghhBBCCCGEEELsggJoQgghhBBCCCGEEEIIIXZB
ATQhhBBCCCGEEEIIIYQQu6AAmhBCCCGEEEIIIYQQQohdUABNCCGEEEIIIYQQQgghxC4ogCaEEEII
IYQQQgghhBBiFxRAE0IIIYQQQgghhBBCCLELCqAJIYQQQgghhBBCCCGE2AUF0IQQQgghhBBCCCGE
EELsggJoQgghhBBCCCGEEEIIIXYhcvYACCGOodVqodcbIJVKIBaLIRDQ9SdCxoJlWeh0OpjNZmcP
ZcJEIhEkEomzh0EIIYQQQggh5ClEATQh0wTLsjAYDNBqdWhqakJxiQoVFZVobGpCV1c3Z1+RSITA
wACEKRSIipqJxIR4+Ph4QyqVQiSijwVCnqTT6fDhR39Ce0eHs4cyYXPnZGDL5o3OHgYhhBBCCCGE
jEilKkWJqnTM+2/auN6OoyG2QkkTIdNAW1s7HhcXo6SkFOUVFejs7ALLssPubzQa0djYhMbGJtzL
zYNAIEBoSAiUyljExcVCGRcHT08PB/4EhLgus9mM9o4OtLS0OnsoE9bT0+vsIRBCCCHkKcGyLDo7
u1Df0AAAUKvVAAC5XA4ACFMo4OvrA4ZhnDZGMn11dXWjvb0dfWo11Go1+vu10Ol0kEqlkMncIZPJ
4CGXw9/fHz4+3s4erstpb++Av7+fs4eBY8dPjnlfCqCnBgqgCZnCenv7cO78Bdy9l4uenl4YDIYJ
PY7ZbEZ9QwPqGxpw89YdBAYEYMWKpchcstjGIyaEEEIIIYRMNyzLore3D0WPHqG+vgGdnV1oa2sH
AGh1WgCAm9QNABAQ4A9fXx+EhSmQnJQET08PCqPHoL+/H1VVNWjvaIciNBRhYQpIpVJnD8upenp6
8ejxYzx6VIya2lq0tbWP65xYLBYjIMAfMyIikJSUgKTERHh5edpxxK7t4qUraG1txbM7n3H2UMg0
RAE0IVNQf38/VKVlOHDwEJqbW4bdj2EYiMViiMViCIUCMAwDs5mFyWSCwWCw+sdZq9Witq4On+37
Erdu3cUz27cgIiKcWnMQmzAajVCrNdBqtTCZTBAIBJBIJJDLZU/9ATQhhBBCyFTzZPBcXKxCVXU1
2traYTQah71PVXU1RCIRAgL8UVysQkKCctoG0eXlFaiqrkH67DT4+flO+HHq6xtw8dIVqEpLodfr
4ebmhvTZaViyeBECAvxtOGLXZjAYUFpWjqKiR3j0qBgNjY2TfrzBmcG379wFAChCQ5GcnIjkpCTE
xcU8NefBly5fxVdff4PsrBXOHgqZpp6OdxIh00hTUzNOnT6LO3fvwWQy8W4XCoUICQ5GZOQMhIaG
wNvbC56enpBKJBAIBDAajdDqdOjt7UVXVzfq6xtQWVWF9nZ+f9vSsjJ88OHHWLY0E6tXZVNASCbM
aDSiqqoaefkFqKioQnNLC3Q6HcRiMXx9fRA5YwZmz56FhHgl3N3dR3wcrVYLDw9qEUMIIYQQ4kxm
sxkNDY24dPkqSsvK0NTUPOb7Go1GNDU1o6mpGVXV1Sgvr8SK5UuhUIROm8XSy8srcOz4STQ0NqKl
pQVrVq+acAhdUHgf+QWF6Ovrs2zTarUICQl+agLotrZ2nL9wETdu3oZWq7Xb8zQ0NqKhsRFXr93A
ksULkbVyxbR/jS9dvoovv9rv7GGQaY4C6CnMaDSis7PLUkno5uYGX18flwsJdTodenp60d/fDwCW
cYrFYps/l8FgQGdnF/r7+8GyLKRSKXx8vEcMtKaSxsYmfPDhx2htbeP1eBYKhUiblYrsrBVQKEIh
FoshEolGrCIYXLhQr9dDVVqG06fPoaq6mrNPT08vTp46g0ePivHmG3vh6+tjl5/NlgwGAzSafuh0
Ouh0Ouj1euj0euj1ehgMBphMJphMJpjNZphMZsu/gYHXZPC1Hfw3wzCW13Hw3wzDQCAQQCgUQCgU
cr7EYjGkEikkEjGkUunfviSQy+UuV9Ux2A/NnlpaWnH4yDGUqErR19fH+d01mUyWqoPC+w8QOSMC
K1cuR2pKMoRCoWU/s9mMokePkZdXgDlz0pGSnGTXMRNCCCGEkOGZTCaUlVXgwsVLeFj0aNiK58DA
AM73ra1tvH2amprR1taO3t5eZK1cgdjYaM5x4FQ0GD6XlpXDYDDg7r08MAyDVTnZ4+6v29HRibq6
eksv7UFdXd2ora1DUmLitF6/p7e3DydOnsKVq9dHrKy3Na1Wi/MXLuHylWtYviwT69aumZavszPD
56PHToyr1/Nw3nrn73jblHFxUCpjqT+0C6EA2gEaG5tQWlZm+T4oMAgJCcoJPZbBYMCDh0XIyytA
4f0H0Ov1vH3ilXHIyEjHnIx0p31A6nQ65BcUIj+/EA8eFvEqdYVCIWalpmDOnHSkzUqFRCKZ8HOZ
zWY8eFiEO3fuofD+A6ttJaKjopCenoa5czImNfXJWUwmE4oePcaf//IJ72qvTCaDMi4Wa1bnICpq
5rgCToZhIJFIIJFIkJE+G7NSU3D/wUNcuHAZ1TU1lt8vk8mEispK/OW/P8Xzz+2EQhFq059vssxm
M9rbO3D/wUM8fFiEpuZm6PUGmM1mS4j85L8B8ELmJ420gOPQ13e4cPrJkHrwv+7ubpgREYG0tFQk
xMc7fZqhWq3GN99+hw3r1yIgwN/mY2FZFsXFKny673N0dHSOun9/fz+KS1Soqq7Btq2bMScjHb29
vSgrL8f167fQ0NgIRWgotm3dbNNxEkIIIYSQsTMajSgrq8DJU6dRXKLi3CYQCDAjIgKhoSFQKEJ5
xSudnV1oaGhETU0tGhobLcfdRqMRBYX3odVqsW7tGsTGRk/p1gcVlVWoq6+3nJuq1WrcuZsLAOMO
oQeLaKyds+j11tsqTgdarRZnz13AufMX7VrxPBqj0YjzFy7h+o1bWJWThZzslXBzc3PaeGxpOoTP
w1GVlkJVWgqAFil0FQxrVA+ftJBJYVkWN27ewldff8sJinOyV2Lnju3jfryHRY/w7YHv0NjYNKb9
3d3dsWnjeixbusQu1cbDKbz/APu/OWBZdGI0wcFBeHbnMxOqaGxubsHX+79F0aPHY9pfLBZjw/q1
yMle6dDXZLIK7z/AV19/wwvxZkZGYs2aHKSmJNv05+nt7cO93DwcOXocGo2Gc1vkjBl4ZfeLCAtT
2Oz5JsNgMODa9Zs4fuIUent7nT2cMWEYBgEB/nhu104kJSY4bZrh9Rs3se/zrxCmUGDvnt02vbDA
sixUqjJ88tk+q+1dRiMSieDl5Qm1WgO9Xg+WZSGXy7F3z24kJyU6NLjXaDT46c9+gZaW1gk/hlAo
hEwmg0zmDnc3d7i7u9mtssdgMKCqugY6nc6yLXPJYrz80vN2eT5CCCGEPD3MZjOam1tw4OAhPHhY
ZNnOMAx8fX2QmpKCWbNSEBQYiKCgQKuP0dLSivqGBjx+XIIHDx+is7OLE66mpiTjme1bERwcNGXb
cbS1tePkqTPIzcu3zAQGALlcjvnz5owphDYYDKirq0dB4X3cy82zen4dHhaGuXMzkJyUiODgIJeb
DT1R1dU1+OTTz1Hf0ODsofCEKRR4ZfeLiIyc4eyhTMpw4XN21gqHLEL4y1/9zhIQj8emjeuhjIsF
ABw9dnJMj/HRH/5r3M9DbI8CaDvp7e3DN98etDSyf9J4A2ij0YgjR4/j9JlzExpLclIidr/8Inx8
vCd0/7FiWRZHj53A8ROnJnT/rVs2Ye2aVWMOlh4/LsEHH35stQp8NEmJCXjj9T2QyWTjvq+jNTU1
46c/+wXvqm9CvBJvvL7Hbr1wWZZFV1c3fvdfH/AWdwgJCcbf/90PnF5NrtfrceLkaZy/cGlCvwfO
5unpiV3PPoM5GekOP7hmWRa/+OVvUVZeDmDg92nnju0IC1PYJNxtbW3Dx3/8C2pqayf9WAAglUqx
ZfNGZGetgF6vh0bTD29vL4cE0RMNoIVCIby9vTAzMhKzZqUgNCQEPj4+kMtldrsAZjAYcOnyVRw5
epzznqAAmhBCCCG2oFarcejwMdy4ecvSDkEgECBMocCyZUuQkpw85nOEjo5OPCwqwpUr11Hf0GBp
iScSibB40UJs3bIRcrncbj+LvbW2tuHU6bO8ENrDwwPz5mYgJzvLam9hg8GAysoq3Lmbi+rqGnR1
d0Gt1lhd/0ckEsHT0wNenl5QKmMxf95chIUppmwLE51OhyNHj+P8hUsjzkp1NoZhkJ21Atu2bp6S
lfojVT47KoC21jZjNP/4P96DUhnH2TaWIJsCaNcg/Nd//r/+1dmDmG5UqlL84aM/QqWy/iaIjo5C
clLimB7LaDTiiy/34+KlKxMeT2trG0pKVEhNTYG7u/2mihw7fnLC4TMAFJeoIJPJEB01c9R9S0vL
8PsPPppw6Nja1ob6+ganBH/j0dTUjPf/8BG6u3ss26RSKZZmLsbePa/YdeoPwzBwd3dDvDJuoC9b
+/dX3NVqDTSafiQlJjj14Ka8vAIHvjvs1ClZk6HX61FbV4fkpCSHL6qn1Wpx/OQpS5VsW3s7SsvK
kBCvnHTrHpZlcfXaDdy9l2uTA0e5XI7t2zZjdtos3H/wAGfOnIfBYEDkjAiHBNADVfY3oFZrRt/5
b6RSKbJWLscz27Zi2dIlmDEjAj4+PnBzs1/lMwDcy83Dd4eO8t4TM2ZEIG1Wqt2elxBCCCHTn9Fo
RFl5BY4eO2E5D2MYBoGBAdiyeSPmzskYV2Ds7u6OsDAFvH28UV1TA41mIKQ1m81obmlBdHQU/Px8
Xfp8bSRyuQyK0FBoNBq0tbdbWmXo9Xq0tbVDp9MiJCSEVxTV2tqG8xcuIS+/AO0dHdDp9MMeU5vN
Zmi1WnR3d6O5uQV1dfUAgAB//yk14xcYuLjx4Ud/srQqcXUVlVWoqKjErNSUSbUUdbTR2m5ER81E
sgPW2xnafkMZF4dFixZAqYyz+rVp43pe+AwMtKB1d3e37AcwaO/gzsClFhyugQJoGzIajTh56gz+
+sm+EYOK8QTQR44ex4WLl4e9PXLGDCQlJiBq5kx4yOXo6Oy0+sepp6cH1dW1mDMnfUxX6MxmMyor
q1BTWwejwQhPT88Rg577Dx7i8y++Gvb2xIR4JCYkIDgoCAyYYVslFD16jFmpKSNWa/f19eH9P3w0
7GPMSk1Bamoy4uOV8PXxQWdnl9XFClpaW+Hl5YWomZHDPpcz9ff349Dho1CVlnG2Zy5ZjK1bNjps
epWnpwfiYmPR0NDACaGbW1rg6emJmU56/fR6PU6fOY/y8gqnPL+t9Pf3IyAgYNz9uydLo+nHpctX
ORdx1Go1HhcXQy6XQ6EInfB4NBoNvt7/LXp7+0bfeQw8PT3Q2tKGc+cvoKDwAYICA7EqJ8thvdfG
G0DHxcbiued2YtHC+fDx8XHISZNGo8Gp02dx/MRp3gI1AAXQhBBCCJk8tVqDEydOobauzrLNw8MD
69etwcIF8yd0zCMQCBAaEgKxWISKiirLsanRaITRYERiQgKk0qkT7g0ll8sQGhIyrhBaKBRCp9Oh
obERfX3847rhGAwGdHUNBNEikRjBQYFTJoSurKzCb373Pmpr60bf2YW0tbfjXm4e4pVKeHl5OXs4
oxpLz2dnBdCLFi3Apo3rEa+Ms/rl78+fLQAAMpk7Z7/29nZehkIBtGuYenMFXFRLSys+/+Ir3iIM
k6FSleLkqTNWb8tcshircrIQEhLM2a5Wq3Hz1h0cOnyUtxhBaVkZzp2/iA3r1474vF1d3fjzXz7h
TGNYMH8eXnxhl9XQU6fT4dsD31l9rOysFViVk81ZfIJlWVRX1+DbA4c4izMOOn7iFN59581hx3fm
7Hmrqyenz07Dzh3beb201Go1zp2/iBMnT/Puc/TYCSxaON8lFxEoLSvnVZAmxCvx3K4dDq8CCAjw
x5tv7MUvf/U7Sx8uvV6P/d8cQHJSIm91a0fo7e2z2uJmqmFZFg8ePMSK5UudPn2LZVk0N7fgk08/
R2VlleW9O94guqy8Ak1NzTYbV0dHJzo6OiEQCBAXG4Ndz+6Al5enzR7fVoRCIebPm4tXdr847Gv2
5IKYk8GyLIxGI9RqDUrLynD6zDk0NTW79FRFQgghhExdRqMR9fUNePS42LJNLBYjJTkJixct5O3P
siza2ztQ39CAnp6B2ZxeXl4IUyjg7+/HO1ZatHABiotVKCi8bykeevS4GM3NzZDJ3KdsSwkACAoK
xJrVOQCAvPwCyxo7fX19uHsvDwzDIGvlCss5lbu7OzLSZ4NlWVy4eBmdnV2ImhmJyMgZ8PHxgVgs
glarQ2dnJ2pq6lBbV2dp8WEymdDU1IxLl69AIhFj4YL5Lv/aVVZW4de//T1n/ZKppL29Az//xa/x
D+/9ANHRUc4ezrCcueCgrZWUlCI+nl8NTVwbBdCTxLIs7uXm4Ysv9/MWa5sMg8GAbw8csnrbSy8+
h8wli60GHHK5HDnZKxEXG8Nr3QAMhLvps9OGXWyMZVl8tu8LXg+d23fuwsfHG9u3beHdJ7+gEM3N
LbztO3dsR072St52hmEwc2Yk3vu7d/CHD//IOYgBBhbca2lptbpoRX9/P65dv8nbnpE+G6/tfcVq
gCeXy7Fl80a4ubnh4HeHObep1WqUlVdMaAFEe+rt7cO3B77j9PmKmjkTb76x12r4zLIs1Go1jEYT
JBKxXXpby2QybNmyEZ9+9gX6+gYqW00mE747dAS7X37B4SH+k6tKT3Vt7e3o79dOuvXFeEilEohE
1g9GjUYjLl66ApWqDGvXrkJKchLc3d3H/NglNrwQ96RZqSkuGz5LJBKsWL502D72er0ezc0taGhs
RFVVNdra2nkthMxm1tL7cDRmsxk6nQ69fb3QaPqtzvIghBBCCLEVvV4PVWkpp82XXC7DyhXLeOdg
ZrMZj4tLkJubj9raOnT3dAMAvL28ERERjjlz0pGYEM85rxGJRFi5YhlKy8os57BarRaq0jKEhSnG
dSzqioKCArF6VTYYhkFuXj4vhAbACaHlcjnmZKTD09MTJpMJwUFB8PT0hJubFAKBACaTCVqtDj09
PaiorMKdO/dQXVMDk8lkKSq5ceM2fHx8xjz72hmKi1X44MOPp2z4PEin0+E3v3sf77z1BhIT4509
HJ7y8gro9Xo8s33rqPtGznDtxRU1Gg0K79+nAHoKogB6kq5cvYYvvrR+FUkikSA0JATVNTXjftxb
t+9Yvd/2bVuwNHPJqPePjJyBt998Hb/41W85IabJZMKRo8fx9luvW71fa2sbHhY9snrb5SvXsHnT
Bt4BRlBgIObPm4s7d+9ZtqXPTkN21ooRxyiRSLDr2R34l//3x7zbqmtqrAbQ7u7u+Ld//b+RX1CI
S5euoq6+Hm5ubnh25zOjVo9mrVyOi5cGriA/qb6+weUC6PMXLnJCfZlMhtWrs632VGNZFkeOHsf9
+w9hNpvh7++H5597dtRVlceLYRgkJyViwfy5OH/hkmV7iaoUFZVVSEpMsOnzjWawv9l00N3dA7Va
7eAAWoqgwCB0dXVbvZ1lWdTV1+OTTz9HSnISFi6cj9iY6DH1qrY2Q2EyJBIJ5mSkY+uWTXZfTHUi
Biuf169bwzs50ul0KC0rx9Wr11FVXY3e3j6rC8gQQgghhLgyvd6A0tJyy/dCoRDhYWG8dnyDrRyP
HTuJispKzm3d3T2oqa1FY2MT3KRSREXN5ITQsbExiAgPR19fieV4qbS0DEsWL5ryATQABAcHYVVO
FoCBSujBtmm9vb3DhtDJSYkQCoVWq5jd3d3h6+uDwMAABAYG4OLFy3hcXGIJoWtqa1FU9AgR4eEu
WcABAKdOn5ny4fMgnU6H02fOulwAfenyVbS3t48pfJ4KhrbuIFMHBdCTlD57Nk6cPM0LcaKjovDy
S88jL79g3AE0y7K4evUGb3tcbKzViuLhREdHYcvmjbyq38GK5eDgIN59Rvrw12q1MBgMvKA3OjoK
0dFR2LplE+7l5uHylauWq7ujCQkJRkK8kte6pK2tfZh7DPQZW5q5BEsWL4JKVYa29jZOi4/hiMVi
JCUm4voNbgX1YDWvq2hra8fde9yFF5RxsUhNSebtazKZcPLUGU57keaWFjx4WITlyzJt3lNYJBJh
86YNyC8oREdHJ4CB1y8/vxAJ8UqHtgYZWt0/lRkMBnR2dvFa6tgTwzDIzFw06orBBoMBBYX38ehx
MUJDQrBw4XwsXrRgxB7ktq5MDwoMxLatm+Ht7Zp91UKCg7FxwzreidHgTIYHD4s4fZlFIhEUoaHw
8Jj8qu7NLS1ob+8YfUdCCCGEkEkwGAyc3s9isRjx8UrefiaTCWfOnueFz0+qqKzEmbPn8fprr/LO
H+LjlSgrr7AE0LV102fWIzC2EHrliuWWYqyxLG4nk8kQr4wDwzAwGAwoUQ0c3+v1epSWliM+vspl
1wJ5/bVX8eOf/IxXJDYV+fr64PXXXnX2MDhOnDyNw0eOYfWqbGcPxSY0Gg3OX7g0arEjcU0UQE+S
l5cndj27Ax99/GfLtjWrc7Bh/VpIpVLk5ReM+zErK6ushtYbN6wbd/+mZUuX4PyFi7ywLi+/AOvW
rubtHxgYAJlMZrWdSHRU1IhXnv39/bBmdQ6yVi4fVy/boKAgXgA9dGq6NQKBAAkJSgD8A5+R7jOU
q61YW6JScf5/CYVCrF6VbXUBifLyCly+cpWzzWQy4f79B1i8aIFdfjY3Nzds3rQBn372haVdQOH9
+9iyecOYqmNtZbhFKKeqpuZmh18tT01JxoyICNTU1o64H8uy0Ol0qKquRl19PU6dPoPYmBjExEQj
IjwMISEhkEolEAgEEAgENl+Ag2GYYduFOJtcLscLzz/LuwjW2tqGL7/aj8fFJWBZFt7eXli2NBMJ
8UoEBQVBKpVM+gJRU1MzPvjw40k9BiGEEELIWJjNZkufYWDgHGVoW8fBvs9Fjx6P+nhFjx6jvb0D
wcFBnGMihSKUc87b29s77WaPBQcHWQrLxhJCj4VYLEZsTDSaZ6ehta3NUizU1NyMysoqJMQrHbaI
/Xh4eHjgh+++jf/4+S+n9IUGsViMH777tkPPh0dz9NiJaVctPN1+nqcNBdA2kD47DQsXzEdxSQle
fumFSbdzKLz/gLctIjwcSmXsuB/L3d0dy5ctxZGjxznbr9+4abVXqZubG3bu2IZPPv2cs10sFmP7
ts1jes7xrrRrreraHh/cLMtabdvgSlP6DQYDVKoyzh/ftFmpVhczMJvNKCi8j95efgV3iaoUzc0t
iIgIt8s4ExMSEB4WZgkuu7t7kF9QOKb2MLZiy57rwEBVqqenB7q7e8bch9eWWltbHf6cMpkMy5dn
4osv94/5wN5oNKKrqxv3cvNwL3fgAFksFiNMoYBCEYqAAH/OyYktCAQCm1fz20piQjyiomZytvX1
9eHLr/aj6NFjMAyDlOQkm7fF6enpxeEjx6ZFtQghhBBCXJvJZLIsJDhIIBBANqQ4yWw2j3mdFoPB
gLr6egQGBnACZ5m7O69oSK1Ww2w2O3whdnsKCQlGTvZKGI1GFBTetxw/TyaElkqlSEpMQEVFJTo6
BmbU6vV6NDY2oa2tHWFhCtv/IDYQHh6GvXt2c4r6ppq9e3YjPDzM2cOwmI7h82D1M5m6KIC2AYZh
8Mz2rTCbzTYJM1WqMt622bNnTfgPbkpyEi+Abm0duCpqLRBZvGghPD09ceXKNbS2tSEiPBzZWSt4
/b1sgWVZlJWX87bbIxSuqKhEZVUVb3tsTIzNn2uitFod5/UQCoVYlZNlNXwzmUyoqqoBy7K824xG
I06dPovXX3vVLsGdp6cH4uJiUFtXZ3n+ixevDLs4pj1otbbtFebt7YXX9ryCisoqXL9xE01NzVZf
W3vp61OPvpMdpM9OQ01NHa7fuDnhhewMBgOqqqtRVV1t49ENEIlE45pV4Sje3l5Yt3Y156TJZDLh
2PGTKC5RQSqVInPJIqxds9pmffdMJhPKyipw6vQZy/TKp0VHRycuXb6CBw+K0Nwy0CM/OCgIqanJ
WLF8Gfz8fJ08QkIIIWT6MhrHVqwwnmrlse472NN4ugkJCYZCEYrHxcWcAo7e3l5Locd4Q+iAAH+E
h4fhmCiNIgAAIABJREFUYdEjy2N2dXWjrd11A2gAyEifjTWrc3D6zDlnD2Xc1qzOQUb6bGcPw2I6
hs8AVT9PB653Rj9F2Spc0Gg0VvtlWauAHauIiHB4enryWhY0NDYOW5GXmpJsteewrZWWllntXxod
NfGf15q2tnZ89vmXvO1ps1Id2nd3NC0tLZbpUsBAb9nhxseyrGVFaWsKCu+jpaXVaq/vyRIKhYiN
jcG16zctFewNjY1ob+9AQIC/zZ/PGp3etgE0wzDw8/NDdHQUZqWm4MLFS8jNK3BYqw9H9yLv7u5B
QWEhEuLjsWZ1DvR6Pe7cveeSUxzd3KTjnlnhCCnJybz356PHxbhy9TrMZjNSkpOwccM6yGSyST0P
y7LQarXo6upGfkEhrl67js7Orml5Ijaca9dvWK3Ub2hsRENjI86dv4gXnn8WmUsWO2mEhBBCyPQl
FAp5F3pZloV2yExWgUAARWgoRCLRqIUNg2ti8KqdNRrebEQvL69xt6KcKjQajdVwv6fn+xB6xfJl
Yz6nE4lECAwMgK+PjyWAVmvULrfukTXbtm5GW1s7cvPynT2UMZuTkY5tW8c2U9wRpmv4XFJSStXP
0wAF0C6mqanZ6vaI8Im3UhAIBIhXxln+gA2qq6t3SMg8HKPRaPXDMSkxYUyLCo7GbDajtbUNDx4W
4fiJU7yWDYO9jF1pav+jx8WcA64ZMyJGDN5GGrvRaERzi/XFJm0hIjwcEonEEkCzLIuq6mrHBdB2
Wi2ZYRgEBwdhxzPbkLlkMQ4dPoqHRY/s8lxPUqtt21JkNIOVusdPnIKfrx/kchm8vb04F0Bchbe3
t0u9T4GBz9WYmCheZfbt23dhMpng7++HtWtWWQ2ftVotiktUKC0tGzXwNxpN6OrqQk9PL7p7utHX
p55wpfpUde36DXy2j38B8Ukmk8myD4XQhBBCiO0JBALOWkEmkwlNTc1ISkyw7DN4HB0THTXqTK2Y
6Che/2cAaGho5BwfyWSyadV6Y6i2tvZh29dNNISWucsgl3+/2HVPTy+6uoYvXHIVDMNgz6svo6Wl
lbPgpauKCA/HnldfdpnzlImGz7/81e84C9Nv3LAOmzaut+XQJu1Xv/mds4dAbIACaBfTa+XKpLu7
Ozw9J9cT2dq0naF9vBzt1OmzVg9Msv+2IMN4mUwm/PO//n8Avl8AYzhisRiv7X3Fpfo0AQNtQgYx
DIPQ0JBhWw8IBAIE+PujtbWNdxvDMFDGxXIOCG3N398Pnh4enArhxsYmuz3fUDrd6AtVToZYLEZE
RDh++IO3kZdfgLNnL4y5p91E9PY5dlFFuVwGkUiEjo5O3iKlrmY80w4dRSQSIUzBncbY2dmF8ooK
CAQCpKYk8z5fdDodbty8jbPnzo/4+US+19HRiS++3D/m/b/4cj+SEhOpHQchhBBiYyKRCCHBwZbZ
ukajERUVlchauZy33+rVOejt7UNDY6PVx1KEhmL16hyr5zm1tXWcADokONglW7HZilar5fy8crkc
BoMBev3Auc5gCM0wDJYvWzqmEFoul0Em+74/t06ng1artf3g7UAsFuMH776Ff//pz1160XlPT0/8
4N23XGaW5nStfAYGqp/HI14ZN21fi6lu+l5KnKKs/WHw8538ibS3N7+nsqMrLp90LzcPR4+d4G1P
TIifcGjKsiza2trR1tY+YrgTOWMG/vF/vIdZqSkTeh57amz6PsAVi8Xw8Rm+8lMoFCImJtrq7THR
0dj98ot2PVgTCAS8PmKODNXsVQE9FMMwmJORjn/6x7/Hls0b7bZopaPfj1Kp1KX6nw9HIBDwVlh3
Bb6+PvDx4c7UuH3nLnp6eiGRSLBg/jxOtQ7Lsrhy9ToOHDyE9vYOCAQCuLu7c96/YrEYHh4enC83
NzfLPjKZjHPbZFt7TAWXLl8Zdy/JS5ev2HFEhBBCyNNJLBZxLq4bjUbU1dfzZpkKBAIkJSZg3brV
SE1JRlBQIORyOeRyOYKCApGakox161YjKTGBV9ms0WhQV1/Pme0VHh4GsXj6BtBDJSclIiU5CR4e
3xeg9fT04u69XFy+chXNzS2jPoa7uzvchywQOZX4+vrgnbded9m2K0KhEO+89bpNZm3bwnQOn4Hx
Vz8rlXEuV8FNBjw9n+RThEbDn37j7e016ceVSPhX5pzVB0qlKsVfP9nH2y4UCrFzx3a7T7GaOzfD
5SqfgYGAqrOzy/L9YBg1nIEq5zhc9rjGuToslUqxYsVSh7TCGNr/VvO3nm2OmCbn6DYEIpEI2Vkr
MCs1Bbdu38HtO3dtGrg7KlB/UtbK5bj/4KFLV0R4e3vB3896r3pnCgoM5HyuGgwGy5RRHx9v+Ptz
33/d3T24efM2jEYjkhITkJOTBV8fH1RWVeH4iVPo6OhEmEKBF1/YBYlEYrlffUMDPtv3Jfr7+7Fl
80YkxCstt/X09OC/3v/QUiEzHT14UDSh+2zftsUOoyGEEEKeXhKJBLGx0bhy9RqAv61H092D4hIV
bwE2gUCAeXPnYEZEBMorKiwt3vz8fBETHW219QYAlJVXoLu7h7PORWxsNOfYaLoLDg5CXGwsPDw8
kJdfYDlnHwyhAYxaCS0QCKZ825KYmGg8t2sHPv/ia2cPhee5XTsQExPt7GEAmP7h8/5vDjh7CMSG
KIB2MdYqvWwxrcPaHyCDwfF9RCsrq/DBh3+02sZg17PPOGRl3gMHD+HGzVvY/dILk1rc0daGhoAC
gQDiUSqYo6Iief299Xo9Hj0qRvrsNLtPV3Nzc+N8bzKZYDKZpvwBz3AEAgGCg4OwaeN6pM9Ow/ET
p/C4uMQm4bEzFpSLiAjHrNQU3Ll7z+HPPVYhwcHDLpbqTJ6enpz3l9FohEajAcuykLnL4OYm5ezf
2NiE1rY2yGQybNm8ETNnRgIAQkNDoFZrcOjwUfT09kAul/N+Xjc3Kfr7+2E2mzkXfby8PCEWi6d1
AN3cMnqVjy3uQwghhJCRicViRM6YAR8fb0s/Yb1ejzt37iFtViqvWpVhGISEDL+g+lAmkwn37uVx
zhN9fLwROWOGy7Q5cBSFIhQrPZcBwLAh9LKlmWN+baeqZUszUVtbb7no4QqWLc3EsqWZzh4GgOkf
Pms0mmEXHjx/4RLvto/+8F+OGBaZhOmZEk1h7u5uvG29vZOvVLYW+Hp4yK3saT91dfX44MOPrS6y
sHzZ0kl/kDMMgzCFwvLl6ek57L6NjU34xa9+i/sPHk7qOW1p6MUHhsGo044kEgk2b9rAqZRmWRa5
efnIyy+wyzifNHQ6nNlsdkqQ6mgCgQAzZkTgtb2vYPfLLzh7OBMmEomwKifLJQNeYGB8SUmJLjmF
UCgU8ip3Bn/3RSIR5zaWZdGvHQiQpVIJ5/06uFiPQCCA2WzmhckMw1g+B6zd5iqLnhBCCCFkemMY
Bh4ecqQkf7+IvclkQlV1NVpaWif9+C0trVCVlnJmOaYkJ8PDQ/5UHu8oFKFYuWIZMtJnW23HceXq
NTQ1NTtxhI7x/HM7ERPtGtXGMdHReP65nc4eBoDpGT7HK+M434/n5/vRP7zH+X68faOJY1AA7WKs
BS1d3V1W9hwfa609nlwZ194aG5vw/h8+Qk8PfyGBeXPn4Nmd2yd9YCEUCvHP/8//sXz94uc/wW9/
/Z/4h/d+iAXz5/H2N5lM+OOf/hu1ta6xwu7QqWUsOxDojiY4OAgvv/Q8J6zW6XT46yf7UF1dY9dA
eOhCgEKhcNpWPz/JbDajra0d167fxOEjx5w9nEmJiAjHiy8855IL/cnlMpfs1Q4MhMFPvj8ZhrEE
zzqdjnNBiWEY+Pr4QCKRQK3WoLqmxnJy1d/fj4cPH8FkMkEqlfL6OptMJssFxKEXDU0m05g+I6ay
4KCxrfY+2fsQQgghZHRubm5IS0u1nLewLAu1WoO793LHtWaDNXfv5UKt1ljOXSQSCdLSUnkzLp8m
Ew2hp0MLjkECgQDvvvPGmBZftKfg4CC8+84bLvG6TsfwGRjo3TxopOrnobKzViA+/vv7trd3QFVK
AbQrcv67h3C4u/ED6I6Ozkn3u+3o4PeqfXJlXHtqbm7B7z/40NL760lz52Rg98sv2K1VhJubGxIT
47F3z268+86bvOlber0eBw4ecokQRywWc0Jok8mE/jH25k1KTMCSxYs4fxBNJhM+/ewL1NTU2nys
g4auTCwSiRy2WISzKiG0Wi3Onb+I3/3+A3zz7UGbVHwAzvt5GIZBUmICXnrheUSEhztlDMMJDwtz
2erszs4uzsySJ3u2qzVq3kW/0NAQRM6IgE6nwxdf7seBg4dw/sIlfPrZF7h1+w5YlkViQjw8Pbl9
37u6uy0Xeob+/9Fo+h3eC93RUlOTR9/JBvchhBBCyOhEIhFmRkYiOmqmZZvBYMCdu/dQV1c/4cdt
b+/AvVxu+43oqJmYGRlp95aCrk6hCMWK5UuthtD3cvOshtAymTvi4mIQprB/e0tH8PDwwA/ffdtp
FyPc3Nzww3ffHnF9JkeZtuFz3MSrnzduWMf5vkSlssmYiO1RAO1ihgtbGhubJvW45eWVvG2O6BnV
0tKK33/wIdra2nm3zZ2TgVdfeclhi0qkzUrFK7tf5G1/XFyCqqpqh4xhJAzDcP7/GwyGMS8UKZFI
sHbNKt5BRn1DA/76yT7U1zcMe9/Ozi78+S+f4PiJU1Yr1Ecy9PfS29vLYUGqo3vB9fb24dLlq/j1
b36PI0ePo7m5xaYXLpzZ245hGMTHx+GtN1/D+nVroAgNdYmpjkuWLHLZnn/NLc3Qar/v/S0UCpGQ
oLRUOVdVcz9TpFIpVq3KRlBQIPr6+nDh4mV8e+A75OUXwGAwICkxAdlZK3kXkUpLy6DX6+Ht7cXr
kd/e3jHtA+gVy5eN66KWUCjEiuXL7DgiQggh5Onm7u6GZcsyOVXQnZ1duHL1+oSqoE0mE67fuInO
zi5O9fOyZZlW21M+jcLCFJYQ+sk2k93dPVYroaVSKZKTkrB8eea0CaGDggLx1puvOfwchWEYvPXm
ay4xW3S6hs8AOBXMAJA2axZ+9A/vWb6Gk521gjeDtL2dX3xJXAMF0C4mIMAf3t5evO1Dw4zx6O7u
QW0dv83EWP4YTSZga21tw+8/+NBqhehg+OzocGlORjqio/gLDz56XOzQcQwnPCzM8m+DwYCOjs4x
t9Dw9/fDG6/vgY+Pt2Uby7JoaGzET/7jP3H9xk1e/22DwYBTp8/g7r1cHDl6HD/+yX/g3PmL6Orq
HvUA0mg0orGJG0AHOXDqu1QqHX0nGzAajSh69Bi/+NVv8PX+b1FVXW21p/pkDV20ztH6+vogkUiQ
tXIFXn/tVWRnrXDYa2xN5IwZSJ+d5rTnH41areEd3KTPToOfny+MRiNu3brD6dk8WGn+5ut7kZKc
BJlMBrFYDB8fbyxbmok9r+7mHdh2dXUjNy8fZrMZSYmJvAqguvp6l5i9YU9+fr544flnx7z/C88/
Cz8/XzuOiBBCCHm6icViKOPiEPW3BZWBgePl+w8eTGjmZX19A+7cvcc5vo6aGQllXJzLFiI4w2AI
nT47jRNCD1cJ7enpgYz09GkVQiclJmDrlk0Ofc6tWzYhKTHBoc9pzXQOn62Jj4/jfGVnrbC6X052
Fuf7urp6qFRljhgimYCnez6LCxIIBIhXKnHn7j3O9tLScizNXDKhx7TW/0YoFA5bAc2yLK5dv4Hz
Fy6hsbEJ0VFRWL9+DVJTxj6tebDyubm5hXfbnIx0vLL7RaccUAgEAiQkKFFRya0Ib21tc/hYrImN
jbGsbAwMHJAZDIYxV4kHBwfhtT2v4Iuv9nOqk41GI776+lvcv/8Q8+fPRWJCPGQyGa5cvY5bt+9a
Qu7u7h588+1BXLl6Demz07Bk8aJhr/Y2NXErQIGxXdSwFalUgt7xFWyPi1arhaq0DOfOXUBZecWk
+9qNxtn97Qbesx9Br9c7vbewWCzGhg1rXaLH2nBMJhOqa2qgVMZaKjFEIhGSkxLR2NiEsvIKPCx6
hPTZaZbbGYZBREQ43nn7DfT1qaHVaiGXyyGXy3g/q9lsxtVr19HS0gqRSIRZs1J4z19S8nRML8tc
shgA8MWX+4d9HwqFQrzw/LOWfQkhhBBiP25uUixfvhQVlVWW4Fit1uDsuQt4+aXnx7yAtF6vx8VL
VzjVz2KxGMuXL3V6cYYrGgyhASC/oNDSDrG7uwf3cvMAAMuWZlrO8wdDaMBxxTv2tnbNKtTU1CI3
L9/uzzUnIx1r16yy+/OM5mkIn48eO8FrpfGkrq5u3rY5GemcwhOVqhS//PXv7DI+Yhuue3b/FEtK
4l9hu5ebZ/VNNxY3btzibUufnTbsH6EzZ89j3+dfWQLMispK/P79D1FQeH9MzzdS+Jw+Ow2v7H7R
Jm03amvrcOz4yXEHZdYWX+zunthra2sJ8UpOEFVZVcWpohyLuLhYvPj8Ls6VcWDgAK+g8D4++fRz
/Oa37+PDj/6EQ4ePQmulz3RzcwvOnD2Pr77+Ztjnqaqu5txXKBQiKipy2P1tTSqxz0FUf38/iotV
+OTTz/HRx39GiarU7uEzAHh6eI6+kx1FRc3E7LRZMBqNTg2fGYaBMi4WcbExThvDWLAsi5ISFe/9
uXjRQnh5eUKj0eDUqbNoaGjkzWIQiUTw8fFGSEgwPD09eOGzyWTCo8fFuHL1OhiGQUpyEpRxsZx9
mpqaUVNrv/7uriZzyWL8+N/+BWtW50ARGgqhUAihUAhFaCjWrM7Bj//tXyh8JoQQQhxELBYjXhmH
2JhoyzaTyYQHD4tQ9OjxmB+nuESFe7l5nJZisTHRiFdS9fNwRmrHMVIldGKC86t4bWXPqy/bfe2a
iPBw7Hn1Zbs+x1gcPnJs2ofPg9565++gUpVavkaTk72S8/3RY0/H6zSVUQW0C5qVmgKJRMIJNkwm
Ey5fuYotmzeO67FUqlKr7SUWLJhndf++vj4cPnLM6m2HDh9F2qzUEfsujRY+73n15UldfdVqtXjw
sAjXrt1A8d+q/xIT4hHzxMHPaNra+NXOzq4+HeTp6YEwhcLSMqWzswslqlLMyUgf82MwDIO4uFj8
7//5I/zlvz9FdU0NJ0DV6XSorqlBdU3NiI9jNpuH/X+t1+uhUpVxDhZTkpMcemXd1s9lNptRXFKC
/PxClKhKodPpxtz+xBaebJ3iDAzDYN3a1XhcXGx1wVBH8fPzxeZNG8ZcOeNMJX/7fH2yVYhCEYqd
O7Zj3+dfobauDn/9ZB9efGEXZs4c28UZlmVxLzcPBw4eglqtRmBgADasX8tZ9MRoNOLK1Wvj7tk+
1fn5+WL7ti3Yvm2Ls4dCCCGEPPXc3NyQnb0S1TW10Gg0AAaOUc6evYComTNHXUi6vb0Dx4+f4pxP
yGQyZGevdJlzM1cVFqbA8mWZYFnWaiW0QCDAsqWZlpmsQxe5nurEYjF+8O5b+Nl//hKdnV02f3xf
Xx/84N23nH4R5Kuvv8HFS1ecOgZHG6xgVsbF4R9/FDfsfnMy0hEd/X1r1WPHT1qd+U9cC1VAuyC5
XI7Fixbwtp8+cw61tfxezsPR6XT47tBR3nYfH28kJsRbvU9nZ9ew1Z6NjU1Wq2UHNTe34L/e/4Pd
wmeWZfGLX/4Wf/rzXy3hMzBQsT3WoLCvrw937ubytrvCogLAQKgaG8sN00+dOjuhhcYCAwPw+muv
YsXypeNaxOtJSUmJVrd3dXWjtOz73koMwyA7a6XVfe3F1tPyurq68fX+Ayi8/wBardah4TMwcKDj
bP7+fnhu106njUUgEGBp5hLMmBHhEosgjsZgMODcuYucz0WGYTA7bRZysldCKBSiprYWf/10Hy5c
vGw5ORtOe3sHvj3wHQ4cPITu7h54eXli86YNCA8P4+zX2NiEh0WPHP47SgghhBAySCQSITYmGhnp
sy2zucxmM2rr6nD+wsUR10wxGAw4f+EiauvqLDPvBAIBMtJnIzYmmrfuBeEbrRL6Xm4eurt7nDhC
+/L19cEP333b5iGxWCzGD9992+nnZk9j+Dwe/OrnE04aCRkPCqBd1PJl/NDQZDLhk08/H1MrDpPJ
hG++/Y7X6xgA1q1dM+wH9ZNVdkN5e3sNGyAPVj5bW3DQFuEzMBDsZGTM5m0vKLyPS5evjnp/s9mM
w0eOQ61W826Lipo5qbHZikgkQny8knPVv6a2FvkFhRN6PH9/PzyzfSv+z//+J8yMHF97DB8fbyzN
tD6l/dbtO5wqWUVoKKKjHfsajvS7OhFms5m3SKMjBQc7bgHH4QgEAqTNSsXre1+Fn5+vQ0NghmGQ
mBCPrJXLXbr381CVVVXIzcvnhMESiQQb1q/FurWrIRaL0djYhK/3f4t//+nPcez4SdTW1kGj0UCr
1aK3tw/FxSrs+/wr/NuPf4pz5y+iu7sHMpkMr+x+CfPnzeW8Hnq9HucvXKLVnQkhhBDidG5ubliV
k8U5jjWZTLh1+y5KRphCX6Iqxa3bdzmFT4rQUKzKyZrW1c8mkwnd3T3o6Oi0fA0N6jUaDTo7Ozn7
DPfl7u6OlJQkREfN5LS47Ozswu07d6d9CB0eHoa9e3bb9DH37tnNK/5wNAqfR2at+plMDXRp0UUp
FKFYt3Y1781UW1eH37//IV7Z/SIiIqz3Perr68P+bw7i9p27vNuio6KQuWTRsM/r6+uDhQvm49bt
O7zbcrKzrAZDjgifBy1auAAnTp7m/aH+6utvoNfrkZ21wuoV876+Phw6fAxXr13n3ebp6YmEeKVN
xmcLyrhYBAcFcVpkXLx4BfFKJby8xt8nWCgUIiIiHP/4o/fw4GERbt++i8amJrS3d1itdmcYBhHh
4di2bbPVXt11dfU4d/6i5XuBQICMjNkOr1SYblPJgoOsLwrqDDEx0fjRP7yHq9euI7+gcNjfFVuK
nDEDL7/0wpRbIMVkMuHI0eMIDAiAUvn9NDGhUIhVOVkICPDH5cvXUFVdjba2dhw7fhInTp6GRCKB
WCyCTqeHwWCwtLxxd3dHQrwSq3KyOAdWwMAskNt37vICb0IIIYQQZ2AYBv7+flixfBkOfncYOt3A
AuUajQZHj55ASHAwAgL8Offp6OjE0aMnODPDpFIpcnJWIiDAf0rMgpuo7u4e3Lx1m1PI09LKPYcu
LS1HX596XJW9arWG97o1NTXjytVrAIC5czLg7e01iZG7roz02VizOgenz5yb9GOtWZ2DjHR+wZsj
Ufg8uiern1WqUqp+nkIogHZhOdkrkZuXb1kMcFBtXR1+/JOfIXPJYqSmJsPfzw9CoRA9Pb0oKy/H
pctXLX2ghtq5Y9uoQeGuZ58BAE4IvX7dGmRnrbC6/+07d6223QCA3t4+/OW/Px3x+Yazd89uXhjl
6+uDjRvW4btDR3j7H/zuMG7euo3FixYiLEwBiViM3r4+VFZW4eatO8O+JhvWr3WpfrNyuRzZ2Ss4
r1tNbS0KCguxbGnmhB9XIpFgTkY60malorm5BbV1dSguVqGsvBxtbe2QSCQIUyiQkTEbs1JTrLYl
UavVnINLYKAv62i9we0hICDAoc9nT1KplLOCr7MxDIPAwABs37YFSxYvwuPiEtTW1qGxsQlV1dU2
D6MDAwOwc8c2p091m6iurm58d+goXtn9IoKDgyzvBYlEggXz5yExIQG5efm4f/8Bmpqb0d+vhcFg
gF6vh0AggJubGzw9PRAeFob58+ciYcgsCGAgfC4uVuHY8ZPjXpiUEEIIIcRexGIxFi6Yh5ISFQoK
78NsNoNlWdTU1uL4iVN4btcOyzmdTqfDmbPnUFNba7mYLhAIkJyUiPTZadO+9YZarUZ+fqFlvR9r
amprbbbQ9NMSQm/buhl1dfXjWgBzqOSkRGzbutmGoxo/Cp9HN7T6mRYenFqm9yf8FOfu7o7X976K
X/76d1Z7h167fgPXrt8Y8+O9+MIuXkWdNTKZDHtefRmbN21Ab28v/Pz8Rqy8HakSr6y8fMzjG2qw
H9hQ2VkrUFpahodFj3i3NTY24cDBQ2N+juSkxGHbTDjTgvnzcPLUGcvFB4PBAK1WN8q9xkYkEiEs
TIGwMAUWLpgPYGDBkNEO+FiWtTqdbk5G+rDV+PYUHqZw+HPai6+vD2Qy17kI8qTg4CAEBQWipqYW
Bw4esnnlrb+/H1564flxLSTqiqqqq/HXT/bh5ZeeR9iQ300vL08sX5aJ+fPmoLe3D11d3ehT98Fk
MkEikcDTwwM+Pj7w8JBDKpVavZhTUHgfX361f1pPoySEEELI1CSRSLB+3Ro0N7egvqEBwMC53K3b
d5CQoMS8uXMADBzPXL5yjXOeFxoSgvXr1lideUkm78kQet7cOROaUevqGIbBm2/sxU/+4z+HLYwb
SXBwEN58Y69Tq++dGT4rlbGc7+OVwy/+52xvvrHX8m+VqpQWHpxiKIB2ceHhYXjvh+/ggw8/Rk+P
9Qresdj17I5xV8/6+/uNunqxM4jFYuzdsxuf7ftywr2RASA2JgZ7Xt3tklfa1Wo12traLd/LZDIo
FKF2e76xvAYPix7h9BnugojhYWFYu2aV3cY1kpCQEAQE+HNep6kqTKFwyX53ZrMZ3d09yM3Lx8VL
l9He3mHTADoiPBw7d2yHUhk75adbms1mVFZV4a+f7MOzO7cjOjqK08dfIBBALpdDLpcjJGTs7Va0
Wi1u3b6LU6fPUPhMCCGEEJckEAgQGhqCVauy8PX+A5Z1VcxmMw5+dxhBgQMzKw9+d5gTPsvlcqxa
lYXQ0JAptQbIVPM0VEK7ubnhh+++jX//6c85C4SP9X7OPBdzduXzpo3rnfbc47Hr2R2c76n6eepx
veSN8ERFzcT/+qcfYd/nX6K4RDWu+/r5+eLFF55DSnKSnUbnHHK5HK+/9iqOHjuBU6fPjvv+SzOX
4JntW1yq9caTHj0u5vS59vb2shy4OcP9Bw/x2b4vOBdBPD098eILuyCTyZwyJg8POZYsXoQjR49f
Tay8AAAgAElEQVRP6X64AoEA6elpvEVHnclkMqGzswv5BYU4eeoMNBqNTV9jhmEQEx2NV195CYGB
06eVCjAwbfL9P3yMrJXLkbVy+aQWy2xubsHxE6eQm5fPufBDCCGEEOJqRCIR5mSko7S0HDdv3bYE
zd3dPThw8LDl34MEAgEWzJ+LuXMyXLIgyB7c3d2RmBjvkOPf3t4+NDU3W9pQPg2V0EFBgXjrzdfw
+/c/HFPLQKFQiLfefM1q60lHcXb4PJVkrVxu+TdVP09NT8cn/TQQGBiAv3/vB7h7Lxdnz14YsW8U
MBAOZq1cjuXLMiGXyx00SscSiUTYtnUzFsyfhzNnz+Pmrduj3md22ixkZ63gLBbmigoLH3C+9/Xx
cUo1OsuyeFj0iBc+i0QirMrJwsyZkQ4f0yCBQID02Wm4fecumpqanTaOyWAYBkmJCYhXOm4RTJZl
0den/tvzAyaTGQaDAf39/ejq7kZ9fQOqqqpRW1eHjo7OYVvhTJSXlycWLVyANatzpu1nU39/P06e
OgOVqgxpaamIi41BeHjYmE6uNBoNqqtroSotRW5e/oSmERJCCCGEOINEIrH04x1cUJ1lWZSWlfH2
jZwxA+vXrR3XYntTnY+PN1auWO6QwoKuri7cy81HXn7BUxVCJyUm4LldO/D5F1+Puu9zu3YgKTHB
AaOyjsLnsXty4UGAqp+nKgqg7WzjhnXYuGGdTR5r4CrxPMybO2cgJKquRlNTM/r61DCbzZDJ3BEY
GIjwsDBERUXyFvCzl82bNmDzpg0OeS5rFIpQvPrKS9i5YxvKyitQX9+Anp4eqNUaSKVSeHt7ITQ0
BFEzZ7pkS5Ghenv7eAtPxMcrHV4hq1arcev2XZw+c5YTPjMMg0ULF2Bp5mKnT5ULDg7ChvVr8c23
ByfVosYZGIZBeFgYtm3d7NCDP5Zl0dDQiKvXrqOzswtGoxE6vQ5qtdryWWIPQqEQMyMjsXHjOsQr
41yq4tsezGYzSsvKUFZeDi8vT8QrlVAqYxEaEgIvLy+4ubmBYRiYTCb09/eju7sHNbW1ePy4GJVV
1Zapq4QQQgghU4mHhxy7nn0Gf/rLX9HR0Wl1Hz8/X7z04nPw8JiexQjDEYlE4154XKvVoqGhET29
w5/rBPj7IygokNNHOygoEHK5HCzLIr+g8KkKoZctzURtbb3l5xxun/G2KLUlCp9HNrS6+cm1zKj6
eeqiAHoKEggEiIgId8rCb65MLpcjbVYq0malOnsok9LY2AiNhhs+Db0yy7Isamvr8LDoEUwmE1bl
ZNm0b1VDQyMOHDyE4hIV5wo9wzBYviwT27ZudomexQKBAHMy0hHg748LFy+j8P4D6PV6Zw9rVEKh
EEszF2NVTrbDL4oIBALExkbD19cHd+7ew+UrV+0e3gcFBWLD+rVISkyEp6fHlO/3PB4sy6K7uwd3
7+WioPA+xGIxJBKxJYBnWRZGoxEGgxEGg4HTeocQQgghZKphGAZRUTOxedMGfPPtd1Cr1Zzb5XI5
Nm/aAIUi9Kk6JpworVaHW7fvorikZNh9lixeBD8/X95CjmFhCqxYvhQAeCH05StXAUzfEPr553ai
vr4B5RUVvNtioqPx/HM7nTCqAa4WPh89dgIq1fezFJTKWJfoC33s+EmrxZxU/Tx1UQBNiIupq2+A
RqOxfO/l5Qk/P1+0trahvqEBDx4U4WFREbq6ui37XLt+A1s2b7QEfBOpLtXr9ejs7ML1Gzdx6fJV
6HQ6zu0ikQhLMxdj29bNDquuHwuhUIjo6ChER0ehs7MLj4uLUVNTi7a2dhgMBhiNJhiNRhiNRpjM
JpjNZrAsC7PZbPliWfZvX3ji3yyn7/GTB8gMw4BhGAgEg/8VcL6EAiFEIpHlSygUQCQSwcfHB5GR
EUhNSYGPj7czXi4AA69ZUFAgNm5Yh2VLM3H9xk08eFCEpuZmaLXaMfVMG4lYLIZM5o4whQILFgzM
2pjuFc+jYVkWer0eer0eQ87DCCGEEEKmFYFAgPnz5qKpqRnnL1yyXGAXi8VYmrkY8+fNdfpMyqnC
3d0NAgGDrq5u3vkZMLBYvVQqHfb87MkQOi+/AH19fQAG1hqZziG0QCDAu++8gR//5Gfo7OyybPf1
9cG777zhtN8/VwufAUClKuNUFCuVsU4czfeOHjsBAJwQ+tjxk1T9PIVRAE2ICzEYDKitreMEgAKB
AB//8S9oaGyyXLUeqqurG5/t+xJhCgWUyljExERjRkQE/P39RvzjajQa0djYhOqaGpSVVaC4pITz
B3qQt7cXVuVkI3PJIpcKn4fy9fXB4kULsXjRQl7AzA2aB8Lm/5+9+45r+s7/AP7KThhhCaiAW0Bw
T3DvrbXWumrndVx3b/fud929u7bXva+9tte6cNXWXUcd4Aa3CCjgQvZKCNnJ7w+rNSYBAmQAr+fj
4aPlk/F9J5Dkm9f3831/ANgFzTf+39mie46C6F///9ZwWmj3X1/c0VYqAzFt6mSMGzsaZWXlOHb8
BPLy8lFSWoqqquoGh9FyuRwhIcGIjIhAQkI8esXHIyQkuE319SMiIiKi60QiEaZMnoji4hKcPHV9
fZveiQmYMnlim5+Y4AqZTIa+ffuguLgEF3LzbM72lMvlSEzoha5dOtf5nNYVQp84cQpdOndqdQE0
AAQEBOCpJ36LN956B0ajERKJBE898dsmLRLeFL4YPnvTzBnTsGlz3bOZN27aguzs64FzY4Pn2J6+
vf5XW8IAmsiHGAwGXL5s2/+5qqraZrazMxaLBVeuXsXVggKkph2ATCZDQIA/oqOiEBkZAX9/f4hE
Qmi1OtTU1ODatcJfZrzqodfrnS6GERMdjcWL5qNLl84+GaA646uBr6+Sy+WIjo5CdHQUdDodKioq
UVVdjfLycqhUatTU1MBgMMJkMkEgEEAsFsPPT4GAgACEhAQjJDgYQUFBCAkJbjMrmRMRERGRc35+
frjv3sV4972PAAD33bsYfn5+Xq6q5Ynt2QMmkwmBgYEoLCyC0WSETCpDp04xSBo2BNHRUfXeh6MQ
OihIic6dYxAY2PrC5xuio6Pw4AP34osvv8aDD9zboOfKHRg+24uL7VlvAA00Pni+YdbM5lmTjZpO
YDVpHE/zIyKPKywswuv/fLPelZElEgkCAvyhkCugUqtvHsVuLkKhEKGhIRg8aCCmTJ7IHUVq02pr
a/GvN99GSUmpt0tptJEjhuPeJYu8XQYRERG1QUVFxQCA9u0jvVxJy1ZSUorCoiLo9Xr4+fkhOirK
5bZ+164VYveefcjNzUNCQjxGjxqJiIhwN1XsO/Ly8m0WsvOkoqJiHE3P8Mq2b+jevZvdulI35OSc
R3bOryFvXGxPxMZ6btbw7dtvTr7Qy5p+xQCayIf8tH0nvl//o8PLZDIZYqKj0aVLJ8TERCMyIgJB
QUEoLi7BseMncOr06QbNlK6LQCBAxw4dMGTIIPTpnei1I8REvoQBNBERERG1FteuFaKwqAgx0dFt
InwmIt/A86SJfEhGxnGbn2UyGeLjYjF48ED0io//ZREK29YSoaEhiIvriTtmz8CJk6ewb99+XL5y
xWkPY0fEYjF6JyZgwvix6Nq1C8RiMVelJiIiIiIiamU6duyAjh07eLsMImpjGEAT+Qi1ugYmkwl9
eieiU6cYxPbsiS5dOkEul9d7W6FQiICAAIwcMRwjhiejsrIKFy9dQlFRMUpLy6DRaGAymWC1WiES
iSCRSBAcHITw8HBEdeyILl06+fTigkTeJBaLMXjQQKhUjhcBbQl69uzu7RKIiIiIiIiojWILDiIf
odfrUVVVjZCQYEil0ma9b4vFArPZfDOA5srTRERERERERETkCQygiYiIiIiIiIiIiMgthPVfhYiI
iIiIiIiIiIjIdQygiYiIiIiIiIiIiMgtGEATERERERERERERkVswgCYiIiIiIiIiIiIit2AATURE
RERERERERERuwQCaiIiIiIiIiIiIiNyCATQRERERERERERERuQUDaCIiIiIiIiIiIiJyCwbQRERE
REREREREROQWDKCJiIiIiIiIiIiIyC0YQBMRERERERERERGRWzCAJiIiIiIiIiIiIiK3YABNRERE
RERERERERG7BAJqIiIiIiIiIiIiI3IIBNBERERERERERERG5BQNoIiIiIiIiIiIiInILBtBERERE
RERERERE5BYMoImIiIiIiIiIiIjILRhAExEREREREREREZFbMIAmIiIiIiIiIiIiIrdgAE1ERERE
REREREREbsEAmoiIiIiIiIiIiIjcggE0EREREREREREREbkFA2giIiIiIiIiIiIicgsG0ERERERE
RERERETkFgygiYiIiIiIiIiIiMgtGEATERERERERERERkVswgCYiIiIiIiIiIiIit2AATURERERE
RERERERuwQCaiIiIiIiIiIiIiNyCATQRERERERERERERuQUDaCIiIiIiIiIiIiJyCwbQRERERERE
REREROQWDKCJiIiIiIiIiIiIyC0YQBMRERERERERERGRWzCAJiIiIiIiIiIiIiK3YABNRERERERE
RERERG7BAJqIiIiIiIiIiIiI3IIBNBERERERERERERG5BQNoIiIiIiIiIiIiInILBtBERERERERE
RERE5BYMoImIiIiIiIiIiIjILRhAExEREREREREREZFbMIAmIiIiIiIiIiIiIrdgAE1ERERERERE
REREbsEAmoiIiIiIiIiIiIjcggE0EREREREREREREbkFA2giIiIiIiIiIiIicgsG0ERERERERERE
RETkFgygiYiIiIiIiIiIiMgtGEATERERERERERERkVswgCYiIiIiIiIiIiIit2AATURERERERERE
RERuwQCaiIiIiIiIiIiIiNyCATQRERERERERERERuQUDaCIiIiIiIiIiIiJyCwbQRERERERERERE
ROQWDKCJiIiIiIiIiIiIyC0YQBMRERERERERERGRWzCAJiIiIiIiIiIiIiK3YABNRERERERERERE
RG7BAJqIiIiIiIiIiIiI3IIBNBERERERERERERG5BQNoIiIiIiIiIiIiInILBtBERERERERERERE
5BZibxdARIDVaoXFYobFYoHFaobVYoHFaoHVar35D7jxXyIiIiLyNQKBAIAAAsGv/4QCIQRCIYQC
EYRCIYRC0S/XIyIiImo7GEATeZjVaoXZYoLZbILFbIbZYoLFYvF2WURERETUBL9OGKj7ekKhECKh
GEKRCCKRGCKhmKE0ERERtWoCq0nDKZVEbmY2m2AyGWEyG2E2m7xdDhERERH5EJFIDLFIArFYApGI
c4SIiIiodWEATeQmJpMRJpMBRpMRVitnOBMRERFR/QQCISRiCcRiKcRiibfLISIiImoyBtBEzchs
NsFoMsBoNDB0JiIiIqImEQiEkEikkIilnBlNRERELRYDaKJmYDTqYTDq2V6DiIiIiNxCJBJDKpFB
IpF5uxQiIiIilzCAJmokq9UKg1EHg0HP2c5ERERE5BECgRBSqQxSiZyLFxIREVGLwACayEVWqxUG
gw4Go+6X1c6JiIiIiDxLIBBAKpFDKmUQTURERL6NATSRC/QGHQwGLYNnIiIiIvIJAoEAUqkCMqnc
26UQEREROcQAmqgBjEYD9AYtLBazt0shIiIiIrIjFIogkyogkUi9XQoRERGRDQbQRHWwWMzQ6Wth
Mhm9XQoRERERUb3EYgnkMj8IhSJvl0JEREQEgAE0kVN6gw56fa23yyAiIiIicplM5se2HEREROQT
GEAT3cZiMUOnq4XJzFnPRERERNRyiUUSyOWcDU1ERETexQCa6BYGox46ncbbZRARERERNRu53B9S
iczbZRAREVEbxQCa6Bc6nQYGo97bZRARERERNTupRAa53N/bZRAREVEbJPZ2AUTeZrGYodVpYDab
vF0KEREREZFbGIx6mC1mKOT+bMlBREREHsUZ0NSmmcxGaLUaWK0Wb5dCREREROR2AoEQCoU/xCKJ
t0shIiKiNoIBNLVZRqMeWvZ7JiIiIqI2SCH3h4R9oYmIiMgDhN4ugMgbDAYdw2ciIiIiarO0Og0M
Bp23yyAiIqI2gAE0tTl6gxY6fa23yyAiIiIi8iqdvhZ6g9bbZRAREVErxwCa2hS9QQu9njvZRERE
REQAoNdrGUITERGRWzGApjaD4TMRERERkT2G0ERERORODKCpTTAYdAyfiYiIiIic0Ou17AlNRERE
bsEAmlo9o1HPns9ERERERPXQ6WthNOq9XQYRERG1MgygqVUzmY3Q6jTeLoOIiIiIqEXQ6jQwmY3e
LoOIiIhaEQbQ1GpZLGZotQyfiYiIiIhcodVqYLGYvV0GERERtRIMoKnV0uo0sFot3i6DiIiIiKhF
sVotPIuQiIiImg0DaGqVdDoNzGaTt8sgIiIiImqRzGYTdAyhiYiIqBkwgKZWx2DUw8DFU4iIiIiI
moT71URERNQcGEBTq2KxmDlTg4iIiIiomeh07AdNRERETcMAmloVna7W2yUQEREREbUq3McmIiKi
pmAATa2G3qCDyWz0dhlERERERK2KyWyE3qDzdhlERETUQjGAplbBYjFDr+fMDCIiIiIid9Dra9mK
g4iIiBqFATS1CjqGz0REREREbsV9biIiImoMBtDU4hmNBphMbL1BREREROROJpMRRqPB22UQERFR
C8MAmlo8vUHr7RKIiIiIiNoE7nsTERGRqxhAU4umN+jYi46IiIiIyEMsFjMXJCQiIiKXMICmFstq
tcLAGRhERERERB5lMGhhtVq9XQYRERG1EGJvF9AaqFQqZOecx8lTpwAA/fr2RVxsTyiVSi9X1roZ
DDru+BIRERERedj1iSA6yGQKb5dCRC1AWXk5rly5gqKiYlRVV0Nbq0WtthZGo9Gj3+klEgn8FH7w
81MgODgYERERiImJRkR4uMdqIGqrGEA3UVl5OdLTM7Bx8xakpqYCAEaNGoVZM6Zj8OBBaBcW5uUK
Wyer1QqDsXWe+mexWFBbW4vKyirU1Gigqa2FVquFXm+A2WyC2WwBAIhEQohEYshkUigUCvj7+SEg
wB8hIcHw8/ODUMgTHIiIiIjIPQxGHaRSOQQCgbdLISIfpNfrcbWgAAUF15Cbm4fMrCzk5eWhrKwM
KpUKKrUaRqMRFovFI/UIBAJIpVIEBgRAqVQiPDwcXTp3Rq9e8ejZozs6duyIqI4d4efn55F6iNoa
gdWk4RTSRqqsqsbevXuRsno10vYfsLls5IjhWDh/PsaMGYOQ4CAvVdh66Q1a6PWtp/2G0WhETY0G
KrUaVVVVuHatEOfP5+JqQSGKi4tRVl6O6moV9Ho99Ho9AEAmk0EmkyFIqUS7dmGIjIxEdFQH9OzZ
HR07dkBwcDCUykAE+PtDIpF4+RESERERUWsjkykgk3IWNBH9ymAwoLKqChcu5GLL1m3YuWsXiktK
YDKZvF2aQ2KRCCGhoZg4YQJmTJuK2NhYtAsLhVQq9XZpRK0KA+hGMhgM2Lh5C5YuW470jAyH1xk8
aBDuXXIPZs2YzjevZqauqYLV6pkjpe5kNpthMBhwteAaMo6dQFraAZw4eRoVFRVNut/Q0FD079cH
I0cOx6CB/REd1RFSqRQikaiZKiciIiKitk4gECIwINjbZRCRjzCZTMg8l4XNW7Zi9Zo1KC0r83ZJ
LgkLDcWcO+7AXXPvREKveIjFbBrQEpnNZhiNRpsZ9kKhEBKJBBKJhLmIlzCAbqTVa9fh26VLcfZs
ptMjeWKxGIkJCbj/3iWYf/c8D1fYehmNemh1Gm+X0WRmsxm5uflIWb0OBw8dRmlJKYwmE0wmU5P7
YAkEAojFYkjEYoRHhCM5aRgWzr8L3bt35ZstERERETUbhdwfEonM22VQM1CpVHj51dexbft2AMDU
yZPx8ot/59pG1GC79+zF8pUpOHDwIDQaDcxms7dLcolIJIKfnx9GDB+OeXfNxdTJk7xdErnIarXi
XFYWtm/fidT9+3Hl6lUIAERHR2PUiBGYPHkiesXHs32UFzCAdpHeYMAPP27A0mXLkJ1zHlpt3W0g
FHI5YmNjce+Se3DnnDsg40zoJtPUqmA2++bpOw2h0+mQl38RW7Zux6FDR1FYVAS1Wu22U5LEYjEC
AwPRoX17JCUNwfRpk9GtaxfI5XK3bI+IiIiI2g6RSAx/PwaUrcGU6TNxNjPTZiwxIQE/bdnkpYqo
JVm77nusW78eJ0+dhkql8nY5TaJUKtErPh5z58zBPYsXerscaiC1Wo0NmzZjy9ZtyMrKgkqttmlh
qgwMRHx8PKZPm4rZM2cgMDDQyxW3LaKXX/y/l71dREtRWVWFLVu34buly5CTkwOtrv5F8EwmE6qr
q3H1agEUcjk6RnWEgsFfo5nNJugNLbP3s9VqRc75C9i0aRvWrvsRR45m4NLly9BqtW5deMFisUCn
06G8ogLXCouQnX0eFRWVCAgIQGhoCI/8EREREVGjWa0WiMUSLoDdwm3bvgNfff2N3XhpaSmSk5IQ
Ex3thaqoJTCZTNi7LxXLVqzA8eMnoK6p8XZJTabX61FZWYmysjKEhoSgY8cOXFfJx1mtVqz9fj3W
fb8eJ0+dQmVV1c2zy61WK0wmEzQaDcrKylBWVg6RSIQ+vROZh3gQG9o0UElpKfbu3Ydly1fgbKbz
thuO6HQ6ZJ47h6UrVgACAcaOGY2I8HA3Vtt6GU0Gb5fQKAaDAcePn8TOXXuw/+BhXL582WOr/d5g
sVhQVFSEkpISFFy7huKSEkycMA4D+vdlj3IiIiIiajSjyQCRiF8tW7LM22Y+3+rgoUNIThrmwWqo
pTAYDMjKzsHylSk4eeo0ajTOW2WGhYaic+fOiI6KQnh4OPz8FB4PdU0mE2prtSgrK8PlK1dw5epV
lJaWOrxubW0tMs+dw7dLlyE4OBh9eidCoeCiq77IbDYjOycHW7Zuw9nMTGjq+DvUaDQ4m5kJhUKB
Af37IS42lm1KPYR7CQ1QXFKKfampWLlqNY4dP+7wOgqFAl06d4YVwKVLl+xac5hMJhw/fgLiX3bM
xowejcgIhtCuMhpbVgBttVqh0dTi2PGT+OHHjThyJB0VlZX13k4gEEAhlyMsLAxBQUFQKOSQyWSQ
yqSQSaSwwgqDwQiDwQC9Xg+tVofq6mqUl5dDq9PV2UPaYrHg4sVLUKnUKC+vhF5vwMAB/eDv78ej
f0RERETkMqPRALnMz9tlEJGHVVZVYfOWrThw8KDDthsCgQAKhQJdu3RB//790L9fP8TF9kRMTAyC
lEpIJBKPfgc1GAxQqdUouFqAzKwsnDlzFsdPHMeF3DzodDq7SWIajQaHDh9Gzx490L59JDrFxHis
Vmo4o9GIn7bvQFZWVp3h8w0ajQZZv/SJ7taV62R5CgPoelRUVmHv3r1YuWo1jqanO7yOQqFAfFwc
Fi9cCCusWJmyClnZ2Q77Qx9NT79+CoDFgkmTJiI0JMTdD6HVMJmMsFo9O2u4KcxmM9RqNTKOncTX
33yHc1nZ0NXRtkUoFEKhUCAoKAjKwEB07NgBiYm90K1rZ7Rr1w5BSiWCgpQIDAyAFYBaXQNVtQrV
KhXKysqQl38JZ8+ew7VrhVCp1aiurq6zvUdFRQX27N2H4uJiPPTgfRg0sB8CAwP55ktERERELrFa
LTCZjBCLeYo6UVuh1+tx4UIuVq9Z4zD0E4lE8Pf3R98+vXHfkiVISkpCaEiwFyr9lVQqRbuwMLQL
C0O/fn2hnq7GkaPp+Pp/3+L0mTOorq62WzjRaDRi/Q8/IDk5CeHt2nEWtA8yGo1ITdsPlVrd4Nuo
1Gqk7t+P3zz0ANfH8hAG0HXQ6/XYvmMHli1fgRMnTzq8jlgsRlxsT9x37xLcfddcAIBEIsG3332H
M2cdt+pIz8iA0WSExWrF3Dl3QCbjqtENYWpB7TesVivUajVS0w7i7Xc+QHlFhdMgWCAQQCwWQ6lU
IqFXPCZOGIfBgwegU6cYiOropaeQyxER3s5mzGyx4PLlK0hPP46du3Yj81wWVCrVzd5Ht9PpdDh5
6jRefe1f+OMfnsWokckICgriTGgiIiIiconJZGAATdSGXC0owJat21BaVmZ3mUAggL+/P0aOGIG/
/eXPiImJ9smJToGBgRg3dgwSExPwrzf/jd179qCystLmu7PFYkF5RQV27NiJmOgoJPTq5cWKyRGL
xYKrBQU3FxxsCL1ejytXr3q8NWpbxgC6DmvWfY9ly1cgKzvb6XX69+uHe+9ZjFkzZ9wcu2PWTAgF
AixdvgLpGRkOb3f2zFn877vvYDIace+Se5q99tbIaDJ6u4QG02hqkXHsZL3hM3D9KOzw5CTMnjUd
QwYPRECAP0RicZ3hszMioRCdOsUgqmMHTBg/BkfTj2HDxi04cPCQ0zfjGx+ob7/zAfz8/DBs6GAE
BPi7vG0iIiIiaruMJiM4h4yo7SgouIadu3Y5vEyhUKBvn97421/+jKiojj4ZPt8gFArRLqwdfv/c
s6hRq7H/wAGHvaz3pqZi/LixDKBbEU678ywG0A7o9XqsXrMWK1JW4UJurtMFB4cNHYpFCxdg/Phx
Nou4SaVSjB8/DlZcP+3k8JEjdrc1mc3Izc3D8pUpsFitWDj/bs6EroPZbGox7TcMBgOOHb/edqOu
8FksFqN370TMm3sH+vRJRPvISAQE+Dd59rFIKIRIKkVIiATDk4ehW7cumDB+DNZ+/yPOnDnr8O/5
Rgj99TffQSKRIGnYYC5MSF5VUlKKsROm2Yx17dIFmzeu9VJF1Jps2Ljp+sLAt5g5YzruX7LESxVR
c3vz328j/dgxm7E//O45JA0d6qWKiFo/q9UCs9nExQiJ2oCy8nLk5uahuKTE4eVdu3TBfUuW+OzM
59uJxSJER3XEwgXzUV5R4XAiYWlpKXLz8lBWXo52YWFeqJKcEQqFiI6KQmVlpcNWuI7IZJQDl/UA
ACAASURBVDJER0dD2IiJf9Q43Du4TUVlJbZu+wnLVqxEbl6e0569w4YOxeKFCzBq1EiEBNv3MQoJ
DsboUaNuHlFxFELrdDpcyM3FipUpEIlEmDZ1KsJC2RPaEVMLmf1stVpx/JcFB89lZTsNn5VKJUYM
T8Kdc2YhMSEeSmUQRKLmfeMTCAQIDAyAn58f2oWFIiIiHOt/2Ij9Bw45XCDCYrHgXFY2fvhxE2Qy
KYYOGcRWHEREt1GpVLh0+TKkUim6dunSIg7WtcSafY2mthbFxcWoqdHAYDTAT+GHgAB/dGjfHhIJ
Ww4Q3WAyGRlAE7UBV65cQWZWlsPJTWGhoejfvx+SkpJaRPh8g0gkwtAhg3HgYH/k5+ejvKLC5nKT
yYSc8+dx5coVBtA+RiKRYNTIEbh06VKDA2hlYCBGjRjB/TgP4t7BLYqKi/Hz7j1YvmIlsrKz7ZrP
A9dnrfbp0xsLF8zHqFEjEREe7vT+IsLbYdSoUbBYrTAYDTh9+ozdG7ROp0NWdjaWr1wJgUCACePH
oX1kZLM/tpbOZG4ZAXTO+QvYuWsPjhxJd3jwQigUokOHDhg9ajimTZ2M/v36QCx278tQJBIiJCQE
ScOGQC6XIzg4GPv2paGwqMguINfpdDhyNB1hYSEICQ5GbGwPt9ZGRGQ0GvH6v/4Fo/HXz8f7712C
uNhYL1bl2MlTp/D2e+/ffH+P6tgRf//r82jXrl09t/Sellizr1CpVNizdx/2HzyI/IsXHa6lIJFI
0Cs+DmNGj8bwpCS3f6YT+TqT2QgZuEAXUWtXVFSMvLw8h5d17twZ/fv18/qCg40RFBSEfn37IOPY
MbsAGgAuXbqMoqJiL1RGdZFIJJgyeRLSM46hRqNxuCjmrfz9/REfH4/JkycygPYg7iX/oqi4GLv3
7EXKqtU4dfq0w+vI5XL07NkD9y5ejIkTxjuc+Xy7iPB2mDhhPKwWC7757jucP3/BLpg0m804ffoM
UlathkAgwPhxYxlC38JqtcJsdtwGxZfodDqkph7A/oOHUVFZ6fA6HTpc7808987ZiO3p2XBXLBZj
8KABUCoDIZGIsWvXHhRcu2Z3vYqKCuw/cAiRERHo1CmaK8ISkVtlHDuGzHNZN39WKpXo1rWrFyty
7j///crmM7zg2jWsXb8ev33kES9WVbeWWLO3mc1mbNqyBavWrIXRWPcBcKPRiFOnz+DUL/txzzz1
JOLj4jxUKZHvud42z8qz6IhauarqapQ5WHwQAKKjohAX29PDFTWfbt26IToqCseOH7e7rLyiAlXV
1V6oiuoiEonQKz4e06dNhVarxdnMTKchtL+/PxITEjB92lT0io/n55UHMYDG9TeRn3/ejZWrVuP4
iRMOryOXyxHbswfuvece3DF7NmSyhp++GhIcjDtmz4bZbMbS5cuR4yCEBoDjJ07AarXCYrFg6pQp
aBcW2ujH1JqYLb4fPgNAXv5FHD6SjsuXLzu8XKlUYvSo4Y0Kn4uLS5z214qMjERkhPOZ+LeL7dkD
c++cDaPRhM1btjlsx3H58hUcPpKO4cOHIaFXvEu1EhG5YtfuPTY/jxszxidnItTW1qK0tNRuPD//
oheqaZiWWLO3aWpr8cZb/65zAWpnSsvK8PJrr+PxRx/FmNGj3FAdUctgtpggFvne+zgRNR9trdbh
90gACA8PR0xMjIcraj5RUR0R7uRM9xq1GtrahrV4IM8SCASYPXMGgOuLYGZlZUGlVkOv1wO43vNZ
GRiI+F+C6tkzZzB89rA2H0DrdDps3rIVK1am4MzZsw6vIxaJ0LNHD9yzeDEWLVzQqO3IZFIsWrgA
FqsVy5avwLlz52By0OLjxMmTMBqNMJvNWHD3PM4+BVrE7Gez2YwtW7cjNy/fYd9nsViMEcOTMG3q
5EbNfF677gd88tkXDi978vFH8eQTj7p0f7E9e2Da1EmoqqrCjp0/27WGsVgsyM3Lx5at2xEX27NF
9e4iosY7m3kO//3qO5uxfv1644H77nHL9krLynDy1CmbsdGjRrplW03l5+eH4OBgVFVV2YxHR0V5
qaL6NbXmrOxspKxeYzMWFxeLRfPnN1uNvkSv1+Ofb7yJnPPnG30fZrMZn33xBcLDw3kAtw1qa68Z
Z8xmBtBErV2tthYqtdrhZX5+CgQplR6uqPkEBgTAz89xK6EajQa12loPV0QNFRgYiMULF2BA/374
afsOpKbtx9WCAgBATHQ0Ro0YgcmTJ3Lms5e06QDaarViRcoqrExZVeeXjd69E7Fk8WLcOeeOJm9z
3tw7IRIKsWzFCpw4ecrhdbKys7F0+QoYjSb85sH72/wLw+IgqPclZrMZubn5OHjwCEqczFLu3TsR
d86Zhf79+ni4Ouf69+sDnU6HwqJinDhx0u7ykpISHDp0FLkz89G9e1eG0ERtgFpdg5+277AZC1IG
um17qWn7bfrq9uzRA518eMbMIw89iPc/+vhmW4Z27drh7rvu8nJVdWtKzWp1Dc5mZtqM+fv7N3uN
vuL7H390uD8ok8kwcfx4DB40EB07dIBUKoVarcaF3Dxs2bYNF3Jzba5vNpvx6eef44N33+FnZxvT
1l4zzvj6vjsRNZ3RaHTapkoikXjtbDaj0YjSsnLU1NQgKEiJsNBQl9dnkEqlTus3GAz1tuci7xII
BIiLjUW3rl3x8EMP3pwgKBQKb/5ttvWMzVvabACt0+mwbEUKVq9Zg7z8fIcLDgLA4EGDsGjBfEya
NBEymazJ25XJZJg8eRIgEEAsliA9I8PuOmazGfn5+Vi1Zg2sVgvuvWdxm54J7estOAwGA1JWr0NR
cbHd7GeBQACpVIp5c+9AYkK8Ty1OJBaLkZgQj3lz78C5c1kwGAw2QZDFYkFhURFSVq/Dn/7wDBQK
LihDRM3HYrFg1+7dNmMTx4/3UjUNM3TIEHz03rvIy78IqVSC2J6xUCh8+/O5JdbsDeUVFfhxw0a7
8fi4ODz3zNMIC7VtixYQEIAOHTpgxPBkLF+Zgg2bNtlcXlxSgrT9B9iKg9okX993J6Kmu9E61Jmm
BHzRXbrZ/CwWi7Fy2VIkJw1zepuLFy9hRUoKVq5ajcpb1mOKiIjAXXfOwYL5d6NH9+6NrukGq9Xq
cFFi8i0ikQgikahN52i+yHfSMA8qKy/Hps1bkLJqFfIvXrzZE+Z2gwYOxKKFCzB2zGiEhoQ02/ZD
Q0IwbuxYCAQCWK1WZBw7ZncdvV6PvLw8rFq9BmKxGLNmzkC7sLBmq6GlqO+DzduMRiOuFlzDwUOH
oXZwCtKN1ht9+iRCqQzyQoV1UyqD0KdPIoYnJyFt/wG7o7lqtRoHDx3G1YJr6NK5k0/2ZSWilinz
3Dmbs0akUimGDRvqxYoaJiwsDGEt7PO4JdbsaUfT0+0mI4S3a4e//eUvdQb2QqEQSxYvwsVLF3Hq
9Bmbyw4cOsQAmtoki8XChQiJqFEuXrxkN2YymRyuoXXDlq3b8Kfn/4pqB4sDlpSU4LP/fIH/fbcU
r73yMhbOv7tZ6yWihhN6uwBPu1ZYiC1bt2FFyiqcv3DBYfgsEonQt08fLFowH2NGj0ZkRESz1xEZ
EY6xY0Zj4YL56Nunj8NTNPV6Pc5fuICVKauwectWXCssavY6fJ3F4tun8NXUaJBx7ARKS0rt+igL
hUIolUrMnjUd7SMjIRL53stNJBKifWQkZs+aDqVSCaHQtkaTyYTSklJkHDuBGieryBIRNcbuvfts
fh6enAR/Pz8vVUNt3clTp+3GZs+a2aDZ4gKBAHfeMcdu/Gxmpt2+AVFb4ev78ETkm7786muXrn/o
8GE88fQzDsPnW2m1Wvzxz3/Brp9313k9InIf30vE3OhaYSF27dqNlatWITMz02HbDblMhri4ONyz
eBEmT56E9pHNHz7fEBkRgSmTJ+GexYsQFxcHuYMWH2azGZnnziFl1Wrs3LUL1woL3VaPL/Ll2c8A
oFKrkZZ2AEYHXzAVCgUSesVj8KCBCAjw3f5/AQH+GDJ4IBJ6xTtss2E0mZCWdgAqleNFJoiIXKXR
aHDw0CGbsXFjxnipGiI4XMMhPi6uwbePi+1pd5aQXq9HtUrV5NqIWiJf34cnIt+Tc/4Cvl26tMHX
N5nMePHlV+0O9rZv3x4zpk9DTHS03W1eff0fPDhM5CVtpgVHaVk5duzchZRVq3H6zBmH15HLZOje
ozsWL1iIeXPvbJaez/UJDQnBvLl3wmQ0YcWqFOReyIXOwazs02fOwLryejuKGdOnIbxdO7fX5gss
Vt+dPWGxWFBVVYUTJ087/BALCgrCxAnjEBDg3+RTECPbR6Jvn96OL2viQRKBQICAAH9MnDAOuXn5
0Nw209lkMuHEydOoqqpCTHSU3SxpX6TT66Gp0UAqlSAgIKBRz7/ZbIZGo4HRaIKfnwJyudztp5Ja
rVbU1mqh0+kgkYjh7+/vsQWsrFbrzTYyAQEBjfo9WywWaDQaGAxGyGQy+Pv7efT025oaDfR6vce2
bbFYoKmthUFvgEIhh0Kh8Pjpxp5+zM3lwKFDNi1/IiMi0Cs+vsn3a7FYoK6pgcViQYC/f4tpG2Sx
WFBTUwOzxYLAgACfWi/AEywWC7RaLfR6PRQKz7zf3m7CuHHQG2z3vyLCwxt8e4lEgrCwUBQVFduM
q9Vqu/7RDeULz0ttbS10Oh1kcrnHz1Dw5rap6Xx5H56IfNPn//nCpesfTU9H5rlzNmNjRo3Cpx9/
iKCgINRoNPjtE09hz969Ny/PzcvD0fSMOvtJE5F7tIlvOFqtFhs2bsTKVauRlZXl8DoikQjdunXD
ogULcP99Szxan0wmw/33LYEVVqxYmYLsnByHs7PPnD2LZctXwGQy4Z5FC9vEonBWH549UVtbi2vX
ClFRUWF3mUAggDIwEIMHD4CoGYKEeXPvwLy5dzT5fpwRicUYPHgAVqYEovCX3uQ3WK1WVFRU4Nq1
QnTv1hUBAQFuq8ORiooKrF33o81YQq94jByZfPPnoqJiHDx0BPtS9+PY8ZMoLS29eVl4eDiGDR2M
sWNGYeyYkfCr40tsUVExdu3ei9TUAzh+/ATUNTU3L1MqlRg5IhlDhw7G5InjERzcPD29NZpa7D9w
CHv3puLQkXQU3nKWg1wuR98+vTF06GCMHjkciYm9XAof1DU1WLlyjc1Y+/bXW64A1xfQTNt/EBs3
bcXBQ0eg+mWmXqdOnbBi6X8RWk9oYrVacS4rG2lpB3E0/RhOnTpt85zJZDL06Z2I4cnDMGzYEPTv
16dZwxOdXo8DBw5h7740HDhwGAXXrt28zN/fHyNHJCM5aSimTJ6IoCBlk7en1xtw4MAhHDtxEkeO
pONcVrbNwSd/f38kDRuKAf37YuzYUejWtYtL9+/o9xUb2wNjx/zaQ/bWx5y2/5DN34urj3nL1u24
erXAZuzKbT8DwLmsbHzx5Td243fMntHoA2A7d/1s8/PECRMa/bdRrVIhNTUNh48eRW5enk2wHRAQ
gL69e2PQwAEYNnRokw8s7/z5Z5u/M+D6F50unTu7fF+VVVXYl5qKo+kZyM3Ls/lbUiqVSEzohaFD
hmDQgIE2bSCWLl8Bi/XXz8aePXpgeFJSk2vevnMnCotsW33dHqYCwKVLl/DtsmV249MmT0FERMMC
W71ejyNH03Hm7FmczcxESWmpzeeOSCRCzx7dER8fjxHJyY16fl01fdrUJt+HRCJt0u3d/bxUV1fj
h422Cy0O6Nff5gD31YICHD5yFEeOHsXVggIYDIablwUEBCChVy8kDR2KYUOHQCpt+OP15rbdpble
M4WFhdi+a5fd5TOnTWtU7/a9+1Jx8bJtD9VO0TEYN9azZ5n48j48Efmes5mZWL12rUu3yc3Lsxt7
8onHERR0/XtagL8/fvvoIzYBNADk5eUzgG7lzGYzjEYjjEbjzTNyhEIhJBIJJBKJxyZ5ka1WH0Bb
LBZ8u3QZVq9Z6/AN6oZe8fG4Z9FCzL97ngers7VowXyIhEIsX5mCM2fPOrzO+QsXsGJlCoxGIx57
5OEWMRu1KW79ku1rKiurcP58rsPLFHI5OnbsgE6dYiBqAb8jkVCITp1i0LFjB1y+fBm1Wq3ddc6f
z0XvxASPB9DVKjXe//ATm7GHH3oAI0cmXw/sUtbis8+/dLqYaGlpKTZt3opNm7ciOioKf33+jxg3
1nZRKL3egP99uwyffPaF01OyVCoVtmz9CVu2/oR33/sIzzz1OBYuuKvRr0GTyYT1P2zC5198ZRMi
3kqn0+HI0XQcOZqOjz/5HOPGjsbvn3sa3bt3bdA2tLVau+du7JhRmD1rOgoLi/Diy//A/gMH7W53
+fJlGE11z1w6cyYTH37yOdLSDji9jl6vR3rGMaRnHAM+/gyjRo7Ak48/gr59Hc/md8W+1P349zsf
IDfX8fu6RqPBT9t34qftO/H+h5/ij79/BnfOmdXo2fDfr9+I/379La5cueL0ehqNBrt+3o1dP+/G
2+9+gKlTJuG5Z55Ap04xDdqOo9/XknsW3QygU9MO4O13PsT5Cxecbt+Vx7wvdT82bNxcb12nz5zF
6TP2n0mjR41oVAB98dIl5OXn3/xZIBBg1IjhLt+PxWLBlm3bkLJ6jdPXf01NDQ4cOoQDhw5hxarV
uO+exRienOzwug2RkXEM6bctHBwXG+tSEGg2m/Hjxk1Y+/33dgu/3qBSqXDw0GEcPHQYYaGheOD+
+5A0dCh0Oh02bNpkc90pkybVGUA3tOaj6Rk4cfJkvfUXl5Rg0+YtduPJw4bVG0CbzWZs2rIFP27c
CLW6ps7rZWXnICs7Bz/8uAG9ExPwmwcfRHRUVL31eVNVVaXdWIB//S24PPW8aDS1dr87qVSKvn16
Q6VSYdWatdi+c6fT29fU1ODI0esBcbtV7fDIbx7CwP79fX7b7tJcr5nQ0FDs2vUztLctsBUWEoqZ
M6a7VJPFYsGylStRVVVlM/7bRx9x6X6agy/vwxOR7/nsc9dmPwNA927d8MqLL9qMxd3WPqtbN/vv
TcUl9gcLqfWwWq3IzsnB9u07kbp/P65cvQoBgOjoaIwaMQKTJ09Er/j4FnPmaGvSqgNorVaLb779
Duu+X49Lly87nFV8Q9KwYZg+fZpH2m44I5PJMH36NFzIzXMaQJvNZly6fBlr130Pq9WKB++/r1XP
hL515o+vqanR4GqB4+AwLCwMiYm9WkT4fINIKERiYi+cP38BtVev2l1+taAQNTW+sRChVqtFUVEx
nnnuTzhzNrPBt7taUIAnn/4dXn7xb5h/99xfxq7hhRdfw+EjRxt8PyqVCq//801kZefgpReed/kI
alFRMV585R91hreO7N6zD0eOZuCtN163C9EbSqvVobi4BPc/+BiuFtjPdr3B2cex1WrFipQ1+Mc/
33J526lp+3Hw0GH87fk/YsH8uxodBn/86Rf4zxdfNfg2VVVV+PuLryIv/yL+8LunXdpuaWkZXnnt
Dfy8e4/LtW77aQdS0w7gH6+9hMmTxrt8e+D6mRZmiwWfffYlPv38ywbfrimP2d32pqba/DygXz+X
Z/np9Xp8+PEnOJKe3uDblJeX470PP0L+xYseP5B2g1arwzvvv4+Tp041+DblFRV45733MXPGdMyY
2vRZut5SVlaG9z/6GNk5OS7f9szZTPzxL8/jsYcf9vgszoYqLimxC48DAgLq/dv29vNSo65BYWEh
Xnn9Hyh3cEaXM2VlZfjXm2/hnkWLMGf2rBa3bV8ik8kwcsQI7LhtFvT+gwddDqAv5ObZhc8CgQBD
Bg1qcp2u8uV9eCLyLcdPnMAPGzbc/Dk5KclurRBHkpOG1TuT2VE/el84i4bcQ61WY8OmzdiydRuy
srKgUqtvTlSpqKzExYsXcTQjA9OnTcXsmTMQGBjo5YrblpaTjrmotKwMy1asxJq163Dx4kWns6Nu
UCoDG92jrzmFhYbWe9q0Xq/HxYsXsWbtOixdvgIlpWUeqs7zfHnnVVNbi+Jix0dPg4KC0K2r+08Z
bm7duna+ecrS7YqLi6GprfVwRY5l55zHY48/61L4fKuXX/0nMo4dR3l5BZ56+g8uhc+3WrtuPZYu
T3HpNpcvX8HDjz3tcvh8g0ajwbO/+xPSM4436vaVlVV44aXX6wyfATgNLL/537JGhc83mEwmvPr6
G/j6m4YvMHKD2WLBu+9/7FL4fKuvv/kOmzZva/D1S0vL8OTTv68zfFYqlQgNCXF6uUajwXO//zN2
70l1ep26aDQafPTRZy6Fz7dy9TG7m9FoxJ69+2zGxo8b59J9WCwWl8PnW/2wYSM2bKp/5ndzM5vN
LofPt9q0eQu++Kpxf/veVlZWhpdee73OkFUikdQ5CcBsNuPT//wHafv3u6PEJtuXmmY31r9v3zoP
/vjC83L+wgW8+OprLgXAt1q+cqVdcNoStu1rRjo4C+RCbq7T/Uxnjh233zcYNGAAlMqmt6FylS/v
wxORb/nks//c/P/u3bphQTOelZ6Xl283FtuzZ7PdP/kOq9WKDZs2Y93365GekYHikhJotVpYLJab
62oUl5QgPSMD675fjw2bNvOzysNa3Qxoq9WKgmvXsH3HTqSsWo28/Pw6Zz63VHqDAXn5+UhZvQYi
kQhTp0xGxw4dfGqWW3Pw5TcErVaLsvJyh5cpFHK0a4ELRbZr186m1+itysrKoXXQmsMb0jN+PZ1c
LBZj/ry5GDVqODp1ioG/nx/0BgNKSkqQkXECK1PWoLikxO4+3n7nI/j7+yHn/PmbY4kJCVgwfy4S
E3ohJCQYFosF1dUqZOecx48bNjsMqj/48FNMnzq5Qb1Pq6qq8ezv/4I8B+2AltyzCFMmj0e3rl3h
7+8HjaYWRUXF2H/wEP771bc3+zMD10Pc/3vhVaxdvRSBLs7kzDl/3uYxA0BwcDD69umNoCAlampq
UFhUDJHI/vjkgYOH8fa7H9iNh4aE4N4lizA8eRhiYqLh56eA3mBAYWERDh9Ox9fffGf3O3jnvQ/R
qVMMJk1sePh4+fJlfPO/X4Pr9pGRWLjwbgwe2B+R7SMhEgpRrVIhKysHa9aux7HjJ+zu48OPPsOk
SeMhr+dsF4PBgL/89UWHBzkWLbwbM6ZPRWzPHggIuH56vVarRW5uPrZs3Y7/fWff6/PV1/6F/v36
ICQkuMGPFwB2/bzHpi1Mcz7mR37zABYusN3BP5t5zu4Aw/hxY/Hwb+63u9/oaNfbIWQcO4aaW/qE
BwQEYOAA106j37x1q9PweUD/fhg1YiQ6dGgPZaASRqMBBYWFOHb8OPbs3Xdzf+DW15OnbNi02Wn4
7KjuwuJiHD9xAnv27rvZC/f4ifpP92+sRQvmY9aMGTZj2Tk5dv0Y42JjMX+e/RfDqI4dHd6v0WjE
G2+/gxIH78PJScMwYdw49OjeHf7+N15LOuRfvIhdu3djX6r9gZsv/vsVeicmIjjYtdeSOxUUFNjM
3Lphwnjn72++8rzkX7xo83N8XCxGjxqFbl27QhkYCK1Oh4rKSpw4cRJ7U1NtXr83fPXN/9C3d29E
Rka2mG03h+Z8zcTHxSEsLAzlt+1XHklPt9tGXQ4dPmw3NqIRLY6agy/vw7d0P+3YibNOzpZtioOH
7P9+br3s3fft9wGbKjExEVMmTWz2+6WW4/CRo9j20083f37k4d9A2kxnpWu1Wnz51dc2YzHR0UhO
dt66jFoms9mM7JwcbNm6DWczM6HROD9zW6PR4GxmJhQKBQb074e42Fj2hPaQVhdAl5aVYV9qGlau
Wt2o0xlbErPZjJycHKSsXgOFQoGJEyYgIrzlhZ51892dV73egOpqxyGGTCZDUDPONsnJuYCc8477
vsbG9kBszx7Nsp0gpdLpTKtqlQp6vcHhZd4ycEB/vPrK3x0u9hYTHYVBAwdg3l134LV/vIWfttv2
lrw9CHryicfw6MMPQCKR2Ix37NgBvXrFYfas6Vj3/Qa89MrrNpfr9Xps2bYdD9x3T521Wq1W/PON
t5Gdbfu+FB0VhXff/hd6906wGZdKpQgJCUavXnGYOmUSnn72jza3vXLlClamrMWjDz9Q53brMnbM
KPzmofvQr28fiOtZLLO2thZvvvWe3fjw5CS8/uoLaN/e9su/VCpFYM/rf5szZkzBCy++jt17bBcA
eevf7yFp2OBGnfo076478YffPW13xkj79pGIi+2JGdOn4JPPvrSbLV1w7RrS0g5i4oSxdd7/mnU/
4NDhIzZjwcHBeP/dNzF0iP2pzAqFAr17J6B37wQMH56EJ556ziY4Li4pwbr1P+Lhh+yD3Lrceh/N
/Zgd9RLX3daDFADahYWif78+LtXtzK7bZpOPGzPG7jVXl5KSUqSsXmM3HqRU4pmnnkTfPvZ1RkVF
Yejgwbhrzhx8+MmnyMrOdr3wJiopKcWadevsxpVKJZ558gn069vX7rKoqCgMHjgQc2bPxrvvf4AL
uY7XHGgu3bra/z04OnssKCjIZuG4+vywYSMuXbJdEE0qleL3zz6LQQMH2F1foZAjoVc8EnrFY8ig
gXj3gw9tgiytToeNW7bg3sWLG1yDO1VXV+Nfb/3bZsE8AOidmIDEhAQnt/K958Xf3w9PPPYYhg4Z
YndZp5gY9O/bF3fdOQef/ucLpGdk2FxuNpvx3fIV+NPvf9fitt0UzfmaEQqFGDt6NNatX28znrb/
QIMD6IJr1+wWHJVIJF7sle27+/AtlUqlwt0LF+NsZuPOAGyKg4cONaglQmMkJiRgTcoKr8zUJ++y
Wq346JNPb/4cEhKCWTOmY6+Ds4oawmAw4L0PPgQA6HR67EtLQ/Zt+30vvfB3lyfwkO8zGo34afsO
ZGVl1Rk+36DRaJCVlYXt23eiW9euDKA9pNW14Dh1+jQ2bNyIc+fOebsUjzl37hw2bNyI06dPe7uU
ZufLsyfMZpPT1i5SmbTeViqu2LHzZ/z5+b87/Ldjx8/Ntp2gICWkMsc9sfR6PcxmSxx1wwAAIABJ
REFUxwv0eUNcXCw++uBth+HzrUJDQ/HaKy8gLi7W6XUeffhBPPn4I3UGYUKhEHfPm4NHH37Q7rL9
++vfId+7Lw2bNm+1rS0kBF/85yO78Pl20VEd8dYbr9mFxJ//57+oqLRf9KohHn/sEXz0wdsYNHBA
veEzAKxMWWu3+F3vxAS8+/Y/7cLn24WGhOCtN17D4EEDbcYLrl3DuvX2swbr8/BDD+ClF56v8zUm
Fovx1BOPYtTIEXaX1TeL1GAw4LulK+3G3/zXqw7D59uNHJGEP//xObvxn35q/Kni7n7MnlBaVmZ3
4Gf0qJEu3cfK1avtgj6xWIy/Pf8Xh+HzrcLDw/H3vz6PPr2bvgimq1avW2u34KBIJMJf//wnh+Hz
rcLbtcOL//d/Xqm7qYxGI7b+ZN8C5snHf+swZL1d0rBhmDd3rt14XbP0PEmr1eHNt9+xO8NDKpXi
4YcecnpWmq89L3K5HC+/8ILDAPhWgYGB+OPvnkPvxES7y44cPep0gVRf3bavGe5gRl5efj6KihrW
huP4CfszYIYOGQw/P78m19YYvrwP31K99MprXgmf3e1sZiZeeuU1b5dBXpCath979v46QeXB++9z
2g6yIXQ6HT765FN89Mmn+PKrr2zCZ7FYjHff/jemTpncpJrJNxmNRqSm7YdKrW7wbVRqNVL373e6
KDg1v1YXQOfm5uHU6TPeLsPjTp0+4/bZUWTLbLY4DaBlEikCA1vekdXAwADIJHUF0L6zovnf//an
BrczCAjwdzpDuXv3bnjs0YcavN05c+wXPErPOOZw5ugNZosFn3/xtd34iy88jy6dOzVouz17dMf9
tz0GnU6Hfftc7/s5a+Z0PPXkow0+0qvT6bDMQa/rF1/4a4Nnq/j7++Fvz//RbnzDxi0ufUkdP24s
nn32iQbVLhKJ7FpMAEDGMfsv6bfKy7uIK1eu2IwNHNAfI0ckN7jOO+6YaXc2wdnMTBQX259uXx9P
PGZPSE3bb/O77tG9O7p0bniv/GqVyuHsq0Xz5zucieiITCbDc08/5dFZVhqNBvsPHLQbX3D3PPTo
3r1B96FQyPHMk0+0uM+V/IsX7Rbm69ixA5KH1b1g0K2mT51iF+SWlpaipKS0WWpsLIPBgLffe9dh
8PnU4487bUkC+N7z8vhjjzb4tSgSifDMU086PFsqNc31zyNvbtvXdIqJQdcu9gfVj2Y0rN/94SNH
7MaGJzf8c4t83087dni7BLdx1D6GWjeLxYKPP/3MZuzueXc16T71Budn63bt0sXltm/UclgsFlwt
KKh37bdb6fV6XLl61eFCleQerS6AJvIFVlhb5ImHVqBFVN6zR48GzRK7Vf9+jmcZ3rNoPhQKRYPv
p3OnGLS/rdekXq9HaZnjfuAAkH40A6dO2Z6h0L9fX0wYX3cbiNvNmT3TbmzDxi0u3YdYLMbTT/3W
pX7x+1IP2M3wmz1rBnon9nJp2/HxsZgy2bbPX1ZWNi5fvtqg28vlcvzlz7+DSNjwj66EhHi7sezs
nDpDb6lUgqee/K3Nv3uXLHTpOQsMCMDQIYPtxisrqxp8H4DnHrO7Wa1W7Nq922ZsgouLDx44eNBu
TYeAgABMmuha70ilUompkz03++Xg4cM2rVSA6wdkpkya5NL9BAcHY+4dc5qzNLeTSCSYPnWqzb/Z
M2e69FoKCAhA927d7Marql17LTUns9mMDz7+xOGEh3lz70RyUt1Bsi89L0qlEsOTXOuFGRIcjGlT
p9iN70tLc2kWkTe37avGjh5tN5a2v/5Fi6uqqpB1W4svuVyOfvWcGUItS2ueVd6aHxs5tnvPXhw4
+OsB+iWLFyMmOrpJ9+mncH7Gx/kLFzBrzlwcOOieVjLUMrWuFdR8X6vrAd21axckJiTYzZLq0b07
dDodrhYUeKmy5hEdFQW5XG432zkxIcHhrAlyH5FICJlMZhcsAIDBYIRaXQOF3PGCfr5Kra6BweD4
C5xMJnO4MJ03SKWOZ2nXJTLS8SKBgwa5FmQLBAJ07twJRbetTF9bW+v0NvtS7b88zr1ztsu9prp3
74q+ffvYhNmHDh+Buqamwb3MYqKjER3lfGaeI3v22i94NX1a4wK8EcOT7PpxFxUVoXPnmHpv26F9
e8S4uPBdu7BQuzG9Xg+dTuf0wEO3bl3xxG8fdmk7jrRvH2E35sppYYDnHrO7nc08Z7PYmkQiqTek
u90JB21Exo0Z43Th1LrIGvEe0linHYSUY0aNbtRp8fIW9pnStUuXZtk3CQ0JsRu7fQaxp1itVnz+
5Zc4ctR+UdoRw5Nx9131z97ypeelsYtXTxw/Hj/8aNtCSaPR4MrVqw0+I8Gb2/ZVScOG4n9Ll9qE
cTfacNTV7spRm6XhyUlO1/Wglmnq5MkO1xNoDaZ48MAweZ/JZMaHH39iM7Z40cIm369CIcfObddb
HhqMRpzNzMQbb76F8ooKAIBarcaTTz+DHT9tRbuwsCZvj3yHUChEdFQUKisrodVqG3QbmUyG6Oho
CF2Y6ENN0+qe6b59+mLeXXORnJQEpVIJpVKJkSOG4+GHHkSyi7MsfFFycjJ+89CDGDli+M3Hl5yU
hHl3zUXfvq1vlkNjv5x4gkgkdrpjbzAYoHKyQKEvU1Wr7Pqr3nA9gG65x6zkcrnD31f7SPuQsD5K
pf2iebW1jj/orFYrduy079M9bKj97NiGSE4aajd26eLlRt1XQ5gtFhw8aH9aZHwdPbXrMnBAP/zh
d8/Y/HNnOwSRSIQwBzuYDd0xaQpHvbU9MUPPm4/Zmd17bRegTE5Kgr+/f4Nvb7VakX3+vN34kMH1
9+T2thwHLRoGDRzo4JrkjEhsf7DOaPLObNcfNmzEnr377MaThg7F00884dEvMd58XiIjIhyGvZcu
ue/zyBe27W6hoaEOZy0fSa+7DYejNh2uzi5vbr68D99SvfLSC0hyoVVPS5E0bBj+8LtnvV0GedCO
nTuRcezYzZ87xcSgvLwcu/fsxe49e/H9+h/sbvPDho3YvWcvLl2+YnfZDUKhEPHxcYiPj0PfPr2x
aMF8fPj+uzbXKS0rw4YNm5rvwZBPkEgkGDVyBJQuLG6vDAzEqBEjXFoQnZqm5aZJTkRGhGPM6NEI
CQlGfv5FANd7vPbt08fuFPKWKDqqI6ZMnoQOHdojNzcPwPWZNH379kFkhOtBmu8TwFdX0ZbJpAhS
KlHxyxHVW+n1elSrWl4AXa1SOe2bFBSkhMzJAoUthcMvQ434giQU2n/ptzrpHVVaWmZ35kVoSAii
XJyFfEOnGPtT0y5dvlLvQoaNVXC1wO69s3v3boiIcDyjvD7dunVFt26enaEmdjDTvLWf6elLj1mj
0didlTRuzBiX7qOktNRuRWuBQODzsx2rVSqUlZXZjffobt86gXxf5rksrFy1ym58yOBBeOapJ9vc
CuoJvXohLz/fZuzi5Uv/z96dh8lZlnnDvqqqq9d00iH7SnaSsIclCVlAtmFRUXHh1dEBFHfHbUbH
8VVUQEXHUcfPZdRxGxX0VVRQVER2kgBJCIQsbCF7QlaSTnpfvj8QpFPVIUs/XdWd8zyOHBx9V3U9
F9VV3U/9nvu+7l5/7KTNnTMnluyzYet9998fr37lxXnvX1/fkDMDurq6T94NG7uXALqr9e3bN371
ixti/oIH8u6JcLjmzV/QaS/mGdOn590o83DNnDHjoFdE0fP94Ec/7vD12nXr4q2X5270/lK/vumm
+PVNN8VXvvylOHr0y6+cfMGsM2bFoIEDY+tLzsfuue++uPKKfzq4oilq2Ww2/uH882LhosWxZ+/e
nM8N+6qqqorJkyfH+eefK4DuRr0ugE6lUjF0yOAYOiS3J2RvuBKfSqVi8KBBce7ZZ8e5Z59d6HIS
l0qlijYoqqioiIEDB8Qzq1fn3FZf35A3dCh227Zti/r6/JvpDRwwoGDL93uyTZs354zV9O8fv77p
5jz3fnkrX7Kb8wt27z64tg4HY1ue3tZTJh+T2PGK3eo1a2PFisdj1apnYtUzq2PnzueitnZP7K6t
zbkIsfO5wvWoLSbzFizoMPN70KBBMXVKbp/q/cnXO3v4sGFFv7x8165dOWODBg06pPYbvc3adevi
iSeejDXr1sb69Ruids+eqKuri4aG+py/+4Wcvf+Cpqam+PZ3/zunT+mkiRPig+9/f5d9eOlJz8vo
UbkBwHMH2ee+Jx47aaeeMi1KS0s7rEh7ZvXq2LR5cwwbOjTn/kuXPZbTDm7OrNkFvyDSGz53FauZ
M6YnFtp2FkCfMXNGfORDZinT85SUZGLcuHEdAuhVq1YVsCKSkMlkYsrkyXHRhRdEfX19LFu+vNMQ
uqqqKo6dOjUuuvCCmDJ5sr9X3ajXBdD0LsX8y6CqsjKGDMnfj2/Xrl2x6pmeNxNn1TNr8gYmERFD
hgyJKqHJQcsXDq9atSqu/uy1XXaMPXuT64W6N09v65qamsSOV4waGhvj1lv/HL/57e87LBfkwNxx
510dvj737LMPuk1BQ0Nu0DYgT6/rYpOvNc+Ao4q/7qQ0NjbGX27/a9x+552xoYftyTFvwYLYvLlj
7/9MJhMf+sAHDvtCSE99Xvr3z/1bsL/9EHrLsZNWUVERM6ZPj3vu7bj/wkMPLYxXvyp3M+JFi3L/
LhXDjNJiPocHCqurzuE+/8XrY9nyFS9+XVZaGj/4/ndz7rdvCzy/n3qnVCr14mqhioqKWLlyZeyu
rX1xhXdZWVn0ra6OyX8Lql/9you9FrqZAJqiVsy/EPr0qYqRI4blvW379u2xbNmKaG1ri0wPaWrf
2tYWy5atiO3bc2e8RkSMHDEs+vQ58J6tPK87Zqh11n+6K+zZk3vluG/1gW142BvMX/BgXP+lr8YT
efoP8/JWr1mTs2nunFlnHPTj1OV5H+1vp/NikS84rzxCV5I8uHBh/OCHP3pxI6CeZv783OXu551z
TgwadGjtiF7Qk5+X8vLc13K+i5a97djdYc6sM3IC6PvmzcsJoFtbW+OBfTbEHDBgQEyaODHxGl9O
MZ/DA4V14QUXxDGTOt9P5itf/VrOWEVFRbz33e+KiRPGvzhWW7sn7r6n474M69avj1Ej/96ycMfO
5+LRpUs73GdUnlU09A7V1dXx5sveFCefdGL8+ba/xL333f9iO8xRI0fGnFmz4vzzzzXzuUAE0BS1
dKp4w9v+/Wti4sTxeW+rb2iIjRs3xdq162L06FFFH0K3trXF2rXrYuPGTVHfkL8Fx8SJ4/POOGL/
mptbXv5Oh2nfJeFdqS1Pb+v0EdLn9Fe//m18+jOdz1QfP35cTJl8TBx1VP+o7tMnUvu8z++++95Y
+tiypMssanfvE6CcdOKJhxTYteTZvDHfBmzFpqW1NWcs3+aUvd3Nv/9D/O/Pftbp7f1ramL06NHR
t291VFVV5fztX7R4cUH38Whvb4/lK1fmjJ9+2qFtJvuCnv68lBRwE8RCHrs7HH/ccdGvb98O+4k8
s3p1bNq0KYYN+/vkh8efeCJnifHc2bO7dTPMzhTzOTxQWJfkWc3xUuPHj4/3vv8DHca+++1vxSvO
6riHyAnHH5fzvd/45rfj89d8LkpKMtHW1hbf/s53ctoUzUqgnznFI5VKxTGTJsW4sWPjHVde8eLn
2XQ6HdlsNrLZrPC5QI68T0H0KPsGOsWksrIyhg8fFkcddVTs3LmzQwjY3t4eu2trY+HCh2PE8GGR
KS3uzftaW1pi4cKHn+9ju0+YmUqlon///jF8+DB9Sw9Bvg/J06adHNMPM7h4qeOOndJlj7Wv8vLc
peWF7jvaHe659/684fPxxx0b//S2t8T000992eWD27dvP6ID6Obm5rjr7o6zUs4+66xDeqzy8vKc
sc761ReT8rI8dXdyka+3mjd/ft6QdcjgwXHJq18V004++WXbkux8bmdBg9bdtbXRsM/PLZVKHdYs
097wvOz7nEREVFV2z0qpQh67O2QymZgzZ3b8/g+3dhh/aOGiDrOgF+ZpvzFj+umJ13cgivkcHugd
zjxzblRUVHT4bPLzG26Ixx9/PE6ZNi0eXrIkHlq4sMP3lJWVxYUXXNDdpdLNMplMZDKZvJ8hKBwB
NEUtnSreGW7pdDpqamripBOPj3vvm5fTW2rXrl1x+1/vjHPOPjP69y/eq2zt7e2xZ8/euP2vd+bt
/1xSUhInnXh81NTUFMWMmp6mT5/cdhWTJk6ID7z/XQWo5uDlq3/Xrt157tl71NbWxrXXfSln/F3v
fHu8993vsFPyAVq0eHHs2fP3/uRVVVVxyrSTD+mx8r0O6+r2v7t1MaiszNMm4GV25e5Navfsie/9
4Ic54+edc05c8U9v6zHvpZe+jl/Qp0/VIfd+7i3PS76ey921V0Qhj91dZp9xRk4Afe+8+18MoNvb
22PBgw92uH3YsGExbuzYbqtxf4r5HB7oHYYPGxYf/fCH4trPf6HD+KLFizvdt+VfP/qRGDPm6O4o
D9iHNImiVuyBZ9++1TF79hmRzbOkur6+PpavWBkPLVyct49usdizZ288tHBxLF+xMu/M1mxJScye
fUb0ra4uQHU9X77nbcOGjQWo5NDkq3/zs8/muWfvcf+8B17sFfaCiy78h/jA+97VY4KhYnDHXR03
Hzxr7twoPcTVIPkC6HXr1yfafqYr9KnKrXvDxo15W9v0Rg88+GBOeHv8ccfFO668oke9l9KpVBw7
dWqHfyedeOIhP15veV42btqcM9anm/YIKOSxu8v4ceNi+PCOe42sXr0mNm7cFBERa9auja1bt3a4
/cw5s7utvpdT7OfwQO9w1duvjHddddUB3ffDH/zneOc73p5wRUBnzICmqKXTxT17ok9VVZwy7aQY
NHhQbNiwsUN/qba2tti9e3fcfMutMW7cmKisrIxMprhOxltb22Lzs8/GzbfcGrt3784JRUpKSmLQ
4EFxyrSTbEB4iAYPzu13+9DCRVFXV9cjWpqMHj0qSkpKOry2Fy5cHI2NTVFWVtytZQ7VnXfdkzN2
2Zte78P0Qdi2bVsseeTRDmNnzp1zyI83dMiQyGQy0fqSnsp799bFtu3bY9DAgYf8uEkbOHBAVJSX
d2i70djYGM9u2RLDhg4tYGXd44EHHswZe9XFF/W499KwYcPiM5/6v132eL3leVm9ZnXO2Ohu2tip
kMfuTmfNPTN+fuONHcYeWrQwLhn+qlj88JKc+8+YPr27SntZxX4OD/QOmUwmPvXJT8Sc2bPie//z
g5xNCUtKSuKiCy6Iy//pbYe9dwNweATQFLVUKhXpdLpoZ4tls9kYOWJ4zJwxPf582+2xc+fODre3
tLTEvPkL4pyzz4yBA46K/v37F6jS/Hbv3hVLly6L++fNz2khEvH8LrIzZ0yPkSOG96hZWcVkyJDB
MXnyMbFy5eMvjjU0NMSjS5fFjOmnFbCyA1NVVRmnnjItFrwkMGloaIjVq9fEMcccfP/Tbdu2x+NP
PNlhbNzYMTFsWPGEcatW5QYbYy3VOyj33n9/h9nJY8eMibFjxhzy45WWlsb4cePiiSc7vnYeXbo0
znnFKw75cZOWTqdj4sSJObuvP7p06RERQG/YtCln7OjRowtQSXHpDc9Lc3NzLF78cM74mKOT/11Z
yGN3t1kzZ+YE0PfNmxeXvOpV8cA+7TfGjhkTI4YP787yOpVOp4u29RxQ/F79yovj1a+8+KC+56wz
58ZZZ86Nbdu3x4b1G6KhsSH69OkTo0eNimoreaEo9KypFhyRMunivk5SWloal73x0hg2dGjO7KX2
9vZobGyMX930u1i2fGXODryF1NLSEsuWr4xf3fS7aGpqyrk9nU7HsKFD47I3XnrIy+Z53tw5s3LG
/t+vflOASg7N7Fkzc8bm55nBdyDuvX9+XPWu93f4t3rN2sMtsUutXrMmZyybPfjfQ83NxfN+707t
7e1x+x13dhg79+yzD/txj506NWfsvvvvP+zHTdrUKbmbhB5q3e1R3C1H9rVjx46csZI8LateTjH9
7ewKveF5eWTp0pwNNTOZTLeEwIU8dncbPHhQTJk8ucPY6tVrYskjj8SqZ57pMD63iNpvFPu5O9A1
ivFC08ABA+LEE0+I6aefHsdOndrl4XMx/j+Tq7W1NRoaGqK2tjZ27doVu3btitq/bSr90hWVdC8B
NEUvnSnuJXyZTCbGjx8bM2acFoMHD857n8ceWxa/+e0tseSRpXlvL4QljyyN3/z2lnjssWV5bx88
eHDMmHFajB8/NjJF/jModuedmztD849/ui0eWph/c4yXU1dXFw8+tOhwyzpg552XGx7ecOOv8m4C
9XJuv/3OnLHRo4tr2XR1nn7D6w+yb/czq9fE7//wx64qqdt0xSn1suUrYsuWLS9+XVJSEjNnzjjs
x50964ycsceWLc+ZFf1y2traYv4DDxx2PQdq1szcCzgrH38iVqxceVCP097eHvfce19XlXVADvcz
Vr5N+jbmmf27P2vWrs3baqAnK6bnpaGhIXbtPviNZX/z29/ljJ12yilRVXXg7boKeeykJJFL5Gtf
9N3v/0/O2PTTimdVVbGfuwOHL5vNdjpJqaWlJe8Ep56iqakp7+rgiOcnn5mcVdza29vj8SeeiO/8
9/fi8rdfFeddeHGcf+HFcfnbr4rv/Pf34vEnnij6fWR6KwE0RS+TKf5ZFJlMJi668PwYP25s3h6O
LS0tcf+8BfHHP/0lnnjyqYN+/Ne//rVx489/lPff6y99zUE/3hNPPhV//NNtcf+8BXlnUKXT6Rg/
bmxcdOH5wucucOzUKXHeubkh7ueu/WLemXD709TUFJ/+zHVx+ZXviv/5wU+65QruqJEj4sILzu8w
tm7duvjhj356UI9z733z4s677u4wdtaZc2LEPpssFdqECeNzxm79420H/P1btmyNj//bp6Jhnxl6
EVG07YReUF5RnjO2Z+/BbaJ6590df8YzZ0zPG+ofrNGjRsXkYybljP/wxz/p9ENCPr/+zW/iqaef
Pux6DtTQoUPiuGNzZ2//8Mc/icbGxgN+nN/d8vtY+fjjL3/HLpQvKM23WW1nhg4ZkjP21ztzL0J1
ZuvWrfGlr/xn3t9zxf5e2p9iel4aGxvjW9/+zkF9ELvnvvvyXviZO+fg+rwX8thJOdz3TD6nn3Za
zrnY1m3bOnw9ZfLkGDQod8+JQukJ5+7A4amsqOz0/K6urj5219Z2c0Vdp3bP3qivzz2Pj4ioqqqK
ivKKbq6IA1VbWxs/v/EXcd0Xro///dnP4tGlS2Pz5s2xafPmeHTp0vjfn/0srvvC9fHzG38RtT34
[...]
AAAAAMBCQAMAAAAAsBDQAAAAAAAsBDQAAAAAAAsBDQAAAADAQkADAAAAALAQ0AAAAAAALAQ0AAAA
AAALAQ0AAAAAwEJAAwAAAACwENAAAAAAACwENAAAAAAACwENAAAAAMBCQAMAAAAAsBDQAAAAAAAs
BDQAAAAAAAsBDQAAAADAQkADAAAAALAQ0AAAAAAALAQ0AAAAAAALAQ0AAAAAwEJAAwAAAACwENAA
AAAAACwENAAAAAAACwENAAAAAMBCQAMAAAAAsBDQAAAAAAAsBDQAAAAAAAsBDQAAAADAQkADAAAA
ALAQ0AAAAAAALAQ0AAAAAAALAQ0AAAAAwEJAAwAAAACwENAAAAAAACwENAAAAAAACwENAAAAAMBC
QAMAAAAAsBDQAAAAAAAsBDQAAAAAAAsBDQAAAADAQkADAAAAALAQ0AAAAAAALAQ0AAAAAAALAQ0A
AAAAwEJAAwAAAACwENAAAAAAACwENAAAAAAACwENAAAAAMBCQAMAAAAAsBDQAAAAAAAsBDQAAAAA
AAsBDQAAAADAQkADAAAAALAQ0AAAAAAALAQ0AAAAAAALAQ0AAAAAwEJAAwAAAACwENAAAAAAACwE
NAAAAAAACwENAAAAAMBCQAMAAAAAsBDQAAAAAAAsBDQAAAAAAAsBDQAAAADAQkADAAAAALAQ0AAA
AAAALAQ0AAAAAAALAQ0AAAAAwEJAAwAAAACwENAAAAAAACwENAAAAAAACwENAAAAAMBCQAMAAAAA
sBDQAAAAAAAsBDQAAAAAAAsBDQAAAADAQkADAAAAALAQ0AAAAAAALAQ0AAAAAAALAQ0AAAAAwEJA
AwAAAACwENAAAAAAACwENAAAAAAACwENAAAAAMBCQAMAAAAAsBDQAAAAAAAsBDQAAAAAAAsBDQAA
AADAQkADAAAAALAQ0AAAAAAALAQ0AAAAAAALAQ0AAAAAwEJAAwAAAACwENAAAAAAACwENAAAAAAA
CwENAAAAAMBCQAMAAAAAsBDQAAAAAAAsBDQAAAAAAAsBDQAAAADAQkADAAAAALAQ0AAAAAAALAQ0
AAAAAAALAQ0AAAAAwEJAAwAAAACwENAAAAAAACwENAAAAAAACwENAAAAAMBCQAMAAAAAsBDQAAAA
AAAsBDQAAAAAAAsBDQAAAADAQkADAAAAALAQ0AAAAAAALAQ0AAAAAAALAQ0AAAAAwEJAAwAAAACw
ENAAAAAAACwENAAAAAAACwENAAAAAMBCQAMAAAAAsBDQAAAAAAAsBDQAAAAAAAsBDQAAAADAQkAD
AAAAALAQ0AAAAAAALAQ0AAAAAAALAQ0AAAAAwEJAAwAAAACwENAAAAAAACwENAAAAAAACwENAAAA
AMBCQAMAAAAAsBDQAAAAAAAsBDQAAAAAAAsBDQAAAADAQkADAAAAALAQ0AAAAAAALAQ0AAAAAAAL
AQ0AAAAAwEJAAwAAAACwENAAAAAAACwENAAAAAAACwENAAAAAMBCQAMAAAAAsBDQAAAAAAAsBDQA
AAAAAAsBDQAAAADAQkADAAAAALAQ0AAAAAAALAQ0AAAAAAALAQ0AAAAAwEJAAwAAAACwENAAAAAA
ACwENAAAAAAACwENAAAAAMBCQAMAAAAAsBDQAAAAAAAsBDQAAAAAAAsBDQAAAADAQkADAAAAALAQ
0AAAAAAALAQ0AAAAAAALAQ0AAAAAwEJAAwAAAACwENAAAAAAACwENAAAAAAACwENAAAAAMBCQAMA
AAAAsBDQAAAAAAAsBDQAAAAAAAsBDQAAAADAQkADAAAAALAQ0AAAAAAALAQ0AAAAAAALAQ0AAAAA
wEJAAwAAAACwENAAAAAAACwENAAAAAAACwENAAAAAMBCQAMAAAAAsBDQAAAAAAAsBDQAAAAAAAsB
DQAAAADAQkADAAAAALAQ0AAAAAAALAQ0AAAAAAALAQ0AAAAAwEJAAwAAAACwENAAAAAAACwENAAA
AAAACwENAAAAAMBCQAMAAAAAsBDQAAAAAAAsBDQAAAAAAAsBDQAAAADAQkADAAAAALAQ0AAAAAAA
LAQ0AAAAAAALAQ0AAAAAwEJAAwAAAACwENAAAAAAACwENAAAAAAACwENAAAAAMBCQAMAAAAAsBDQ
AAAAAAAsBDQAAAAAAAsBDQAAAADAQkADAAAAALAQ0AAAAAAALAQ0AAAAAAALAQ0AAAAAwEJAAwAA
AACwENAAAAAAACwENAAAAAAACwENAAAAAMBCQAMAAAAAsBDQAAAAAAAsBDQAAAAAAAsBDQAAAADA
QkADAAAAALAQ0AAAAAAALAQ0AAAAAAALAQ0AAAAAwEJAAwAAAACwENAAAAAAACwENAAAAAAACwEN
AAAAAMBCQAMAAAAAsBDQAAAAAAAsBDQAAAAAAAsBDQAAAADAQkADAAAAALAQ0AAAAAAALAQ0AAAA
AAALAQ0AAAAAwEJAAwAAAACwENAAAAAAACwENAAAAAAACwENAAAAAMBCQAMAAAAAsBDQAAAAAAAs
BDQAAAAAAAsBDQAAAADAQkADAAAAALAQ0AAAAAAALAQ0AAAAAAALAQ0AAAAAwEJAAwAAAACwENAA
AAAAACwENAAAAAAACwENAAAAAMBCQAMAAAAAsBDQAAAAAAAsBDQAAAAAAAsBDQAAAADAQkADAAAA
ALAQ0AAAAAAALAQ0AAAAAAALAQ0AAAAAwEJAAwAAAACwENAAAAAAACwENAAAAAAACwENAAAAAMBC
QAMAAAAAsBDQAAAAAAAsBDQAAAAAAAsBDQAAAADAQkADAAAAALAQ0AAAAAAALAQ0AAAAAAALAQ0A
AAAAwEJAAwAAAACwENAAAAAAACwENAAAAAAACwENAAAAAMBCQAMAAAAAsBDQAAAAAAAsBDQAAAAA
AAsBDQAAAADAQkADAAAAALAQ0AAAAAAALAQ0AAAAAAALAQ0AAAAAwEJAAwAAAACwENAAAAAAACwE
NAAAAAAACwENAAAAAMBCQAMAAAAAsBDQAAAAAAAsBDQAAAAAAAsBDQAAAADAQkADAAAAALAQ0AAA
AAAALAQ0AAAAAAALAQ0AAAAAwEJAAwAAAACwENAAAAAAACwENAAAAAAACwENAAAAAMBCQAMAAAAA
sBDQAAAAAAAsBDQAAAAAAAsBDQAAAADAQkADAAAAALAQ0AAAAAAALAQ0AAAAAAALAQ0AAAAAwEJA
AwAAAACwENAAAAAAACwENAAAAAAACwENAAAAAMBCQAMAAAAAsBDQAAAAAAAsBDQAAAAAAAsBDQAA
AADAQkADAAAAALAQ0AAAAAAALAQ0AAAAAAALAQ0AAAAAwEJAAwAAAACwENAAAAAAACwENAAAAAAA
CwENAAAAAMBCQAMAAAAAsBDQAAAAAAAsBDQAAAAAAAsBDQAAAADAQkADAAAAALAQ0AAAAAAALAQ0
AAAAAAALAQ0AAAAAwEJAAwAAAACwENAAAAAAACwENAAAAAAACwENAAAAAMBCQAMAAAAAsBDQAAAA
AAAsBDQAAAAAAAsBDQAAAADAQkADAAAAALAQ0AAAAAAALAQ0AAAAAAALAQ0AAAAAwEJAAwAAAACw
ENAAAAAAACwENAAAAAAACwENAAAAAMBCQAMAAAAAsBDQAAAAAAAsBDQAAAAAAAsBDQAAAADAQkAD
AAAAALAQ0AAAAAAALAQ0AAAAAAALAQ0AAAAAwEJAAwAAAACwENAAAAAAACwENAAAAAAACwENAAAA
AMBCQAMAAAAAsBDQAAAAAAAsBDQAAAAAAAsBDQAAAADAQkADAAAAALAQ0AAAAAAALAQ0AAAAAAAL
AQ0AAAAAwEJAAwAAAACwENAAAAAAACwENAAAAAAACwENAAAAAMBCQAMAAAAAsBDQAAAAAAAsBDQA
AAAAAAsBDQAAAADAQkADAAAAALAQ0AAAAAAALAQ0AAAAAAALAQ0AAAAAwEJAAwAAAACwENAAAAAA
ACwENAAAAAAACwENAAAAAMBCQAMAAAAAsBDQAAAAAAAsBDQAAAAAAAsBDQAAAADAQkADAAAAALAQ
0AAAAAAALAQ0AAAAAAALAQ0AAAAAwEJAAwAAAACwENAAALV391F21/WBxz937jxknjOTZAiBEFAk
QJLyrELCg6KCrlosFZX60Nqintp21XVXz7bbbm237a4u9aFrUXdtrWw4olbUlfqACoQYtfhASQhQ
KIRESCbJTDKTmck83v0D4yHcO8kkcz+5Jnm9zuEP772/uZ97j2dO8j7ffH4AAACkEKABAAAAAEgh
QAMAAAAAkEKABgAAAAAghQANAAAAAEAKARoAAAAAgBQCNAAAAAAAKQRoAAAAAABSCNAAAAAAAKQQ
oAEAAAAASCFAAwAAAACQQoAGAAAAACCFAA0AAAAAQAoBGgAAAACAFAI0AAAAAAApBGgAAAAAAFII
0AAAAAAApBCgAQAAAABIIUADAAAAAJBCgAYAAAAAIIUADQAAAABACgEaAAAAAIAUAjQAAAAAACkE
aAAAAAAAUgjQAAAAAACkEKABAAAAAEghQAMAAAAAkEKABgAAAAAghQANAAAAAEAKARoAAAAAgBQC
NAAAAAAAKQRoAAAAAABSCNAAAAAAAKQQoAEAAAAASCFAAwAAAACQQoAGAAAAACCFAA0AAAAAQAoB
GgAAAACAFAI0AAAAAAApBGgAAAAAAFII0AAAAAAApBCgAQAAAABIIUADAAAAAJBCgAYAAAAAIIUA
DQAAAABACgEaAAAAAIAUAjQAAAAAACkEaAAAAAAAUgjQAAAAAACkEKABAAAAAEghQAMAAAAAkEKA
BgAAAAAghQANAAAAAEAKARoAAAAAgBQCNAAAAAAAKQRoAAAAAABSCNAAAAAAAKQQoAEAAAAASCFA
AwAAAACQQoAGAAAAACCFAA0AAAAAQAoBGgAAAACAFAI0AAAAAAApBGgAAAAAAFII0AAAAAAApBCg
AQAAAABIIUADAAAAAJBCgAYAAAAAIIUADQAAAABACgEaAAAAAIAUAjQAAAAAACkEaAAAAAAAUgjQ
AAAAAACkEKABAAAAAEghQAMAAAAAkEKABgAAAAAghQANAAAAAEAKARoAAAAAgBQCNAAAAAAAKQRo
AAAAAABSCNAAAAAAAKQQoAEAAAAASCFAAwAAAACQQoAGAAAAACCFAA0AAAAAQAoBGgAAAACAFAI0
AAAAAAApBGgAAAAAAFII0AAAAAAApBCgAQAAAABIIUADAAAAAJBCgAYAAAAAIIUADQAAAABACgEa
AAAAAIAUAjQAAAAAACkEaAAAAAAAUgjQAAAAAACkEKABAAAAAEghQAMAAAAAkEKABgAAAAAghQAN
AAAAAEAKARoAAAAAgBQCNAAAAAAAKQRoAAAAAABSCNAAAAAAAKQQoAEAAAAASCFAAwAAAACQQoAG
AAAAACCFAA0AAAAAQAoBGgAAAACAFAI0AAAAAAApBGgAAAAAAFII0AAAAAAApBCgAQAAAABIIUAD
AAAAAJBCgAYAAAAAIIUADQAAAABACgEaAAAAAIAUAjQAAAAAACkEaAAAAAAAUgjQAAAAAACkEKAB
AAAAAEghQAMAAAAAkEKABgAAAAAghQANAAAAAEAKARoAAAAAgBQCNAAAAAAAKQRoAAAAAABSCNAA
AAAAAKQQoAEAAAAASCFAAwAAAACQQoAGAAAAACCFAA0AAAAAQAoBGgAAAACAFAI0AAAAAAApBGgA
AAAAAFII0AAAAAAApBCgAQAAAABIIUADAAAAAJBCgAYAAAAAIIUADQAAAABACgEaAAAAAIAUAjQA
AAAAACkEaAAAAAAAUgjQAAAAAACkEKABAAAAAEghQAMAAAAAkEKABgAAAAAghQANAAAAAEAKARoA
AAAAgBQCNAAAAAAAKQRoAAAAAABSCNAAAAAAAKQQoAEAAAAASCFAAwAAAACQQoAGAAAAACCFAA0A
AAAAQAoBGgAAAACAFAI0AAAAAAApBGgAAAAAAFII0AAAAAAApBCgAQAAAABIIUADAAAAAJBCgAYA
AAAAIIUADQAAAABACgEaAAAAAIAUAjQAAAAAACkEaAAAAAAAUgjQAAAAAACkEKABAAAAAEghQAMA
AAAAkEKABgAAAAAghQANAAAAAEAKARoAAAAAgBQCNAAAAAAAKQRoAAAAAABSCNAAAAAAAKQQoAEA
AAAASCFAAwAAAACQQoAGAAAAACCFAA0AAAAAQAoBGgAAAACAFAI0AAAAAAApBGgAAAAAAFII0AAA
AAAApBCgAQAAAABIUV/rAY5H6x4aibUPjcSGTWOxpXc8hoanolSq9VQAAAAAcOwpFCJaW+ri5J6G
WLakMVYubY6LlzbXeqzjRqFUkj6PlM+tHYhb1+yJJ3vHaz0KAAAAABy3FvU0xHWXtsXrVnbUepRj
ngB9BGzYPBofuq0/HnxstNajAAAAAAA/d+ZpTfHea7pi2eKmWo9yzBKgk339J3viAzfvtGIDAAAA
AH4JFQoRf/zGeXH1eW21HuWYZAd0oq//ZE/86Wd31noMAAAAAGAapVL8ouGJ0NVXV+sBjlUbNo/G
B24WnwEAAADgaPCBm3fGhs1W6FabAJ3kQ7f1W7sBAAAAAEeJUunppkd1CdAJPrd2wA0HAQAAAOAo
8+Bjo/G5tQO1HuOYIkAnuHXNnlqPAAAAAAAcBm2vugToKlv30Eg82Tte6zEAAAAAgMPwZO94rHto
pNZjHDME6Cpb6/+cAAAAAHBU0/iqR4Cusg2bxmo9AgAAAAAwCxpf9QjQVbbF+g0AAAAAOKppfNUj
QFfZ0PBUrUcAAAAAAGZB46seAbrKSqVaTwAAAAAAzIbGVz0CNAAAAAAAKQRoAAAAAABSCNAAAAAA
AKQQoAEAAAAASCFAAwAAAACQQoAGAAAAACCFAA0AAAAAQAoBGgAAAACAFAI0AAAAAAApBGgAAAAA
AFII0AAAAAAApBCgAQAAAABIIUADAAAAAJBCgAYAAAAAIIUADQAAAABACgEaAAAAAIAUAjQAAAAA
ACkEaAAAAAAAUgjQAAAAAACkEKABAAAAAEghQAMAAAAAkEKABgAAAAAghQANAAAAAEAKARoAAAAA
gBQCNAAAAAAAKQRoAAAAAABSCNAAAAAAAKQQoAEAAAAASCFAAwAAAACQQoAGAAAAACCFAA0AAAAA
QAoBGgAAAACAFAI0AAAAAAApBGgAAAAAAFII0AAAAAAApBCgAQAAAABIIUADAAAAAJBCgAYAAAAA
IIUADQAAAABACgEaAAAAAIAUAjQAAAAAACkEaAAAAAAAUgjQAAAAAACkEKABAAAAAEghQAMAAAAA
kEKABgAAAAAghQANAAAAAEAKARoAAAAAgBQCNAAAAAAAKeprPQAAABxpnR3FuPCMprLHdwxMxn0P
j9ZgoqNTz7z/M0/4AAAafUlEQVT6WHFaY9njT+6ciI2PjdVgIgAAftkI0AAAHHeWnFAff379grLH
1z00Eu95uLcGEx2dVpzWWPF7/Mq9e2LjYztrMBEAAL9srOAAAAAAACCFE9AAAOxn1Tkt8cG3lJ9q
PZDJqYiJyVIMjkzF9oHJeKx3LO57fDS+/ePhGBqeSpoUAAD4ZSdAAwAwa8W6iGJdIZoaijG/oxhn
ndwYrzi/Ld71yu6441+G4tPf2h1bt0/UekwAAOAIs4IDAIA0zY2FeNWFbfGZdy2Mq1/QWutxAACA
I0yABgAgXUdzMf7wtfPj1avaaj0KAABwBFnBAQDAjOwdL8UjT41VfK6hWIjO1rqY316M+mKh4mvq
6yLe/arueHjLWDz4eOWfAwAAHFsEaAAAZmTrrom44cNbD/iars5iXHl+S7zxso44obP8j5pzGgrx
jpfPjXf9bW/WmAAAwC8RKzgAAKia/t2T8YXvDsab/udTsWHzaMXXXPjc5li8sOEITwYAANSCAA0A
QNUN7pmKP1m9M0bHS2XPFesiLl3eXIOpAACAI80KDgAAUvxs23j88JGRuPSslrLnTu05tBPQv/K8
prhiRUuce+qcWNBRjI6WuiiVIgb3TkX/4GTcv3k0vrdxb6z9l+FqjT8jDQ2FWLWiOVae3RxnLmqM
ua3FaG+ui6lSxMDwVOwcnIz7Nu2Nu9cPx08eqnwifKbmzCnEK17QFueeOieet6g+5rYWo6Xx6fMk
AyNTsXtoMjb+bCzWPjAS99w/EhMT5fF/Jlqa6+Kqi1rjsrObY0lPQ8xtKUaxLmL38FRs2TkR9zw4
HF/7wVDsHpic1ecBAOD4IEADAJDm0a3jcelZ5Y93tszsH+ItP70p3n5VZ1z43MonppsaijG/vRjP
W9QYv/aC9ti4ZSw++c1d8f31I7MZe0ZetbIt3nplZyycW/mP1HM6i9HTWYyzTm6M16/siPVPjMZN
X98VP3pw7yG9z5w5hXjbK+bGKy9oi/bmyt/b/Panv4fnLmyMV17QFr27J+PT39kdX14zeEjv9eIL
WuIPXtlVcX/3go5iLOgoxnmnNcX1qzriY1/rj4mpw4vcAAAcPwRoAADSDO6dOuxrX39lR7zz6q6o
L878mrNObowP/WZPfPwb/bH6WwOH/d4H0tJcF3/+5vlx8dJDWyOy/JSm+NgNJ8TNdw/Ex7/cP6Nr
Tl/cGH/x5vmxeN6hnRjv6SzG+1/THWcvboy/XL1zRtf85tWd8baXzo1C4eCvnddejD953fy4c8OR
PXEOAMDRR4AGACDN/PbK9bhvz4HXN9zwys74rRfNLIY+W7Eu4veu7oqIqHqEbm+ri4+87YQ46+TG
w7q+UIh40+UdMbe1Lv7iIGF4yaKG+MgNPdHddggF/llefWFb7Bqair89SPC+9or2GcfnfQqFiBct
L1+vAgAAzyRAAwCQ5vzT5lR8fOuu6QP0Fee1xFuuqBxDJ6ciNm4Zjaf6J6NYjOjpKMaZJzdF/bM2
UxQKETe8ZG7c+/DeeHjT2Gw+wn7e9+vzpo3PYxOleGDLWGzfPRn1xYiTuuvjeSc2Vvwcr7qwLR7b
Nh63fHv6QP6Hr51XMT5PlSL++ZGR+Mljo7FjcDJam+ri9IUNcfmy5uhoLn/99ava41s/GYpHnqj8
PSxcUB/veNn08Xl4dCoeenI8dg1NRtucQjx3YeOsojgAAMcXARoAgBRXPb81lp5UHmunShHf+Wnl
1Q3tbXXxH1/THcUKq47XPzEaf/XFvnh08/4hdfGJDfH+a7vj/OfsH7vnNBTi7VfPjf/wid7D/xDP
8IpLWuPKX6l84vc764fjw7f1x/a+if0eX/bcpnj/td1x+sLy7+HtL5sbP3x4b9nniYh4/vLmWLGk
qezxPXun4o9W74gfVNhx/ZkTGuJDb50fpy7Y/73qi4V47ar2aVdx/O4r5kbbnPIvfKoU8cV1g/Gp
r++KwT37r1J5zWXt8Y6rOisGbwAAeKaZ3f0FAAAOwYvOb4n3XtNd8bn7N43G5q3jFZ97/RXtFU/X
PvSzsfj9m7ZVjLWbnxqP3//bbbFxS4WQe3pznHTCoe1Pns71qzoqPv6Ve/fEH356e1l8jojY8Oho
vONvtsXDT5bP1tRQiN+4or3iz1x1VuX90p+5c3fF+BwR8bNt4/HBL/VVfO6C51Q+id7ZUYxLz64c
1f/hzt1x4xf6yuJzRMSX7h6M93x6e8XrAADgmQRoAABmrbWlLk4/pTFetbItbnx7T/y331hQ8VTt
2EQpPvLV6fcR/+pF5UF2cirig7f1xd69pWmvm5qM+MQ3d5U9Xl+MeMl5s99TfNm5LfHcCqeYf9Y3
ER+8tXL03WdoeCr+7NadMTFZPv+Ll7fG/O7yf5S4aft4fOOnQ2X/rZkmPu/z4wdHY+uu8hB+Yld9
NDSU79h4xUWtMafC44/1jsUnvlr+fT7ThkdH456NB54HAACs4AAAYEZOXdAQ625cctjXl0oRn7pj
V2x8bLTi8xecOSfmVbhp4X2P740Nj1a+5pl+sH4k+vZMlp2gPvswbxj4TCvPrnwi+R+/PxgTE9OH
8X0eeWIs1mwcKbtpX1NDIVYta47b1gzu9/gX7xyML8b+j83UjoHJWDh3/z/m1xUi5s0txtbt+8fp
5RXWfEREfPmHQzN6rzvuG5r2tDYAAEQ4AQ0AwBEwMRnx0dv74+ZvTn/TvYvOqLwm4nsPzfyU7bYK
Nzdc0jP7FRzLTymP2JNTEd+4t/Iu60ru3lD5teecOvtA/kxT5RszIuLp2P1spy8s/26mShHfnmZH
97NNTB08vgMAcHxzAhoAgFTrnxiND3+1/6CnmJ8zza7m33t5V/zey7sO+/3bmmZ/5uKUeeWzbd01
ETsrrLuYzo/+tfLnX7JgZgF68cKGuPLcljhjUWOcMr8+utuLMaehLuY0FKJQ3pZn5ITO8r8O7BiY
jB0V9lkDAMDhEKABAEjz+XWDcePnD7wjeZ/O5vL1G9VQaRf1oejqrI/6Ynnh7d1dftr6QLb3TcSe
vVNl83S0HHi+C86aE2976dxYvqQp6g4zNFcyp6lQ8VT0jkHxGQCA6hGgAQCYsR//296Kj5//nMrr
M154xpyory/MaE9y65wq1tVnKM6y2s7rrByIR8am2XVxACNjpWh71lfVdoDP/Z7Xdsevv7D9sE84
H0hXR+W/Cuwds1YDAIDqEaABAJiRx7ePxzv/ZlvF5zo7inHr+06MjmedYl48ryGue1F7rP7W9Luf
92mozwnQR6v3vb47rnl+e8XnJqYiHu8di5/tnIg9o1Mx/ozAP901AABQCwI0AACztntgMr6wbjDe
+uK5Zc9dv6ojbrtnTwyPHPjE8HQnb9/410/FxOThn8qd7X3ydu6uPHdz46Gv9mhuLI/se/aWD7jq
nJb41YvKQ/JUKeKr9w7G331rILbtqLwq4zk9jfErpzYddJb+gcrXV1rLAQAAh0uABgCgKj57x0C8
+sL2mN+x/ynoee3FePNLO+Kmr+w64PW7hyvvVC4UIjY9OV61OQ9V/+6JmJgsle2Bnt9xaAF63tz6
aK1wQ8TBCmH+1y9pq7h24399vX9Gp8lnYu9oKUbHS2XBeV57zi5uAACOT7O/JTgAAETE3r2luGVt
5Th67QvbY97cA5992DbNTf0uOL3yfukjafPO8gB+YldDdHbMPNaee3pjxai8afv+P7uhoRDnnVb+
mZ/YMV61+LzP1t3lp6AXdNRHV6dzKgAAVIcADQBA1dz63cHY0lceNdvm1MVbr+o44LU/eqTyDQ6v
XNFSldlmY/0TY2WP1ddFvPSCmc922dmVX3vf46P7/e9FC+qjscI+7Ee3zuwU+EzWb+zzSIWT5cW6
iBed2zyj6xut6wAA4CAEaAAAqmZiohSfvXN3xef+3fltsXhhw7TXrt0wEqPj5fuQl5/SFFdeOPPQ
29VZjD998/zo6qzeKom1G0cqPn7tC9uibgZvs3hhQ1y+rPwzjI6X4p71+//s7vbKf0SfM4PY23CI
QfinmypH/1df2Daj619+XushvR8AAMcfARoAgKr6yj174tGt5SeGmxoKccNV5Tcp3Gdwz1R846dD
ZY8XChHvvaY7Vpx+8JO9C7rr43/81oJ42bmt8de/03NIKzIO5K6fDMe/9ZZ/plMXNMa7fq37gNc2
NBTij66bV/Hmft9dPxTbn3VivG+w8k0PVyxpOuhqjP9y/fwDPv9s//SDodizt/z9lp7UGG+5uvOA
1563tCkuOn1mJ6UBADh+CdAAAFTdp79d+RT0i1a0xFmnTR+S//6OgRgZKz8FPbelGDe+tSfedFVH
1FdYTzGnqRCvuaw9/v5dC2P5KU///KUnNcaHb6hehF69ZrDi46+9uD3+9M3zK+64ft6Sxvj4O0+o
uBZjdLwU//fO8p+56cnx2LmnfB9225y6+Mu3VH6fM5Y0xk1/sDBees6hrSsZGp6K76wfrvjcDS+Z
G3/wa13R2rL/XxkaGgpx3Ys74kO/2XNI7wUAwPHJ3UUAAKi67/xoONZfOvqLGLxPfV3E267qjHff
1Fvxuqe2j8dHv9Yf/+ma7rIb9rXNqYvfvaor3nRZZ2zYPBo7Biejvi5iXnsxzjypKdqby89WLF3U
GBeeMSe+fW/5yepD9bW1e+KSpc3x4uXlkfdl57bGFctb4oEtY7F992QU6yJO7KqPM0+qfOPBiIhP
3rErHtlcfqo6IuLO9cNx7Qvbyx4/59Sm+Nz7Toz7Hh+NHQOT0dpUFyfPq48zFk3/Pvu0NFV+wSdv
3x2XntUcXa37h/piXcQbVnXEqy9qi0eeGo+BkcnobC7G4gX1Za8FAIDpCNAAAKT433fsjr/+rZ6y
MPqC5zXH85c3xw/XV96rfNuawThlQX28YVXlmxa2N9fFC8+Y2eqHm+8eqEp83ue/f74vFv08LD9b
Y30hzp3hDQBv//GeWP2tgWmf/7tvDsTFS5tjUVf5H9dbm+rikqWHvvqiq61yNN65ayI+dnt//Odr
50d9hX8f2dpUF+ccwo0NAQDgmazgAAAgxQ/Wj8S9j5ZH5kIh4oaXHHi/8Ef/sT9u/Gp/jE2Ur+OY
ibGJUtz0zV3x8S/3H9b10xkYnIx3fnxbfP/hyvH8YEqliNVrBuLPbt55wNft3DUR7/+H7dE/VL6K
40C2D0zGXRsqr9RYvGD6G0D+07qh+MjX+mKy8vrpikqliI/d3h97K9w4EgAA9hGgAQBI86lv7o6p
Cn1y+SlNceWFrQe89vPfHYjf/putcdeG4RmH0VIp4qePj8bvfmJbfObrlfdQz9bwyFS8+6be+Ksv
9cXWXRMHv+DnNm4Zi3//6d742JdmFsX/ddNY/PZHZxa7S6WIdQ+NxO98bGuse3hvxdecedL0AToi
4gvfHYz3/n1vbOk7+GfaMTgZ//VzO2L1HQOxe/jQIjkAAMcXKzgAAEhz/yOjseaB4bh8Wfne5N9+
ScdB12M88sRYvP//bI9TT2qIy1e0xAXPaYpF3Q3R3lyIlqZiTEyWYmjvVDzZNxHrN4/Gt+8bjg2P
jmZ9nP18ec1g3P79PXHZOc1xyZnNcebJjdHZXIz25roolSIGRqaib3Ay/mXTaKx5YCT++YFDPzX9
1PbxePdNvXHu0qa4+vzWWLGkKbpai9HeXIy9Y1PRt2cy1j8xGrf/aCh+tPHp8HzP/SMx8epS1Bf3
331y0enNUVeMmDpAL/7++pF4078+GS+9sDVevKIllvQ0RHdrMQqFiN3DU7F5x3isfXAk/t8PhmJg
8OkftGvPVJxw4APtAAAcxwqlUsm/mauii9+zqdYjAAAAAACztO7GJbUe4ZhgBQcAAAAAACkEaAAA
AAAAUgjQAAAAAACkEKABAAAAAEghQAMAAAAAkEKABgAAAAAghQANAAAAAEAKARoAAAAAgBQCNAAA
AAAAKQRoAAAAAABSCNAAAAAAAKQQoAEAAAAASCFAAwAAAACQQoAGAAAAACCFAA0AAAAAQAoBGgAA
AACAFAI0AAAAAAApBGgAAAAAAFII0AAAAAAApBCgAQAAAABIIUADAAAAAJBCgAYAAAAAIIUADQAA
AABACgEaAAAAAIAUAjQAAAAAACkEaAAAAAAAUgjQAAAAAACkEKABAAAAAEghQAMAAAAAkEKABgAA
AAAghQANAAAAAEAKARoAAAAAgBQCNAAAAAAAKQRoAAAAAABSCNAAAAAAAKQQoAEAAAAASCFAAwAA
AACQQoAGAAAAACCFAA0AAAAAQAoBGgAAAACAFAI0AAAAAAApBGgAAAAAAFII0AAAAAAApBCgAQAA
AABIIUADAAAAAJBCgAYAAAAAIIUADQAAAABACgEaAAAAAIAUAjQAAAAAACkEaAAAAAAAUgjQAAAA
AACkEKABAAAAAEghQAMAAAAAkEKArrJCodYTAAAAAACzofFVjwBdZa0tvlIAAAAAOJppfNXjm6yy
k3saaj0CAAAAADALGl/1CNBVtmxJY61HAAAAAABmQeOrHgG6ylYuba71CAAAAADALGh81SNAV9nF
S5tjkSP6AAAAAHBUWtTTEBcL0FUjQCe47tK2Wo8AAAAAABwGba+6BOgEr1vZEWee1lTrMQAAAACA
Q3DmaU3xupUdtR7jmCJAJ3nvNV1RKNR6CgAAAABgJgqFp5se1SVAJ1m2uCn++I3zaj0GAAAAADAD
f/zGebFssa0G1VZf6wGOZVef9/S+mA/cvDNKpRoPAwAAAACUKRSejs/7Wh7VVSiVpNFsGzaPxodu
648HHxut9SgAAAAAwM+deVpTvPeaLiefEwnQR9Dn1g7ErWv2xJO947UeBQAAAACOW4t6GuK6S9vc
cPAIEKBrYN1DI7H2oZHYsGkstvSOx9DwlBUdAAAAAJCgUIhobamLk3saYtmSxli5tDkuXtpc67GO
GwI0AAAAAAAp6mo9AAAAAAAAxyYBGgAAAACAFAI0AAAAAAApBGgAAAAAAFII0AAAAAAApBCgAQAA
AABIIUADAAAAAJBCgAYAAAAAIIUADQAAAABACgEaAAAAAIAUAjQAAAAAACkEaAAAAAAAUgjQAAAA
AACkEKABAAAAAEghQAMAAAAAkEKABgAAAAAghQANAAAAAEAKARoAAAAAgBQCNAAAAAAAKQRoAAAA
AABSCNAAAAAAAKQQoAEAAAAASCFAAwAAAACQQoAGAAAAACCFAA0AAAAAQAoBGgAAAACAFAI0AAAA
AAApBGgAAAAAAFII0AAAAAAApBCgAQAAAABIIUADAAAAAJBCgAYAAAAAIIUADQAAAABACgEaAAAA
AIAUAjQAAAAAACkEaAAAAAAAUgjQAAAAAACkEKABAAAAAEghQAMAAAAAkEKABgAAAAAghQANAAAA
AEAKARoAAAAAgBQCNAAAAAAAKQRoAAAAAABSCNAAAAAAAKQQoAEAAAAASCFAAwAAAACQQoAGAAAA
ACCFAA0AAAAAQAoBGgAAAACAFAI0AAAAAAApBGgAAAAAAFII0AAAAAAApBCgAQAAAABIIUADAAAA
AJBCgAYAAAAAIIUADQAAAABACgEaAAAAAIAUAjQAAAAAACkEaAAAAAAAUgjQAAAAAACkEKABAAAA
AEghQAMAAAAAkEKABgAAAAAghQANAAAAAEAKARoAAAAAgBQCNAAAAAAAKQRoAAAAAABSCNAAAAAA
AKQQoAEAAAAASCFAAwAAAACQQoAGAAAAACCFAA0AAAAAQIr6LVseqPUMAAAAAAAcg5yABgAAAAAg
hQANAAAAAEAKARoAAAAAgBSF0sRQqdZDAAAAAABw7HECGgAAAACAFAI0AAAAAAApBGgAAAAAAFII
0AAAAAAApBCgAQAAAABIIUADAAAAAJBCgAYAAAAAIIUADQAAAABACgEaAAAAAIAUAjQAAAAAACkE
aAAAAAAAUgjQAAAAAACkEKABAAAAAEghQAMAAAAAkEKABgAAAAAghQANAAAAAEAKARoAAAAAgBQC
NAAAAAAAKQRoAAAAAABSCNAAAAAAAKQQoAEAAAAASCFAAwAAAACQQoAGAAAAACCFAA0AAAAAQAoB
GgAAAACAFAI0AAAAAAApBGgAAAAAAFII0AAAAAAApBCgAQAAAABIIUADAAAAAJCivtYDAADHjr6+
/rjzrrvj/vs3xLbe3picnKz1SADMQLFYjBN6emLFimVxxeWXRXd3V61HAgCOEYXSxFCp1kMAAEe/
e9Z+L1bfcqvoDHCUKxaLcf0brotVKy+p9SgAwDHACWgAYNbuWfu9+OzNt9R6DACqYHJy8he/00Vo
AGC27IAGAGalr68/Vt9ya63HAKDKVt9ya/T19dd6DADgKCdAAwCzcuddd1u7AXAMmpycjDvvurvW
YwAARzkBGgCYlfvv31DrEQBI4nc8ADBbAjQAMCvbentrPQIASfyOBwBmS4AGAAAAACCFAA0AzMoJ
PT21HgGAJH7HAwCzJUADALOyYsWyWo8AQBK/4wGA2RKgAYBZueLyy6JYLNZ6DACqrFgsxhWXX1br
MQCAo5wADQDMSnd3V1z/hutqPQYAVXb9G66L7u6uWo8BABzl6ms9AABw9Fu18pKIiFh9y60xOTlZ
42kAmI1isRjXv+G6X/xuBwCYjUJpYqhU6yEAgGNDX19/3HnX3XH//RtiW2+vGA1wlCgWi3FCT0+s
WLEsrrj8MiefAYCqEaABAAAAAEhhBzQAAAAAACkEaAAAAAAAUgjQAAAAAACkEKABAAAAAEghQAMA
AAAAkEKABgAAAAAghQANAAAAAEAKARoAAAAAgBQCNAAAAAAAKQRoAAAAAABSCNAAAAAAAKQQoAEA
AAAASCFAAwAAAACQQoAGAAAAACCFAA0AAAAAQAoBGgAAAACAFAI0AAAAAAApBGgAAAAAAFII0AAA
AAAApBCgAQAAAABIIUADAAAAAJBCgAYAAAAAIIUADQAAAABACgEaAAAAAIAUAjQAAAAAACkEaAAA
AAAAUgjQAAAAAACkEKABAAAAAEghQAMAAAAAkEKABgAAAAAghQANAAAAAEAKARoAAAAAgBQCNAAA
AAAAKQRoAAAAAABS/H/+HBGsSt+AOwAAAABJRU5ErkJggg==
" width="800px"&gt;</msg>
<status status="PASS" starttime="20221130 22:23:18.398" endtime="20221130 22:23:18.828"/>
</kw>
<msg timestamp="20221130 22:23:18.828" level="FAIL">Element locator '//android.widget.Button[contains(@text, 'Fermer')]' did not match any elements after 10 seconds</msg>
<status status="FAIL" starttime="20221130 22:23:08.149" endtime="20221130 22:23:18.828"/>
</kw>
<kw name="Click Button" library="AppiumLibrary">
<arg>Fermer</arg>
<doc>Click button</doc>
<status status="NOT RUN" starttime="20221130 22:23:18.833" endtime="20221130 22:23:18.833"/>
</kw>
<kw name="Click Element" library="AppiumLibrary">
<arg>//android.widget.ImageView[contains(@resource-id, 'com.gozem.merchant.test:id/ivScan')]</arg>
<doc>Click element identified by `locator`.</doc>
<status status="NOT RUN" starttime="20221130 22:23:18.834" endtime="20221130 22:23:18.834"/>
</kw>
<kw name="Wait Until Element Is Visible" library="AppiumLibrary">
<arg>//android.widget.Button[contains(@text, 'While using the app')]</arg>
<arg>timeout=10</arg>
<doc>Waits until element specified with `locator` is visible.</doc>
<status status="NOT RUN" starttime="20221130 22:23:18.835" endtime="20221130 22:23:18.835"/>
</kw>
<kw name="Click Button" library="AppiumLibrary">
<arg>While using the app</arg>
<doc>Click button</doc>
<status status="NOT RUN" starttime="20221130 22:23:18.836" endtime="20221130 22:23:18.836"/>
</kw>
<kw name="Wait Until Element Is Visible" library="AppiumLibrary">
<arg>//android.widget.Button[contains(@text, 'Allow')]</arg>
<arg>timeout=10</arg>
<doc>Waits until element specified with `locator` is visible.</doc>
<status status="NOT RUN" starttime="20221130 22:23:18.837" endtime="20221130 22:23:18.837"/>
</kw>
<kw name="Click Button" library="AppiumLibrary">
<arg>Allow</arg>
<doc>Click button</doc>
<status status="NOT RUN" starttime="20221130 22:23:18.837" endtime="20221130 22:23:18.837"/>
</kw>
<kw name="Wait Until Element Is Visible" library="AppiumLibrary">
<arg>//android.widget.Button[contains(@text, 'Ok')]</arg>
<arg>timeout=10</arg>
<doc>Waits until element specified with `locator` is visible.</doc>
<status status="NOT RUN" starttime="20221130 22:23:18.838" endtime="20221130 22:23:18.838"/>
</kw>
<kw name="Click Button" library="AppiumLibrary">
<arg>Ok</arg>
<doc>Click button</doc>
<status status="NOT RUN" starttime="20221130 22:23:18.838" endtime="20221130 22:23:18.838"/>
</kw>
<kw name="Wait Until Element Is Visible" library="AppiumLibrary">
<arg>//android.widget.TextView[contains(@text, "Scanner le code")]</arg>
<arg>timeout=8</arg>
<doc>Waits until element specified with `locator` is visible.</doc>
<status status="NOT RUN" starttime="20221130 22:23:18.839" endtime="20221130 22:23:18.839"/>
</kw>
<status status="FAIL" starttime="20221130 22:22:48.109" endtime="20221130 22:23:18.839">Element locator '//android.widget.Button[contains(@text, 'Fermer')]' did not match any elements after 10 seconds</status>
</test>
<status status="FAIL" starttime="20221130 22:22:47.859" endtime="20221130 22:23:18.842"/>
</suite>
<statistics>
<total>
<stat pass="0" fail="1" skip="0">All Tests</stat>
</total>
<tag>
</tag>
<suite>
<stat pass="0" fail="1" skip="0" id="s1" name="DigitalProducts">DigitalProducts</stat>
</suite>
</statistics>
<errors>
</errors>
</robot>
